<?xml version="1.0" encoding="UTF-8"?>
<coverage generated="1771410007353" clover="3.2.0">
  <project timestamp="1771410007353" name="All files">
    <metrics statements="873" coveredstatements="829" conditionals="374" coveredconditionals="307" methods="347" coveredmethods="320" elements="1594" coveredelements="1456" complexity="0" loc="873" ncloc="873" packages="34" files="74" classes="74"/>
    <package name="app">
      <metrics statements="1" coveredstatements="1" conditionals="0" coveredconditionals="0" methods="1" coveredmethods="1"/>
      <file name="App.tsx" path="/Users/I5285/Documents/GitHub/ale-enterprise-poc/frontend/src/app/App.tsx">
        <metrics statements="1" coveredstatements="1" conditionals="0" coveredconditionals="0" methods="1" coveredmethods="1"/>
        <line num="9" count="2" type="stmt"/>
      </file>
    </package>
    <package name="app.providers">
      <metrics statements="24" coveredstatements="24" conditionals="4" coveredconditionals="4" methods="7" coveredmethods="7"/>
      <file name="AuthProvider.tsx" path="/Users/I5285/Documents/GitHub/ale-enterprise-poc/frontend/src/app/providers/AuthProvider.tsx">
        <metrics statements="19" coveredstatements="19" conditionals="4" coveredconditionals="4" methods="5" coveredmethods="5"/>
        <line num="12" count="2" type="stmt"/>
        <line num="14" count="2" type="stmt"/>
        <line num="15" count="11" type="stmt"/>
        <line num="16" count="7" type="stmt"/>
        <line num="17" count="7" type="cond" truecount="2" falsecount="0"/>
        <line num="20" count="11" type="stmt"/>
        <line num="21" count="3" type="stmt"/>
        <line num="22" count="3" type="stmt"/>
        <line num="23" count="3" type="stmt"/>
        <line num="26" count="11" type="stmt"/>
        <line num="27" count="1" type="stmt"/>
        <line num="28" count="1" type="stmt"/>
        <line num="29" count="1" type="stmt"/>
        <line num="32" count="11" type="stmt"/>
        <line num="39" count="2" type="stmt"/>
        <line num="40" count="12" type="stmt"/>
        <line num="41" count="11" type="cond" truecount="2" falsecount="0"/>
        <line num="42" count="2" type="stmt"/>
        <line num="44" count="9" type="stmt"/>
      </file>
      <file name="QueryProvider.tsx" path="/Users/I5285/Documents/GitHub/ale-enterprise-poc/frontend/src/app/providers/QueryProvider.tsx">
        <metrics statements="3" coveredstatements="3" conditionals="0" coveredconditionals="0" methods="1" coveredmethods="1"/>
        <line num="4" count="2" type="stmt"/>
        <line num="18" count="2" type="stmt"/>
        <line num="19" count="4" type="stmt"/>
      </file>
      <file name="ThemeProvider.tsx" path="/Users/I5285/Documents/GitHub/ale-enterprise-poc/frontend/src/app/providers/ThemeProvider.tsx">
        <metrics statements="2" coveredstatements="2" conditionals="0" coveredconditionals="0" methods="1" coveredmethods="1"/>
        <line num="3" count="2" type="stmt"/>
        <line num="4" count="4" type="stmt"/>
      </file>
    </package>
    <package name="components.common">
      <metrics statements="8" coveredstatements="8" conditionals="0" coveredconditionals="0" methods="4" coveredmethods="4"/>
      <file name="ComingSoonPage.tsx" path="/Users/I5285/Documents/GitHub/ale-enterprise-poc/frontend/src/components/common/ComingSoonPage.tsx">
        <metrics statements="4" coveredstatements="4" conditionals="0" coveredconditionals="0" methods="2" coveredmethods="2"/>
        <line num="17" count="1" type="stmt"/>
        <line num="18" count="3" type="stmt"/>
        <line num="20" count="3" type="stmt"/>
        <line num="48" count="1" type="stmt"/>
      </file>
      <file name="NotFoundPage.tsx" path="/Users/I5285/Documents/GitHub/ale-enterprise-poc/frontend/src/components/common/NotFoundPage.tsx">
        <metrics statements="4" coveredstatements="4" conditionals="0" coveredconditionals="0" methods="2" coveredmethods="2"/>
        <line num="10" count="1" type="stmt"/>
        <line num="11" count="3" type="stmt"/>
        <line num="13" count="3" type="stmt"/>
        <line num="40" count="1" type="stmt"/>
      </file>
    </package>
    <package name="components.common.DataGrid">
      <metrics statements="16" coveredstatements="16" conditionals="6" coveredconditionals="6" methods="9" coveredmethods="9"/>
      <file name="hooks.ts" path="/Users/I5285/Documents/GitHub/ale-enterprise-poc/frontend/src/components/common/DataGrid/hooks.ts">
        <metrics statements="16" coveredstatements="16" conditionals="6" coveredconditionals="6" methods="9" coveredmethods="9"/>
        <line num="13" count="1" type="cond" truecount="1" falsecount="0"/>
        <line num="14" count="8" type="stmt"/>
        <line num="19" count="8" type="stmt"/>
        <line num="20" count="2" type="stmt"/>
        <line num="23" count="8" type="stmt"/>
        <line num="24" count="1" type="stmt"/>
        <line num="27" count="8" type="stmt"/>
        <line num="30" count="1" type="stmt"/>
        <line num="31" count="11" type="stmt"/>
        <line num="36" count="11" type="stmt"/>
        <line num="37" count="6" type="stmt"/>
        <line num="44" count="11" type="stmt"/>
        <line num="47" count="1" type="cond" truecount="1" falsecount="0"/>
        <line num="48" count="1" type="stmt"/>
        <line num="49" count="1" type="stmt"/>
        <line num="51" count="1" type="stmt"/>
      </file>
    </package>
    <package name="components.common.EmptyState">
      <metrics statements="15" coveredstatements="15" conditionals="6" coveredconditionals="6" methods="7" coveredmethods="7"/>
      <file name="EmptyState.tsx" path="/Users/I5285/Documents/GitHub/ale-enterprise-poc/frontend/src/components/common/EmptyState/EmptyState.tsx">
        <metrics statements="2" coveredstatements="2" conditionals="6" coveredconditionals="6" methods="1" coveredmethods="1"/>
        <line num="14" count="1" type="stmt"/>
        <line num="20" count="5" type="stmt"/>
      </file>
      <file name="hooks.ts" path="/Users/I5285/Documents/GitHub/ale-enterprise-poc/frontend/src/components/common/EmptyState/hooks.ts">
        <metrics statements="13" coveredstatements="13" conditionals="0" coveredconditionals="0" methods="6" coveredmethods="6"/>
        <line num="11" count="1" type="stmt"/>
        <line num="12" count="12" type="stmt"/>
        <line num="13" count="12" type="stmt"/>
        <line num="15" count="12" type="stmt"/>
        <line num="16" count="2" type="stmt"/>
        <line num="19" count="12" type="stmt"/>
        <line num="20" count="3" type="stmt"/>
        <line num="23" count="12" type="stmt"/>
        <line num="24" count="1" type="stmt"/>
        <line num="27" count="12" type="stmt"/>
        <line num="28" count="1" type="stmt"/>
        <line num="29" count="1" type="stmt"/>
        <line num="32" count="12" type="stmt"/>
      </file>
    </package>
    <package name="components.common.ErrorBoundary">
      <metrics statements="29" coveredstatements="28" conditionals="4" coveredconditionals="4" methods="12" coveredmethods="11"/>
      <file name="ErrorBoundary.tsx" path="/Users/I5285/Documents/GitHub/ale-enterprise-poc/frontend/src/components/common/ErrorBoundary/ErrorBoundary.tsx">
        <metrics statements="8" coveredstatements="8" conditionals="2" coveredconditionals="2" methods="5" coveredmethods="5"/>
        <line num="14" count="8" type="stmt"/>
        <line num="15" count="7" type="stmt"/>
        <line num="19" count="6" type="stmt"/>
        <line num="23" count="3" type="stmt"/>
        <line num="27" count="14" type="cond" truecount="2" falsecount="0"/>
        <line num="28" count="6" type="stmt"/>
        <line num="32" count="1" type="stmt"/>
        <line num="39" count="8" type="stmt"/>
      </file>
      <file name="hooks.ts" path="/Users/I5285/Documents/GitHub/ale-enterprise-poc/frontend/src/components/common/ErrorBoundary/hooks.ts">
        <metrics statements="21" coveredstatements="20" conditionals="2" coveredconditionals="2" methods="7" coveredmethods="6"/>
        <line num="8" count="1" type="stmt"/>
        <line num="9" count="16" type="stmt"/>
        <line num="14" count="16" type="stmt"/>
        <line num="15" count="6" type="stmt"/>
        <line num="21" count="16" type="stmt"/>
        <line num="22" count="1" type="stmt"/>
        <line num="28" count="16" type="stmt"/>
        <line num="35" count="1" type="stmt"/>
        <line num="36" count="1" type="stmt"/>
        <line num="38" count="1" type="stmt"/>
        <line num="39" count="0" type="stmt"/>
        <line num="43" count="1" type="stmt"/>
        <line num="44" count="6" type="stmt"/>
        <line num="45" count="6" type="stmt"/>
        <line num="47" count="6" type="stmt"/>
        <line num="48" count="3" type="stmt"/>
        <line num="49" count="3" type="stmt"/>
        <line num="50" count="3" type="stmt"/>
        <line num="52" count="2" type="cond" truecount="2" falsecount="0"/>
        <line num="54" count="3" type="stmt"/>
        <line num="58" count="6" type="stmt"/>
      </file>
    </package>
    <package name="components.common.ExportButton">
      <metrics statements="32" coveredstatements="31" conditionals="12" coveredconditionals="8" methods="6" coveredmethods="6"/>
      <file name="hooks.ts" path="/Users/I5285/Documents/GitHub/ale-enterprise-poc/frontend/src/components/common/ExportButton/hooks.ts">
        <metrics statements="32" coveredstatements="31" conditionals="12" coveredconditionals="8" methods="6" coveredmethods="6"/>
        <line num="3" count="1" type="stmt"/>
        <line num="4" count="7" type="stmt"/>
        <line num="5" count="7" type="stmt"/>
        <line num="7" count="7" type="stmt"/>
        <line num="9" count="3" type="stmt"/>
        <line num="10" count="3" type="stmt"/>
        <line num="12" count="3" type="stmt"/>
        <line num="13" count="3" type="stmt"/>
        <line num="14" count="3" type="stmt"/>
        <line num="16" count="3" type="cond" truecount="2" falsecount="0"/>
        <line num="17" count="1" type="stmt"/>
        <line num="18" count="1" type="stmt"/>
        <line num="19" count="2" type="cond" truecount="1" falsecount="1"/>
        <line num="21" count="2" type="stmt"/>
        <line num="22" count="2" type="stmt"/>
        <line num="25" count="3" type="stmt"/>
        <line num="26" count="3" type="stmt"/>
        <line num="27" count="3" type="stmt"/>
        <line num="28" count="3" type="stmt"/>
        <line num="29" count="3" type="stmt"/>
        <line num="30" count="3" type="stmt"/>
        <line num="31" count="3" type="stmt"/>
        <line num="33" count="0" type="cond" truecount="0" falsecount="2"/>
        <line num="35" count="3" type="stmt"/>
        <line num="41" count="7" type="stmt"/>
        <line num="44" count="1" type="stmt"/>
        <line num="45" count="2" type="cond" truecount="4" falsecount="0"/>
        <line num="46" count="1" type="stmt"/>
        <line num="47" count="1" type="stmt"/>
        <line num="48" count="2" type="cond" truecount="1" falsecount="1"/>
        <line num="50" count="2" type="stmt"/>
        <line num="52" count="1" type="stmt"/>
      </file>
    </package>
    <package name="components.common.FilterContainer">
      <metrics statements="22" coveredstatements="22" conditionals="4" coveredconditionals="4" methods="12" coveredmethods="12"/>
      <file name="FilterContainer.tsx" path="/Users/I5285/Documents/GitHub/ale-enterprise-poc/frontend/src/components/common/FilterContainer/FilterContainer.tsx">
        <metrics statements="10" coveredstatements="10" conditionals="3" coveredconditionals="3" methods="3" coveredmethods="3"/>
        <line num="9" count="1" type="stmt"/>
        <line num="13" count="19" type="stmt"/>
        <line num="15" count="19" type="stmt"/>
        <line num="16" count="13" type="stmt"/>
        <line num="17" count="13" type="stmt"/>
        <line num="18" count="13" type="stmt"/>
        <line num="21" count="19" type="stmt"/>
        <line num="22" count="1" type="stmt"/>
        <line num="23" count="1" type="stmt"/>
        <line num="26" count="19" type="stmt"/>
      </file>
      <file name="hooks.ts" path="/Users/I5285/Documents/GitHub/ale-enterprise-poc/frontend/src/components/common/FilterContainer/hooks.ts">
        <metrics statements="12" coveredstatements="12" conditionals="1" coveredconditionals="1" methods="9" coveredmethods="9"/>
        <line num="7" count="1" type="cond" truecount="1" falsecount="0"/>
        <line num="8" count="9" type="stmt"/>
        <line num="10" count="9" type="stmt"/>
        <line num="11" count="2" type="stmt"/>
        <line num="17" count="9" type="stmt"/>
        <line num="18" count="1" type="stmt"/>
        <line num="21" count="9" type="stmt"/>
        <line num="22" count="1" type="stmt"/>
        <line num="28" count="9" type="stmt"/>
        <line num="31" count="1" type="stmt"/>
        <line num="32" count="2" type="stmt"/>
        <line num="33" count="4" type="stmt"/>
      </file>
    </package>
    <package name="components.common.LoadingSpinner">
      <metrics statements="35" coveredstatements="35" conditionals="12" coveredconditionals="12" methods="14" coveredmethods="14"/>
      <file name="LoadingSpinner.tsx" path="/Users/I5285/Documents/GitHub/ale-enterprise-poc/frontend/src/components/common/LoadingSpinner/LoadingSpinner.tsx">
        <metrics statements="5" coveredstatements="5" conditionals="7" coveredconditionals="7" methods="1" coveredmethods="1"/>
        <line num="25" count="1" type="stmt"/>
        <line num="31" count="5" type="stmt"/>
        <line num="43" count="5" type="cond" truecount="2" falsecount="0"/>
        <line num="44" count="1" type="stmt"/>
        <line num="51" count="4" type="stmt"/>
      </file>
      <file name="hooks.ts" path="/Users/I5285/Documents/GitHub/ale-enterprise-poc/frontend/src/components/common/LoadingSpinner/hooks.ts">
        <metrics statements="30" coveredstatements="30" conditionals="5" coveredconditionals="5" methods="13" coveredmethods="13"/>
        <line num="6" count="1" type="cond" truecount="1" falsecount="0"/>
        <line num="7" count="9" type="stmt"/>
        <line num="9" count="9" type="stmt"/>
        <line num="10" count="9" type="stmt"/>
        <line num="11" count="9" type="stmt"/>
        <line num="13" count="9" type="stmt"/>
        <line num="25" count="1" type="cond" truecount="2" falsecount="0"/>
        <line num="26" count="9" type="stmt"/>
        <line num="28" count="9" type="stmt"/>
        <line num="29" count="1" type="stmt"/>
        <line num="32" count="9" type="stmt"/>
        <line num="33" count="1" type="stmt"/>
        <line num="36" count="9" type="stmt"/>
        <line num="37" count="2" type="stmt"/>
        <line num="38" count="2" type="stmt"/>
        <line num="39" count="2" type="stmt"/>
        <line num="42" count="9" type="stmt"/>
        <line num="54" count="1" type="stmt"/>
        <line num="55" count="7" type="stmt"/>
        <line num="56" count="7" type="stmt"/>
        <line num="58" count="7" type="stmt"/>
        <line num="59" count="3" type="stmt"/>
        <line num="60" count="3" type="stmt"/>
        <line num="61" count="3" type="stmt"/>
        <line num="62" count="3" type="stmt"/>
        <line num="63" count="1" type="stmt"/>
        <line num="65" count="2" type="cond" truecount="2" falsecount="0"/>
        <line num="66" count="2" type="stmt"/>
        <line num="68" count="3" type="stmt"/>
        <line num="72" count="7" type="stmt"/>
      </file>
    </package>
    <package name="components.common.Pagination">
      <metrics statements="37" coveredstatements="35" conditionals="14" coveredconditionals="12" methods="12" coveredmethods="11"/>
      <file name="Pagination.tsx" path="/Users/I5285/Documents/GitHub/ale-enterprise-poc/frontend/src/components/common/Pagination/Pagination.tsx">
        <metrics statements="22" coveredstatements="20" conditionals="8" coveredconditionals="6" methods="7" coveredmethods="6"/>
        <line num="9" count="1" type="stmt"/>
        <line num="14" count="9" type="stmt"/>
        <line num="15" count="9" type="stmt"/>
        <line num="17" count="9" type="stmt"/>
        <line num="18" count="3" type="cond" truecount="3" falsecount="1"/>
        <line num="19" count="3" type="stmt"/>
        <line num="20" count="3" type="stmt"/>
        <line num="24" count="9" type="stmt"/>
        <line num="25" count="9" type="stmt"/>
        <line num="26" count="9" type="stmt"/>
        <line num="27" count="9" type="stmt"/>
        <line num="28" count="9" type="stmt"/>
        <line num="30" count="9" type="cond" truecount="1" falsecount="1"/>
        <line num="31" count="0" type="stmt"/>
        <line num="34" count="9" type="stmt"/>
        <line num="35" count="45" type="stmt"/>
        <line num="37" count="9" type="stmt"/>
        <line num="40" count="9" type="stmt"/>
        <line num="43" count="0" type="stmt"/>
        <line num="51" count="45" type="stmt"/>
        <line num="53" count="1" type="stmt"/>
        <line num="65" count="2" type="stmt"/>
      </file>
      <file name="hooks.ts" path="/Users/I5285/Documents/GitHub/ale-enterprise-poc/frontend/src/components/common/Pagination/hooks.ts">
        <metrics statements="15" coveredstatements="15" conditionals="6" coveredconditionals="6" methods="5" coveredmethods="5"/>
        <line num="19" count="1" type="cond" truecount="1" falsecount="0"/>
        <line num="24" count="13" type="stmt"/>
        <line num="25" count="13" type="stmt"/>
        <line num="27" count="13" type="cond" truecount="2" falsecount="0"/>
        <line num="29" count="13" type="stmt"/>
        <line num="30" count="5" type="stmt"/>
        <line num="31" count="5" type="stmt"/>
        <line num="34" count="13" type="stmt"/>
        <line num="35" count="1" type="stmt"/>
        <line num="38" count="13" type="stmt"/>
        <line num="39" count="2" type="stmt"/>
        <line num="42" count="13" type="stmt"/>
        <line num="43" count="2" type="stmt"/>
        <line num="44" count="2" type="stmt"/>
        <line num="47" count="13" type="stmt"/>
      </file>
    </package>
    <package name="components.layout">
      <metrics statements="30" coveredstatements="30" conditionals="14" coveredconditionals="14" methods="10" coveredmethods="10"/>
      <file name="AppLayout.tsx" path="/Users/I5285/Documents/GitHub/ale-enterprise-poc/frontend/src/components/layout/AppLayout.tsx">
        <metrics statements="7" coveredstatements="7" conditionals="0" coveredconditionals="0" methods="4" coveredmethods="4"/>
        <line num="10" count="1" type="stmt"/>
        <line num="11" count="7" type="stmt"/>
        <line num="13" count="7" type="stmt"/>
        <line num="14" count="1" type="stmt"/>
        <line num="17" count="7" type="stmt"/>
        <line num="18" count="1" type="stmt"/>
        <line num="21" count="7" type="stmt"/>
      </file>
      <file name="Header.tsx" path="/Users/I5285/Documents/GitHub/ale-enterprise-poc/frontend/src/components/layout/Header.tsx">
        <metrics statements="7" coveredstatements="7" conditionals="2" coveredconditionals="2" methods="2" coveredmethods="2"/>
        <line num="10" count="1" type="stmt"/>
        <line num="11" count="4" type="stmt"/>
        <line num="12" count="4" type="stmt"/>
        <line num="14" count="4" type="stmt"/>
        <line num="15" count="1" type="stmt"/>
        <line num="16" count="1" type="stmt"/>
        <line num="19" count="4" type="stmt"/>
      </file>
      <file name="Sidebar.tsx" path="/Users/I5285/Documents/GitHub/ale-enterprise-poc/frontend/src/components/layout/Sidebar.tsx">
        <metrics statements="16" coveredstatements="16" conditionals="12" coveredconditionals="12" methods="4" coveredmethods="4"/>
        <line num="19" count="1" type="stmt"/>
        <line num="26" count="1" type="stmt"/>
        <line num="27" count="6" type="stmt"/>
        <line num="29" count="6" type="stmt"/>
        <line num="30" count="48" type="cond" truecount="4" falsecount="0"/>
        <line num="31" count="36" type="stmt"/>
        <line num="36" count="6" type="stmt"/>
        <line num="46" count="24" type="stmt"/>
        <line num="47" count="24" type="stmt"/>
        <line num="66" count="6" type="stmt"/>
        <line num="85" count="24" type="stmt"/>
        <line num="86" count="24" type="stmt"/>
        <line num="87" count="24" type="stmt"/>
        <line num="111" count="6" type="cond" truecount="2" falsecount="0"/>
        <line num="112" count="1" type="stmt"/>
        <line num="116" count="5" type="stmt"/>
      </file>
    </package>
    <package name="components.ui">
      <metrics statements="115" coveredstatements="112" conditionals="62" coveredconditionals="51" methods="40" coveredmethods="40"/>
      <file name="Badge.tsx" path="/Users/I5285/Documents/GitHub/ale-enterprise-poc/frontend/src/components/ui/Badge.tsx">
        <metrics statements="3" coveredstatements="3" conditionals="0" coveredconditionals="0" methods="1" coveredmethods="1"/>
        <line num="9" count="1" type="stmt"/>
        <line num="10" count="8" type="stmt"/>
        <line num="19" count="8" type="stmt"/>
      </file>
      <file name="Button.tsx" path="/Users/I5285/Documents/GitHub/ale-enterprise-poc/frontend/src/components/ui/Button.tsx">
        <metrics statements="6" coveredstatements="6" conditionals="2" coveredconditionals="2" methods="1" coveredmethods="1"/>
        <line num="10" count="1" type="stmt"/>
        <line num="17" count="14" type="stmt"/>
        <line num="18" count="14" type="stmt"/>
        <line num="25" count="14" type="stmt"/>
        <line num="31" count="14" type="stmt"/>
        <line num="38" count="14" type="stmt"/>
      </file>
      <file name="Calendar.tsx" path="/Users/I5285/Documents/GitHub/ale-enterprise-poc/frontend/src/components/ui/Calendar.tsx">
        <metrics statements="2" coveredstatements="2" conditionals="0" coveredconditionals="0" methods="1" coveredmethods="1"/>
        <line num="32" count="1" type="stmt"/>
        <line num="33" count="3" type="stmt"/>
      </file>
      <file name="Card.tsx" path="/Users/I5285/Documents/GitHub/ale-enterprise-poc/frontend/src/components/ui/Card.tsx">
        <metrics statements="4" coveredstatements="4" conditionals="10" coveredconditionals="9" methods="2" coveredmethods="2"/>
        <line num="13" count="1" type="stmt"/>
        <line num="14" count="12" type="stmt"/>
        <line num="37" count="1" type="stmt"/>
        <line num="38" count="4" type="stmt"/>
      </file>
      <file name="Dialog.tsx" path="/Users/I5285/Documents/GitHub/ale-enterprise-poc/frontend/src/components/ui/Dialog.tsx">
        <metrics statements="13" coveredstatements="13" conditionals="2" coveredconditionals="2" methods="6" coveredmethods="6"/>
        <line num="10" count="1" type="stmt"/>
        <line num="11" count="3" type="cond" truecount="2" falsecount="0"/>
        <line num="12" count="2" type="stmt"/>
        <line num="26" count="1" type="stmt"/>
        <line num="27" count="1" type="stmt"/>
        <line num="38" count="1" type="stmt"/>
        <line num="39" count="1" type="stmt"/>
        <line num="42" count="1" type="stmt"/>
        <line num="43" count="1" type="stmt"/>
        <line num="50" count="1" type="stmt"/>
        <line num="51" count="1" type="stmt"/>
        <line num="54" count="1" type="stmt"/>
        <line num="55" count="1" type="stmt"/>
      </file>
      <file name="Input.tsx" path="/Users/I5285/Documents/GitHub/ale-enterprise-poc/frontend/src/components/ui/Input.tsx">
        <metrics statements="3" coveredstatements="3" conditionals="6" coveredconditionals="6" methods="1" coveredmethods="1"/>
        <line num="10" count="1" type="stmt"/>
        <line num="16" count="11" type="stmt"/>
        <line num="25" count="11" type="stmt"/>
      </file>
      <file name="ModifiedTable.tsx" path="/Users/I5285/Documents/GitHub/ale-enterprise-poc/frontend/src/components/ui/ModifiedTable.tsx">
        <metrics statements="12" coveredstatements="12" conditionals="0" coveredconditionals="0" methods="6" coveredmethods="6"/>
        <line num="13" count="1" type="stmt"/>
        <line num="17" count="2" type="stmt"/>
        <line num="32" count="1" type="stmt"/>
        <line num="33" count="1" type="stmt"/>
        <line num="41" count="1" type="stmt"/>
        <line num="42" count="1" type="stmt"/>
        <line num="47" count="1" type="stmt"/>
        <line num="48" count="2" type="stmt"/>
        <line num="59" count="1" type="stmt"/>
        <line num="60" count="3" type="stmt"/>
        <line num="71" count="1" type="stmt"/>
        <line num="72" count="3" type="stmt"/>
      </file>
      <file name="Select.tsx" path="/Users/I5285/Documents/GitHub/ale-enterprise-poc/frontend/src/components/ui/Select.tsx">
        <metrics statements="40" coveredstatements="39" conditionals="25" coveredconditionals="18" methods="11" coveredmethods="11"/>
        <line num="18" count="1" type="stmt"/>
        <line num="27" count="1" type="stmt"/>
        <line num="33" count="7" type="stmt"/>
        <line num="34" count="7" type="stmt"/>
        <line num="36" count="7" type="stmt"/>
        <line num="37" count="7" type="cond" truecount="2" falsecount="0"/>
        <line num="39" count="7" type="stmt"/>
        <line num="40" count="1" type="cond" truecount="1" falsecount="1"/>
        <line num="41" count="1" type="stmt"/>
        <line num="42" count="1" type="stmt"/>
        <line num="45" count="7" type="stmt"/>
        <line num="56" count="1" type="stmt"/>
        <line num="57" count="7" type="stmt"/>
        <line num="58" count="7" type="cond" truecount="1" falsecount="1"/>
        <line num="60" count="7" type="stmt"/>
        <line num="63" count="2" type="stmt"/>
        <line num="82" count="1" type="stmt"/>
        <line num="85" count="7" type="stmt"/>
        <line num="86" count="7" type="cond" truecount="1" falsecount="1"/>
        <line num="88" count="7" type="stmt"/>
        <line num="99" count="1" type="stmt"/>
        <line num="100" count="7" type="stmt"/>
        <line num="101" count="7" type="stmt"/>
        <line num="103" count="7" type="cond" truecount="1" falsecount="1"/>
        <line num="106" count="7" type="stmt"/>
        <line num="107" count="7" type="stmt"/>
        <line num="108" count="1" type="cond" truecount="3" falsecount="1"/>
        <line num="109" count="0" type="stmt"/>
        <line num="113" count="7" type="cond" truecount="2" falsecount="0"/>
        <line num="114" count="2" type="stmt"/>
        <line num="117" count="7" type="stmt"/>
        <line num="118" count="7" type="stmt"/>
        <line num="122" count="7" type="cond" truecount="2" falsecount="0"/>
        <line num="124" count="2" type="stmt"/>
        <line num="144" count="1" type="stmt"/>
        <line num="150" count="3" type="stmt"/>
        <line num="151" count="3" type="cond" truecount="1" falsecount="1"/>
        <line num="153" count="3" type="stmt"/>
        <line num="155" count="3" type="stmt"/>
        <line num="157" count="1" type="stmt"/>
      </file>
      <file name="Table.tsx" path="/Users/I5285/Documents/GitHub/ale-enterprise-poc/frontend/src/components/ui/Table.tsx">
        <metrics statements="5" coveredstatements="5" conditionals="2" coveredconditionals="2" methods="4" coveredmethods="4"/>
        <line num="13" count="1" type="stmt"/>
        <line num="14" count="12" type="stmt"/>
        <line num="19" count="34" type="stmt"/>
        <line num="27" count="32" type="cond" truecount="2" falsecount="0"/>
        <line num="29" count="92" type="stmt"/>
      </file>
      <file name="Tabs.tsx" path="/Users/I5285/Documents/GitHub/ale-enterprise-poc/frontend/src/components/ui/Tabs.tsx">
        <metrics statements="24" coveredstatements="22" conditionals="14" coveredconditionals="11" methods="6" coveredmethods="6"/>
        <line num="9" count="1" type="stmt"/>
        <line num="19" count="1" type="stmt"/>
        <line num="25" count="6" type="cond" truecount="2" falsecount="0"/>
        <line num="27" count="6" type="stmt"/>
        <line num="28" count="6" type="cond" truecount="2" falsecount="0"/>
        <line num="30" count="6" type="stmt"/>
        <line num="31" count="2" type="cond" truecount="1" falsecount="1"/>
        <line num="32" count="2" type="stmt"/>
        <line num="35" count="6" type="stmt"/>
        <line num="44" count="1" type="stmt"/>
        <line num="45" count="4" type="stmt"/>
        <line num="59" count="1" type="stmt"/>
        <line num="65" count="12" type="stmt"/>
        <line num="66" count="12" type="cond" truecount="1" falsecount="1"/>
        <line num="67" count="0" type="stmt"/>
        <line num="70" count="12" type="stmt"/>
        <line num="72" count="12" type="stmt"/>
        <line num="74" count="2" type="stmt"/>
        <line num="94" count="1" type="stmt"/>
        <line num="98" count="12" type="stmt"/>
        <line num="99" count="12" type="cond" truecount="1" falsecount="1"/>
        <line num="100" count="0" type="stmt"/>
        <line num="103" count="12" type="cond" truecount="2" falsecount="0"/>
        <line num="105" count="6" type="stmt"/>
      </file>
      <file name="Tooltip.tsx" path="/Users/I5285/Documents/GitHub/ale-enterprise-poc/frontend/src/components/ui/Tooltip.tsx">
        <metrics statements="3" coveredstatements="3" conditionals="1" coveredconditionals="1" methods="1" coveredmethods="1"/>
        <line num="9" count="1" type="cond" truecount="1" falsecount="0"/>
        <line num="10" count="6" type="stmt"/>
        <line num="20" count="6" type="stmt"/>
      </file>
    </package>
    <package name="features.accounting-cash">
      <metrics statements="7" coveredstatements="6" conditionals="0" coveredconditionals="0" methods="3" coveredmethods="2"/>
      <file name="AccountingCashLanding.tsx" path="/Users/I5285/Documents/GitHub/ale-enterprise-poc/frontend/src/features/accounting-cash/AccountingCashLanding.tsx">
        <metrics statements="7" coveredstatements="6" conditionals="0" coveredconditionals="0" methods="3" coveredmethods="2"/>
        <line num="19" count="1" type="stmt"/>
        <line num="20" count="4" type="stmt"/>
        <line num="23" count="4" type="stmt"/>
        <line num="47" count="4" type="stmt"/>
        <line num="54" count="12" type="stmt"/>
        <line num="56" count="12" type="stmt"/>
        <line num="64" count="0" type="stmt"/>
      </file>
    </package>
    <package name="features.accounting-cash.private-equity">
      <metrics statements="11" coveredstatements="8" conditionals="0" coveredconditionals="0" methods="6" coveredmethods="3"/>
      <file name="PrivateEquityLanding.tsx" path="/Users/I5285/Documents/GitHub/ale-enterprise-poc/frontend/src/features/accounting-cash/private-equity/PrivateEquityLanding.tsx">
        <metrics statements="11" coveredstatements="8" conditionals="0" coveredconditionals="0" methods="6" coveredmethods="3"/>
        <line num="27" count="1" type="stmt"/>
        <line num="28" count="4" type="stmt"/>
        <line num="31" count="4" type="stmt"/>
        <line num="69" count="4" type="stmt"/>
        <line num="97" count="0" type="stmt"/>
        <line num="112" count="16" type="stmt"/>
        <line num="114" count="16" type="stmt"/>
        <line num="119" count="0" type="stmt"/>
        <line num="143" count="4" type="stmt"/>
        <line num="145" count="4" type="stmt"/>
        <line num="151" count="0" type="stmt"/>
      </file>
    </package>
    <package name="features.alternative-data.api">
      <metrics statements="41" coveredstatements="40" conditionals="20" coveredconditionals="15" methods="15" coveredmethods="15"/>
      <file name="alternativeDataApi.ts" path="/Users/I5285/Documents/GitHub/ale-enterprise-poc/frontend/src/features/alternative-data/api/alternativeDataApi.ts">
        <metrics statements="41" coveredstatements="40" conditionals="20" coveredconditionals="15" methods="15" coveredmethods="15"/>
        <line num="13" count="1" type="stmt"/>
        <line num="14" count="1" type="stmt"/>
        <line num="15" count="1" type="stmt"/>
        <line num="17" count="1" type="stmt"/>
        <line num="18" count="100" type="stmt"/>
        <line num="38" count="1" type="stmt"/>
        <line num="40" count="1" type="stmt"/>
        <line num="56" count="1" type="stmt"/>
        <line num="60" count="7" type="stmt"/>
        <line num="62" count="7" type="stmt"/>
        <line num="65" count="7" type="cond" truecount="2" falsecount="0"/>
        <line num="66" count="1" type="stmt"/>
        <line num="67" count="100" type="stmt"/>
        <line num="71" count="7" type="cond" truecount="2" falsecount="0"/>
        <line num="72" count="1" type="stmt"/>
        <line num="73" count="100" type="stmt"/>
        <line num="77" count="7" type="cond" truecount="2" falsecount="0"/>
        <line num="78" count="1" type="stmt"/>
        <line num="79" count="1" type="stmt"/>
        <line num="81" count="100" type="cond" truecount="1" falsecount="1"/>
        <line num="87" count="7" type="cond" truecount="2" falsecount="0"/>
        <line num="88" count="1" type="stmt"/>
        <line num="89" count="531" type="stmt"/>
        <line num="90" count="531" type="cond" truecount="1" falsecount="1"/>
        <line num="92" count="531" type="cond" truecount="2" falsecount="0"/>
        <line num="93" count="280" type="cond" truecount="1" falsecount="1"/>
        <line num="94" count="0" type="stmt"/>
        <line num="99" count="7" type="cond" truecount="1" falsecount="1"/>
        <line num="100" count="7" type="cond" truecount="1" falsecount="1"/>
        <line num="102" count="7" type="stmt"/>
        <line num="103" count="7" type="stmt"/>
        <line num="105" count="7" type="stmt"/>
        <line num="115" count="1" type="stmt"/>
        <line num="116" count="1" type="stmt"/>
        <line num="122" count="2" type="stmt"/>
        <line num="124" count="2" type="stmt"/>
        <line num="128" count="2" type="stmt"/>
        <line num="132" count="1" type="stmt"/>
        <line num="135" count="1" type="stmt"/>
        <line num="139" count="100" type="stmt"/>
        <line num="143" count="1" type="stmt"/>
      </file>
    </package>
    <package name="features.alternative-data.components">
      <metrics statements="24" coveredstatements="21" conditionals="24" coveredconditionals="21" methods="10" coveredmethods="6"/>
      <file name="AlternativeDataFilters.tsx" path="/Users/I5285/Documents/GitHub/ale-enterprise-poc/frontend/src/features/alternative-data/components/AlternativeDataFilters.tsx">
        <metrics statements="7" coveredstatements="6" conditionals="0" coveredconditionals="0" methods="3" coveredmethods="2"/>
        <line num="9" count="1" type="stmt"/>
        <line num="10" count="4" type="stmt"/>
        <line num="21" count="4" type="stmt"/>
        <line num="22" count="1" type="stmt"/>
        <line num="23" count="1" type="stmt"/>
        <line num="26" count="4" type="stmt"/>
        <line num="29" count="0" type="stmt"/>
      </file>
      <file name="AlternativeDataGrid.tsx" path="/Users/I5285/Documents/GitHub/ale-enterprise-poc/frontend/src/features/alternative-data/components/AlternativeDataGrid.tsx">
        <metrics statements="17" coveredstatements="15" conditionals="24" coveredconditionals="21" methods="7" coveredmethods="4"/>
        <line num="13" count="1" type="stmt"/>
        <line num="20" count="4" type="cond" truecount="2" falsecount="0"/>
        <line num="21" count="1" type="stmt"/>
        <line num="28" count="3" type="cond" truecount="5" falsecount="0"/>
        <line num="29" count="1" type="stmt"/>
        <line num="36" count="2" type="cond" truecount="2" falsecount="0"/>
        <line num="44" count="2" type="stmt"/>
        <line num="53" count="10" type="stmt"/>
        <line num="59" count="4" type="stmt"/>
        <line num="61" count="20" type="stmt"/>
        <line num="63" count="20" type="cond" truecount="5" falsecount="0"/>
        <line num="64" count="12" type="stmt"/>
        <line num="73" count="8" type="cond" truecount="2" falsecount="0"/>
        <line num="74" count="4" type="stmt"/>
        <line num="83" count="4" type="cond" truecount="1" falsecount="1"/>
        <line num="94" count="0" type="stmt"/>
        <line num="104" count="0" type="stmt"/>
      </file>
    </package>
    <package name="features.alternative-data.pages">
      <metrics statements="7" coveredstatements="6" conditionals="2" coveredconditionals="1" methods="2" coveredmethods="1"/>
      <file name="AlternativeDataPage.tsx" path="/Users/I5285/Documents/GitHub/ale-enterprise-poc/frontend/src/features/alternative-data/pages/AlternativeDataPage.tsx">
        <metrics statements="7" coveredstatements="6" conditionals="2" coveredconditionals="1" methods="2" coveredmethods="1"/>
        <line num="7" count="3" type="stmt"/>
        <line num="17" count="3" type="stmt"/>
        <line num="18" count="3" type="stmt"/>
        <line num="20" count="3" type="stmt"/>
        <line num="24" count="3" type="cond" truecount="1" falsecount="1"/>
        <line num="25" count="0" type="stmt"/>
        <line num="32" count="3" type="stmt"/>
      </file>
    </package>
    <package name="features.alternative-data.store">
      <metrics statements="6" coveredstatements="6" conditionals="0" coveredconditionals="0" methods="5" coveredmethods="5"/>
      <file name="alternativeDataStore.ts" path="/Users/I5285/Documents/GitHub/ale-enterprise-poc/frontend/src/features/alternative-data/store/alternativeDataStore.ts">
        <metrics statements="6" coveredstatements="6" conditionals="0" coveredconditionals="0" methods="5" coveredmethods="5"/>
        <line num="21" count="1" type="stmt"/>
        <line num="23" count="1" type="stmt"/>
        <line num="26" count="4" type="stmt"/>
        <line num="27" count="2" type="stmt"/>
        <line num="28" count="2" type="stmt"/>
        <line num="32" count="14" type="stmt"/>
      </file>
    </package>
    <package name="features.auth">
      <metrics statements="27" coveredstatements="27" conditionals="8" coveredconditionals="8" methods="7" coveredmethods="7"/>
      <file name="LoginPage.tsx" path="/Users/I5285/Documents/GitHub/ale-enterprise-poc/frontend/src/features/auth/LoginPage.tsx">
        <metrics statements="27" coveredstatements="27" conditionals="8" coveredconditionals="8" methods="7" coveredmethods="7"/>
        <line num="7" count="19" type="stmt"/>
        <line num="8" count="19" type="stmt"/>
        <line num="9" count="19" type="stmt"/>
        <line num="10" count="19" type="stmt"/>
        <line num="11" count="19" type="stmt"/>
        <line num="12" count="19" type="stmt"/>
        <line num="14" count="19" type="stmt"/>
        <line num="15" count="2" type="stmt"/>
        <line num="16" count="2" type="stmt"/>
        <line num="18" count="2" type="stmt"/>
        <line num="26" count="2" type="stmt"/>
        <line num="27" count="2" type="stmt"/>
        <line num="30" count="19" type="stmt"/>
        <line num="31" count="2" type="stmt"/>
        <line num="32" count="2" type="stmt"/>
        <line num="33" count="2" type="stmt"/>
        <line num="36" count="2" type="cond" truecount="4" falsecount="0"/>
        <line num="37" count="1" type="stmt"/>
        <line num="45" count="1" type="stmt"/>
        <line num="46" count="1" type="stmt"/>
        <line num="48" count="1" type="stmt"/>
        <line num="49" count="1" type="stmt"/>
        <line num="53" count="19" type="stmt"/>
        <line num="80" count="4" type="stmt"/>
        <line num="92" count="4" type="stmt"/>
        <line num="101" count="1" type="stmt"/>
        <line num="104" count="1" type="stmt"/>
      </file>
    </package>
    <package name="features.capital-call.components">
      <metrics statements="100" coveredstatements="88" conditionals="84" coveredconditionals="58" methods="37" coveredmethods="31"/>
      <file name="ApprovalDialog.tsx" path="/Users/I5285/Documents/GitHub/ale-enterprise-poc/frontend/src/features/capital-call/components/ApprovalDialog.tsx">
        <metrics statements="4" coveredstatements="4" conditionals="0" coveredconditionals="0" methods="2" coveredmethods="2"/>
        <line num="17" count="1" type="stmt"/>
        <line num="22" count="6" type="stmt"/>
        <line num="40" count="1" type="stmt"/>
        <line num="41" count="1" type="stmt"/>
      </file>
      <file name="BreakdownSection.tsx" path="/Users/I5285/Documents/GitHub/ale-enterprise-poc/frontend/src/features/capital-call/components/BreakdownSection.tsx">
        <metrics statements="8" coveredstatements="7" conditionals="2" coveredconditionals="1" methods="6" coveredmethods="5"/>
        <line num="19" count="1" type="stmt"/>
        <line num="21" count="4" type="stmt"/>
        <line num="25" count="4" type="stmt"/>
        <line num="29" count="1" type="stmt"/>
        <line num="46" count="8" type="stmt"/>
        <line num="50" count="8" type="stmt"/>
        <line num="60" count="8" type="stmt"/>
        <line num="64" count="0" type="stmt"/>
      </file>
      <file name="CapitalCallLockStatus.tsx" path="/Users/I5285/Documents/GitHub/ale-enterprise-poc/frontend/src/features/capital-call/components/CapitalCallLockStatus.tsx">
        <metrics statements="12" coveredstatements="12" conditionals="16" coveredconditionals="12" methods="2" coveredmethods="2"/>
        <line num="10" count="2" type="stmt"/>
        <line num="11" count="2" type="stmt"/>
        <line num="13" count="2" type="cond" truecount="1" falsecount="1"/>
        <line num="14" count="2" type="cond" truecount="1" falsecount="1"/>
        <line num="15" count="2" type="cond" truecount="1" falsecount="1"/>
        <line num="16" count="2" type="stmt"/>
        <line num="19" count="1" type="stmt"/>
        <line num="23" count="4" type="cond" truecount="2" falsecount="0"/>
        <line num="24" count="2" type="stmt"/>
        <line num="32" count="2" type="stmt"/>
        <line num="33" count="2" type="cond" truecount="1" falsecount="1"/>
        <line num="35" count="2" type="stmt"/>
      </file>
      <file name="CapitalCallTabs.tsx" path="/Users/I5285/Documents/GitHub/ale-enterprise-poc/frontend/src/features/capital-call/components/CapitalCallTabs.tsx">
        <metrics statements="7" coveredstatements="6" conditionals="0" coveredconditionals="0" methods="5" coveredmethods="4"/>
        <line num="18" count="1" type="stmt"/>
        <line num="19" count="3" type="stmt"/>
        <line num="20" count="3" type="stmt"/>
        <line num="23" count="3" type="stmt"/>
        <line num="31" count="3" type="stmt"/>
        <line num="34" count="0" type="stmt"/>
        <line num="39" count="15" type="stmt"/>
      </file>
      <file name="CapitalCallWorkflowActions.tsx" path="/Users/I5285/Documents/GitHub/ale-enterprise-poc/frontend/src/features/capital-call/components/CapitalCallWorkflowActions.tsx">
        <metrics statements="32" coveredstatements="31" conditionals="40" coveredconditionals="31" methods="7" coveredmethods="7"/>
        <line num="18" count="1" type="stmt"/>
        <line num="23" count="15" type="stmt"/>
        <line num="24" count="15" type="stmt"/>
        <line num="25" count="15" type="stmt"/>
        <line num="26" count="15" type="stmt"/>
        <line num="28" count="45" type="stmt"/>
        <line num="29" count="15" type="stmt"/>
        <line num="30" count="15" type="stmt"/>
        <line num="31" count="15" type="stmt"/>
        <line num="33" count="15" type="stmt"/>
        <line num="34" count="3" type="cond" truecount="2" falsecount="0"/>
        <line num="39" count="2" type="stmt"/>
        <line num="40" count="2" type="stmt"/>
        <line num="44" count="15" type="stmt"/>
        <line num="45" count="1" type="cond" truecount="1" falsecount="1"/>
        <line num="46" count="1" type="stmt"/>
        <line num="47" count="1" type="stmt"/>
        <line num="51" count="15" type="stmt"/>
        <line num="52" count="1" type="cond" truecount="1" falsecount="1"/>
        <line num="57" count="1" type="stmt"/>
        <line num="58" count="1" type="stmt"/>
        <line num="62" count="15" type="stmt"/>
        <line num="63" count="1" type="cond" truecount="1" falsecount="1"/>
        <line num="64" count="1" type="stmt"/>
        <line num="69" count="15" type="cond" truecount="4" falsecount="0"/>
        <line num="74" count="15" type="stmt"/>
        <line num="144" count="15" type="cond" truecount="4" falsecount="1"/>
        <line num="146" count="8" type="stmt"/>
        <line num="148" count="4" type="stmt"/>
        <line num="150" count="1" type="stmt"/>
        <line num="152" count="2" type="stmt"/>
        <line num="154" count="0" type="stmt"/>
      </file>
      <file name="CommentsSection.tsx" path="/Users/I5285/Documents/GitHub/ale-enterprise-poc/frontend/src/features/capital-call/components/CommentsSection.tsx">
        <metrics statements="8" coveredstatements="6" conditionals="4" coveredconditionals="2" methods="4" coveredmethods="3"/>
        <line num="19" count="1" type="stmt"/>
        <line num="23" count="4" type="stmt"/>
        <line num="28" count="4" type="stmt"/>
        <line num="29" count="0" type="stmt"/>
        <line num="30" count="0" type="stmt"/>
        <line num="32" count="4" type="stmt"/>
        <line num="42" count="8" type="stmt"/>
        <line num="53" count="4" type="stmt"/>
      </file>
      <file name="EditModeToggle.tsx" path="/Users/I5285/Documents/GitHub/ale-enterprise-poc/frontend/src/features/capital-call/components/EditModeToggle.tsx">
        <metrics statements="2" coveredstatements="2" conditionals="2" coveredconditionals="2" methods="1" coveredmethods="1"/>
        <line num="8" count="1" type="stmt"/>
        <line num="12" count="4" type="stmt"/>
      </file>
      <file name="LockDialog.tsx" path="/Users/I5285/Documents/GitHub/ale-enterprise-poc/frontend/src/features/capital-call/components/LockDialog.tsx">
        <metrics statements="11" coveredstatements="6" conditionals="14" coveredconditionals="6" methods="3" coveredmethods="1"/>
        <line num="24" count="1" type="stmt"/>
        <line num="29" count="7" type="stmt"/>
        <line num="32" count="7" type="stmt"/>
        <line num="34" count="7" type="stmt"/>
        <line num="35" count="0" type="cond" truecount="0" falsecount="2"/>
        <line num="37" count="0" type="stmt"/>
        <line num="41" count="0" type="cond" truecount="0" falsecount="2"/>
        <line num="42" count="0" type="stmt"/>
        <line num="44" count="0" type="stmt"/>
        <line num="50" count="7" type="cond" truecount="2" falsecount="0"/>
        <line num="52" count="6" type="stmt"/>
      </file>
      <file name="SubTabCountCards.tsx" path="/Users/I5285/Documents/GitHub/ale-enterprise-poc/frontend/src/features/capital-call/components/SubTabCountCards.tsx">
        <metrics statements="12" coveredstatements="10" conditionals="6" coveredconditionals="4" methods="5" coveredmethods="4"/>
        <line num="29" count="1" type="stmt"/>
        <line num="30" count="3" type="stmt"/>
        <line num="31" count="3" type="stmt"/>
        <line num="33" count="3" type="stmt"/>
        <line num="36" count="3" type="stmt"/>
        <line num="52" count="3" type="cond" truecount="1" falsecount="1"/>
        <line num="53" count="0" type="stmt"/>
        <line num="60" count="3" type="stmt"/>
        <line num="63" count="15" type="stmt"/>
        <line num="65" count="15" type="cond" truecount="1" falsecount="1"/>
        <line num="68" count="15" type="stmt"/>
        <line num="77" count="0" type="stmt"/>
      </file>
      <file name="SubmitDialog.tsx" path="/Users/I5285/Documents/GitHub/ale-enterprise-poc/frontend/src/features/capital-call/components/SubmitDialog.tsx">
        <metrics statements="4" coveredstatements="4" conditionals="0" coveredconditionals="0" methods="2" coveredmethods="2"/>
        <line num="18" count="1" type="stmt"/>
        <line num="23" count="6" type="stmt"/>
        <line num="41" count="1" type="stmt"/>
        <line num="42" count="1" type="stmt"/>
      </file>
    </package>
    <package name="features.capital-call.hooks">
      <metrics statements="62" coveredstatements="62" conditionals="12" coveredconditionals="11" methods="31" coveredmethods="31"/>
      <file name="useCapitalCall.ts" path="/Users/I5285/Documents/GitHub/ale-enterprise-poc/frontend/src/features/capital-call/hooks/useCapitalCall.ts">
        <metrics statements="8" coveredstatements="8" conditionals="0" coveredconditionals="0" methods="4" coveredmethods="4"/>
        <line num="3" count="1" type="stmt"/>
        <line num="5" count="3" type="stmt"/>
        <line num="6" count="1" type="stmt"/>
        <line num="7" count="2" type="stmt"/>
        <line num="11" count="3" type="stmt"/>
        <line num="14" count="1" type="stmt"/>
        <line num="15" count="1" type="stmt"/>
        <line num="22" count="3" type="stmt"/>
      </file>
      <file name="useCapitalCallWorkflow.ts" path="/Users/I5285/Documents/GitHub/ale-enterprise-poc/frontend/src/features/capital-call/hooks/useCapitalCallWorkflow.ts">
        <metrics statements="38" coveredstatements="38" conditionals="12" coveredconditionals="11" methods="17" coveredmethods="17"/>
        <line num="9" count="1" type="stmt"/>
        <line num="10" count="14" type="stmt"/>
        <line num="12" count="14" type="stmt"/>
        <line num="13" count="3" type="stmt"/>
        <line num="15" count="1" type="stmt"/>
        <line num="16" count="1" type="stmt"/>
        <line num="17" count="1" type="stmt"/>
        <line num="20" count="2" type="cond" truecount="2" falsecount="0"/>
        <line num="28" count="1" type="stmt"/>
        <line num="29" count="12" type="stmt"/>
        <line num="31" count="12" type="stmt"/>
        <line num="32" count="2" type="stmt"/>
        <line num="34" count="1" type="stmt"/>
        <line num="35" count="1" type="stmt"/>
        <line num="36" count="1" type="stmt"/>
        <line num="39" count="1" type="cond" truecount="1" falsecount="1"/>
        <line num="47" count="1" type="stmt"/>
        <line num="48" count="12" type="stmt"/>
        <line num="50" count="12" type="stmt"/>
        <line num="51" count="2" type="stmt"/>
        <line num="53" count="1" type="stmt"/>
        <line num="54" count="1" type="stmt"/>
        <line num="55" count="1" type="stmt"/>
        <line num="58" count="1" type="cond" truecount="2" falsecount="0"/>
        <line num="66" count="1" type="stmt"/>
        <line num="67" count="12" type="stmt"/>
        <line num="69" count="12" type="stmt"/>
        <line num="70" count="2" type="stmt"/>
        <line num="72" count="1" type="stmt"/>
        <line num="73" count="1" type="stmt"/>
        <line num="74" count="1" type="stmt"/>
        <line num="77" count="1" type="cond" truecount="2" falsecount="0"/>
        <line num="86" count="1" type="stmt"/>
        <line num="87" count="10" type="stmt"/>
        <line num="88" count="10" type="stmt"/>
        <line num="89" count="10" type="stmt"/>
        <line num="90" count="10" type="stmt"/>
        <line num="92" count="10" type="stmt"/>
      </file>
      <file name="useLocking.ts" path="/Users/I5285/Documents/GitHub/ale-enterprise-poc/frontend/src/features/capital-call/hooks/useLocking.ts">
        <metrics statements="12" coveredstatements="12" conditionals="0" coveredconditionals="0" methods="7" coveredmethods="7"/>
        <line num="8" count="1" type="stmt"/>
        <line num="9" count="4" type="stmt"/>
        <line num="10" count="4" type="stmt"/>
        <line num="11" count="1" type="stmt"/>
        <line num="13" count="1" type="stmt"/>
        <line num="16" count="4" type="stmt"/>
        <line num="17" count="1" type="stmt"/>
        <line num="19" count="1" type="stmt"/>
        <line num="23" count="4" type="stmt"/>
        <line num="24" count="1" type="stmt"/>
        <line num="26" count="1" type="stmt"/>
        <line num="30" count="4" type="stmt"/>
      </file>
      <file name="useTabCounts.ts" path="/Users/I5285/Documents/GitHub/ale-enterprise-poc/frontend/src/features/capital-call/hooks/useTabCounts.ts">
        <metrics statements="4" coveredstatements="4" conditionals="0" coveredconditionals="0" methods="3" coveredmethods="3"/>
        <line num="16" count="1" type="stmt"/>
        <line num="17" count="3" type="stmt"/>
        <line num="19" count="3" type="stmt"/>
        <line num="21" count="2" type="stmt"/>
      </file>
    </package>
    <package name="features.capital-call.pages">
      <metrics statements="9" coveredstatements="8" conditionals="2" coveredconditionals="2" methods="6" coveredmethods="5"/>
      <file name="CapitalCallDashboard.tsx" path="/Users/I5285/Documents/GitHub/ale-enterprise-poc/frontend/src/features/capital-call/pages/CapitalCallDashboard.tsx">
        <metrics statements="1" coveredstatements="1" conditionals="0" coveredconditionals="0" methods="1" coveredmethods="1"/>
        <line num="7" count="1" type="stmt"/>
      </file>
      <file name="CapitalCallPage.tsx" path="/Users/I5285/Documents/GitHub/ale-enterprise-poc/frontend/src/features/capital-call/pages/CapitalCallPage.tsx">
        <metrics statements="8" coveredstatements="7" conditionals="2" coveredconditionals="2" methods="5" coveredmethods="4"/>
        <line num="27" count="1" type="stmt"/>
        <line num="28" count="3" type="stmt"/>
        <line num="29" count="3" type="stmt"/>
        <line num="30" count="3" type="stmt"/>
        <line num="31" count="3" type="stmt"/>
        <line num="34" count="3" type="stmt"/>
        <line num="36" count="3" type="stmt"/>
        <line num="58" count="0" type="stmt"/>
      </file>
    </package>
    <package name="features.capital-call.schemas">
      <metrics statements="9" coveredstatements="9" conditionals="0" coveredconditionals="0" methods="5" coveredmethods="5"/>
      <file name="capitalCallSchema.ts" path="/Users/I5285/Documents/GitHub/ale-enterprise-poc/frontend/src/features/capital-call/schemas/capitalCallSchema.ts">
        <metrics statements="9" coveredstatements="9" conditionals="0" coveredconditionals="0" methods="5" coveredmethods="5"/>
        <line num="16" count="1" type="stmt"/>
        <line num="31" count="13" type="stmt"/>
        <line num="32" count="6" type="stmt"/>
        <line num="35" count="13" type="stmt"/>
        <line num="41" count="13" type="stmt"/>
        <line num="42" count="6" type="stmt"/>
        <line num="45" count="13" type="stmt"/>
        <line num="58" count="12" type="stmt"/>
        <line num="60" count="12" type="stmt"/>
      </file>
    </package>
    <package name="features.capital-call.store">
      <metrics statements="12" coveredstatements="11" conditionals="4" coveredconditionals="0" methods="13" coveredmethods="11"/>
      <file name="capitalCallStore.ts" path="/Users/I5285/Documents/GitHub/ale-enterprise-poc/frontend/src/features/capital-call/store/capitalCallStore.ts">
        <metrics statements="12" coveredstatements="11" conditionals="4" coveredconditionals="0" methods="13" coveredmethods="11"/>
        <line num="52" count="1" type="stmt"/>
        <line num="54" count="1" type="stmt"/>
        <line num="66" count="1" type="stmt"/>
        <line num="69" count="1" type="stmt"/>
        <line num="72" count="1" type="stmt"/>
        <line num="75" count="3" type="stmt"/>
        <line num="78" count="2" type="stmt"/>
        <line num="87" count="0" type="stmt"/>
        <line num="95" count="1" type="stmt"/>
        <line num="101" count="4" type="stmt"/>
        <line num="104" count="1" type="stmt"/>
        <line num="112" count="24" type="stmt"/>
      </file>
    </package>
    <package name="features.dashboard">
      <metrics statements="7" coveredstatements="6" conditionals="0" coveredconditionals="0" methods="3" coveredmethods="2"/>
      <file name="DashboardPage.tsx" path="/Users/I5285/Documents/GitHub/ale-enterprise-poc/frontend/src/features/dashboard/DashboardPage.tsx">
        <metrics statements="7" coveredstatements="6" conditionals="0" coveredconditionals="0" methods="3" coveredmethods="2"/>
        <line num="6" count="3" type="stmt"/>
        <line num="7" count="3" type="stmt"/>
        <line num="9" count="3" type="stmt"/>
        <line num="33" count="3" type="stmt"/>
        <line num="42" count="9" type="stmt"/>
        <line num="43" count="9" type="stmt"/>
        <line num="46" count="0" type="stmt"/>
      </file>
    </package>
    <package name="features.document-tracker.api">
      <metrics statements="7" coveredstatements="7" conditionals="0" coveredconditionals="0" methods="3" coveredmethods="3"/>
      <file name="documentTrackerApi.ts" path="/Users/I5285/Documents/GitHub/ale-enterprise-poc/frontend/src/features/document-tracker/api/documentTrackerApi.ts">
        <metrics statements="7" coveredstatements="7" conditionals="0" coveredconditionals="0" methods="3" coveredmethods="3"/>
        <line num="9" count="1" type="stmt"/>
        <line num="11" count="2" type="stmt"/>
        <line num="12" count="2" type="stmt"/>
        <line num="16" count="1" type="stmt"/>
        <line num="17" count="1" type="stmt"/>
        <line num="21" count="1" type="stmt"/>
        <line num="24" count="1" type="stmt"/>
      </file>
    </package>
    <package name="features.document-tracker.components">
      <metrics statements="7" coveredstatements="5" conditionals="16" coveredconditionals="9" methods="2" coveredmethods="1"/>
      <file name="AdvancedSearchDialog.tsx" path="/Users/I5285/Documents/GitHub/ale-enterprise-poc/frontend/src/features/document-tracker/components/AdvancedSearchDialog.tsx">
        <metrics statements="7" coveredstatements="5" conditionals="16" coveredconditionals="9" methods="2" coveredmethods="1"/>
        <line num="14" count="2" type="stmt"/>
        <line num="24" count="17" type="stmt"/>
        <line num="28" count="17" type="stmt"/>
        <line num="29" count="0" type="stmt"/>
        <line num="30" count="0" type="stmt"/>
        <line num="33" count="17" type="cond" truecount="2" falsecount="0"/>
        <line num="35" count="6" type="stmt"/>
      </file>
    </package>
    <package name="features.document-tracker.hooks">
      <metrics statements="25" coveredstatements="18" conditionals="0" coveredconditionals="0" methods="14" coveredmethods="12"/>
      <file name="useDocumentSearch.ts" path="/Users/I5285/Documents/GitHub/ale-enterprise-poc/frontend/src/features/document-tracker/hooks/useDocumentSearch.ts">
        <metrics statements="25" coveredstatements="18" conditionals="0" coveredconditionals="0" methods="14" coveredmethods="12"/>
        <line num="6" count="1" type="stmt"/>
        <line num="7" count="11" type="stmt"/>
        <line num="13" count="11" type="stmt"/>
        <line num="15" count="10" type="stmt"/>
        <line num="20" count="11" type="stmt"/>
        <line num="21" count="2" type="stmt"/>
        <line num="28" count="11" type="stmt"/>
        <line num="29" count="1" type="stmt"/>
        <line num="35" count="11" type="stmt"/>
        <line num="36" count="2" type="stmt"/>
        <line num="42" count="11" type="stmt"/>
        <line num="43" count="1" type="stmt"/>
        <line num="50" count="11" type="stmt"/>
        <line num="63" count="1" type="stmt"/>
        <line num="64" count="2" type="stmt"/>
        <line num="66" count="1" type="stmt"/>
        <line num="71" count="1" type="stmt"/>
        <line num="72" count="1" type="stmt"/>
        <line num="73" count="0" type="stmt"/>
        <line num="75" count="0" type="stmt"/>
        <line num="76" count="0" type="stmt"/>
        <line num="77" count="0" type="stmt"/>
        <line num="78" count="0" type="stmt"/>
        <line num="79" count="0" type="stmt"/>
        <line num="80" count="0" type="stmt"/>
      </file>
    </package>
    <package name="features.document-tracker.pages">
      <metrics statements="27" coveredstatements="25" conditionals="23" coveredconditionals="23" methods="10" coveredmethods="8"/>
      <file name="DocumentDetailsPage.tsx" path="/Users/I5285/Documents/GitHub/ale-enterprise-poc/frontend/src/features/document-tracker/pages/DocumentDetailsPage.tsx">
        <metrics statements="15" coveredstatements="13" conditionals="19" coveredconditionals="19" methods="6" coveredmethods="4"/>
        <line num="7" count="9" type="stmt"/>
        <line num="8" count="9" type="stmt"/>
        <line num="9" count="9" type="stmt"/>
        <line num="11" count="9" type="cond" truecount="2" falsecount="0"/>
        <line num="12" count="1" type="stmt"/>
        <line num="15" count="0" type="stmt"/>
        <line num="30" count="8" type="cond" truecount="4" falsecount="0"/>
        <line num="31" count="2" type="stmt"/>
        <line num="34" count="0" type="stmt"/>
        <line num="48" count="1" type="stmt"/>
        <line num="60" count="6" type="stmt"/>
        <line num="67" count="6" type="stmt"/>
        <line num="70" count="1" type="stmt"/>
        <line num="110" count="20" type="cond" truecount="2" falsecount="0"/>
        <line num="118" count="20" type="stmt"/>
      </file>
      <file name="DocumentTrackerPage.tsx" path="/Users/I5285/Documents/GitHub/ale-enterprise-poc/frontend/src/features/document-tracker/pages/DocumentTrackerPage.tsx">
        <metrics statements="12" coveredstatements="12" conditionals="4" coveredconditionals="4" methods="4" coveredmethods="4"/>
        <line num="9" count="6" type="stmt"/>
        <line num="10" count="6" type="stmt"/>
        <line num="21" count="6" type="stmt"/>
        <line num="23" count="6" type="stmt"/>
        <line num="25" count="6" type="stmt"/>
        <line num="26" count="2" type="stmt"/>
        <line num="29" count="6" type="stmt"/>
        <line num="30" count="1" type="stmt"/>
        <line num="33" count="6" type="cond" truecount="2" falsecount="0"/>
        <line num="34" count="2" type="stmt"/>
        <line num="41" count="1" type="stmt"/>
        <line num="49" count="4" type="stmt"/>
      </file>
    </package>
    <package name="features.document-tracker.schemas">
      <metrics statements="11" coveredstatements="11" conditionals="14" coveredconditionals="14" methods="5" coveredmethods="5"/>
      <file name="filterSchema.ts" path="/Users/I5285/Documents/GitHub/ale-enterprise-poc/frontend/src/features/document-tracker/schemas/filterSchema.ts">
        <metrics statements="11" coveredstatements="11" conditionals="14" coveredconditionals="14" methods="5" coveredmethods="5"/>
        <line num="3" count="3" type="stmt"/>
        <line num="8" count="11" type="cond" truecount="2" falsecount="0"/>
        <line num="16" count="11" type="cond" truecount="2" falsecount="0"/>
        <line num="23" count="11" type="cond" truecount="2" falsecount="0"/>
        <line num="28" count="11" type="cond" truecount="4" falsecount="0"/>
        <line num="29" count="3" type="stmt"/>
        <line num="31" count="8" type="stmt"/>
        <line num="42" count="3" type="stmt"/>
        <line num="52" count="12" type="cond" truecount="4" falsecount="0"/>
        <line num="53" count="2" type="stmt"/>
        <line num="55" count="10" type="stmt"/>
      </file>
    </package>
    <package name="features.document-tracker.store">
      <metrics statements="6" coveredstatements="6" conditionals="0" coveredconditionals="0" methods="5" coveredmethods="5"/>
      <file name="documentTrackerStore.ts" path="/Users/I5285/Documents/GitHub/ale-enterprise-poc/frontend/src/features/document-tracker/store/documentTrackerStore.ts">
        <metrics statements="6" coveredstatements="6" conditionals="0" coveredconditionals="0" methods="5" coveredmethods="5"/>
        <line num="19" count="1" type="stmt"/>
        <line num="21" count="1" type="stmt"/>
        <line num="24" count="4" type="stmt"/>
        <line num="25" count="1" type="stmt"/>
        <line num="26" count="3" type="stmt"/>
        <line num="30" count="14" type="stmt"/>
      </file>
    </package>
    <package name="hooks">
      <metrics statements="69" coveredstatements="68" conditionals="13" coveredconditionals="12" methods="19" coveredmethods="19"/>
      <file name="useAuth.ts" path="/Users/I5285/Documents/GitHub/ale-enterprise-poc/frontend/src/hooks/useAuth.ts">
        <metrics statements="25" coveredstatements="25" conditionals="4" coveredconditionals="4" methods="4" coveredmethods="4"/>
        <line num="13" count="11" type="stmt"/>
        <line num="14" count="11" type="stmt"/>
        <line num="15" count="11" type="stmt"/>
        <line num="16" count="6" type="stmt"/>
        <line num="17" count="6" type="cond" truecount="2" falsecount="0"/>
        <line num="18" count="2" type="stmt"/>
        <line num="19" count="2" type="stmt"/>
        <line num="22" count="11" type="stmt"/>
        <line num="23" count="3" type="stmt"/>
        <line num="24" count="3" type="stmt"/>
        <line num="31" count="3" type="cond" truecount="2" falsecount="0"/>
        <line num="32" count="1" type="stmt"/>
        <line num="34" count="2" type="stmt"/>
        <line num="35" count="2" type="stmt"/>
        <line num="36" count="2" type="stmt"/>
        <line num="37" count="2" type="stmt"/>
        <line num="38" count="2" type="stmt"/>
        <line num="40" count="1" type="stmt"/>
        <line num="41" count="1" type="stmt"/>
        <line num="44" count="11" type="stmt"/>
        <line num="45" count="1" type="stmt"/>
        <line num="46" count="1" type="stmt"/>
        <line num="47" count="1" type="stmt"/>
        <line num="48" count="1" type="stmt"/>
        <line num="50" count="11" type="stmt"/>
      </file>
      <file name="useDebounce.ts" path="/Users/I5285/Documents/GitHub/ale-enterprise-poc/frontend/src/hooks/useDebounce.ts">
        <metrics statements="7" coveredstatements="7" conditionals="0" coveredconditionals="0" methods="4" coveredmethods="4"/>
        <line num="4" count="13" type="stmt"/>
        <line num="5" count="13" type="stmt"/>
        <line num="6" count="10" type="stmt"/>
        <line num="7" count="3" type="stmt"/>
        <line num="9" count="10" type="stmt"/>
        <line num="10" count="10" type="stmt"/>
        <line num="13" count="13" type="stmt"/>
      </file>
      <file name="useLocalStorage.ts" path="/Users/I5285/Documents/GitHub/ale-enterprise-poc/frontend/src/hooks/useLocalStorage.ts">
        <metrics statements="13" coveredstatements="12" conditionals="4" coveredconditionals="3" methods="3" coveredmethods="3"/>
        <line num="4" count="9" type="stmt"/>
        <line num="5" count="6" type="stmt"/>
        <line num="6" count="6" type="stmt"/>
        <line num="7" count="6" type="cond" truecount="2" falsecount="0"/>
        <line num="9" count="1" type="stmt"/>
        <line num="10" count="1" type="stmt"/>
        <line num="13" count="9" type="stmt"/>
        <line num="14" count="3" type="stmt"/>
        <line num="15" count="3" type="cond" truecount="1" falsecount="1"/>
        <line num="16" count="3" type="stmt"/>
        <line num="17" count="3" type="stmt"/>
        <line num="19" count="0" type="stmt"/>
        <line num="22" count="9" type="stmt"/>
      </file>
      <file name="usePagination.ts" path="/Users/I5285/Documents/GitHub/ale-enterprise-poc/frontend/src/hooks/usePagination.ts">
        <metrics statements="12" coveredstatements="12" conditionals="5" coveredconditionals="5" methods="4" coveredmethods="4"/>
        <line num="19" count="11" type="stmt"/>
        <line num="20" count="11" type="stmt"/>
        <line num="21" count="10" type="stmt"/>
        <line num="23" count="11" type="stmt"/>
        <line num="24" count="10" type="stmt"/>
        <line num="25" count="10" type="stmt"/>
        <line num="26" count="50" type="stmt"/>
        <line num="28" count="10" type="stmt"/>
        <line num="30" count="11" type="stmt"/>
        <line num="31" count="3" type="cond" truecount="4" falsecount="0"/>
        <line num="32" count="1" type="stmt"/>
        <line num="35" count="11" type="stmt"/>
      </file>
      <file name="usePermissions.ts" path="/Users/I5285/Documents/GitHub/ale-enterprise-poc/frontend/src/hooks/usePermissions.ts">
        <metrics statements="12" coveredstatements="12" conditionals="0" coveredconditionals="0" methods="4" coveredmethods="4"/>
        <line num="11" count="8" type="stmt"/>
        <line num="12" count="8" type="stmt"/>
        <line num="14" count="5" type="stmt"/>
        <line num="15" count="5" type="stmt"/>
        <line num="17" count="5" type="stmt"/>
        <line num="18" count="4" type="stmt"/>
        <line num="19" count="4" type="stmt"/>
        <line num="22" count="1" type="stmt"/>
        <line num="25" count="5" type="stmt"/>
        <line num="28" count="8" type="stmt"/>
        <line num="29" count="3" type="stmt"/>
        <line num="31" count="8" type="stmt"/>
      </file>
    </package>
    <package name="lib.api">
      <metrics statements="16" coveredstatements="15" conditionals="10" coveredconditionals="8" methods="4" coveredmethods="3"/>
      <file name="client.ts" path="/Users/I5285/Documents/GitHub/ale-enterprise-poc/frontend/src/lib/api/client.ts">
        <metrics statements="16" coveredstatements="15" conditionals="10" coveredconditionals="8" methods="4" coveredmethods="3"/>
        <line num="32" count="3" type="cond" truecount="1" falsecount="1"/>
        <line num="34" count="3" type="stmt"/>
        <line num="43" count="3" type="stmt"/>
        <line num="45" count="18" type="stmt"/>
        <line num="46" count="18" type="cond" truecount="2" falsecount="0"/>
        <line num="47" count="1" type="stmt"/>
        <line num="51" count="18" type="stmt"/>
        <line num="53" count="18" type="stmt"/>
        <line num="55" count="0" type="stmt"/>
        <line num="59" count="3" type="stmt"/>
        <line num="60" count="15" type="stmt"/>
        <line num="62" count="3" type="cond" truecount="2" falsecount="0"/>
        <line num="64" count="1" type="stmt"/>
        <line num="67" count="3" type="cond" truecount="2" falsecount="0"/>
        <line num="69" count="1" type="stmt"/>
        <line num="72" count="3" type="cond" truecount="1" falsecount="1"/>
      </file>
    </package>
    <package name="lib.utils">
      <metrics statements="19" coveredstatements="19" conditionals="4" coveredconditionals="4" methods="8" coveredmethods="8"/>
      <file name="cn.ts" path="/Users/I5285/Documents/GitHub/ale-enterprise-poc/frontend/src/lib/utils/cn.ts">
        <metrics statements="1" coveredstatements="1" conditionals="0" coveredconditionals="0" methods="1" coveredmethods="1"/>
        <line num="9" count="8" type="stmt"/>
      </file>
      <file name="formatters.ts" path="/Users/I5285/Documents/GitHub/ale-enterprise-poc/frontend/src/lib/utils/formatters.ts">
        <metrics statements="18" coveredstatements="18" conditionals="4" coveredconditionals="4" methods="7" coveredmethods="7"/>
        <line num="1" count="4" type="stmt"/>
        <line num="2" count="9" type="stmt"/>
        <line num="10" count="4" type="stmt"/>
        <line num="11" count="35" type="stmt"/>
        <line num="12" count="35" type="stmt"/>
        <line num="21" count="4" type="stmt"/>
        <line num="22" count="2" type="stmt"/>
        <line num="23" count="2" type="stmt"/>
        <line num="30" count="4" type="stmt"/>
        <line num="31" count="6" type="stmt"/>
        <line num="34" count="4" type="stmt"/>
        <line num="35" count="4" type="stmt"/>
        <line num="38" count="4" type="stmt"/>
        <line num="39" count="11" type="stmt"/>
        <line num="51" count="11" type="cond" truecount="2" falsecount="0"/>
        <line num="54" count="4" type="stmt"/>
        <line num="55" count="5" type="stmt"/>
        <line num="61" count="5" type="cond" truecount="2" falsecount="0"/>
      </file>
    </package>
  </project>
</coverage>
