{"/Users/I5285/Documents/GitHub/ale-enterprise-poc/frontend/src/app/App.tsx": {"path":"/Users/I5285/Documents/GitHub/ale-enterprise-poc/frontend/src/app/App.tsx","statementMap":{"0":{"start":{"line":9,"column":2},"end":{"line":18,"column":4}}},"fnMap":{"0":{"name":"App","decl":{"start":{"line":8,"column":9},"end":{"line":8,"column":12}},"loc":{"start":{"line":8,"column":12},"end":{"line":19,"column":1}}}},"branchMap":{},"s":{"0":2},"f":{"0":2},"b":{}}
,"/Users/I5285/Documents/GitHub/ale-enterprise-poc/frontend/src/app/providers/AuthProvider.tsx": {"path":"/Users/I5285/Documents/GitHub/ale-enterprise-poc/frontend/src/app/providers/AuthProvider.tsx","statementMap":{"0":{"start":{"line":12,"column":20},"end":{"line":12,"column":73}},"1":{"start":{"line":14,"column":28},"end":{"line":37,"column":1}},"2":{"start":{"line":15,"column":26},"end":{"line":18,"column":4}},"3":{"start":{"line":16,"column":19},"end":{"line":16,"column":47}},"4":{"start":{"line":17,"column":4},"end":{"line":17,"column":46}},"5":{"start":{"line":20,"column":16},"end":{"line":24,"column":3}},"6":{"start":{"line":21,"column":4},"end":{"line":21,"column":22}},"7":{"start":{"line":22,"column":4},"end":{"line":22,"column":59}},"8":{"start":{"line":23,"column":4},"end":{"line":23,"column":45}},"9":{"start":{"line":26,"column":17},"end":{"line":30,"column":3}},"10":{"start":{"line":27,"column":4},"end":{"line":27,"column":18}},"11":{"start":{"line":28,"column":4},"end":{"line":28,"column":36}},"12":{"start":{"line":29,"column":4},"end":{"line":29,"column":41}},"13":{"start":{"line":32,"column":2},"end":{"line":36,"column":4}},"14":{"start":{"line":39,"column":23},"end":{"line":45,"column":1}},"15":{"start":{"line":40,"column":18},"end":{"line":40,"column":41}},"16":{"start":{"line":41,"column":2},"end":{"line":43,"column":3}},"17":{"start":{"line":42,"column":4},"end":{"line":42,"column":67}},"18":{"start":{"line":44,"column":2},"end":{"line":44,"column":17}}},"fnMap":{"0":{"name":"(anonymous_0)","decl":{"start":{"line":14,"column":28},"end":{"line":14,"column":29}},"loc":{"start":{"line":14,"column":70},"end":{"line":37,"column":1}}},"1":{"name":"(anonymous_1)","decl":{"start":{"line":15,"column":52},"end":{"line":15,"column":55}},"loc":{"start":{"line":15,"column":57},"end":{"line":18,"column":3}}},"2":{"name":"(anonymous_2)","decl":{"start":{"line":20,"column":16},"end":{"line":20,"column":17}},"loc":{"start":{"line":20,"column":54},"end":{"line":24,"column":3}}},"3":{"name":"(anonymous_3)","decl":{"start":{"line":26,"column":17},"end":{"line":26,"column":20}},"loc":{"start":{"line":26,"column":22},"end":{"line":30,"column":3}}},"4":{"name":"(anonymous_4)","decl":{"start":{"line":39,"column":23},"end":{"line":39,"column":26}},"loc":{"start":{"line":39,"column":28},"end":{"line":45,"column":1}}}},"branchMap":{"0":{"loc":{"start":{"line":17,"column":11},"end":{"line":17,"column":45}},"type":"cond-expr","locations":[{"start":{"line":17,"column":20},"end":{"line":17,"column":38}},{"start":{"line":17,"column":41},"end":{"line":17,"column":45}}]},"1":{"loc":{"start":{"line":41,"column":2},"end":{"line":43,"column":3}},"type":"if","locations":[{"start":{"line":41,"column":2},"end":{"line":43,"column":3}},{"start":{},"end":{}}]}},"s":{"0":2,"1":2,"2":11,"3":7,"4":7,"5":11,"6":3,"7":3,"8":3,"9":11,"10":1,"11":1,"12":1,"13":11,"14":2,"15":12,"16":11,"17":2,"18":9},"f":{"0":11,"1":7,"2":3,"3":1,"4":12},"b":{"0":[1,6],"1":[2,9]}}
,"/Users/I5285/Documents/GitHub/ale-enterprise-poc/frontend/src/app/providers/QueryProvider.tsx": {"path":"/Users/I5285/Documents/GitHub/ale-enterprise-poc/frontend/src/app/providers/QueryProvider.tsx","statementMap":{"0":{"start":{"line":4,"column":20},"end":{"line":16,"column":2}},"1":{"start":{"line":18,"column":29},"end":{"line":20,"column":1}},"2":{"start":{"line":19,"column":2},"end":{"line":19,"column":84}}},"fnMap":{"0":{"name":"(anonymous_0)","decl":{"start":{"line":18,"column":29},"end":{"line":18,"column":30}},"loc":{"start":{"line":18,"column":71},"end":{"line":20,"column":1}}}},"branchMap":{},"s":{"0":2,"1":2,"2":4},"f":{"0":4},"b":{}}
,"/Users/I5285/Documents/GitHub/ale-enterprise-poc/frontend/src/app/providers/ThemeProvider.tsx": {"path":"/Users/I5285/Documents/GitHub/ale-enterprise-poc/frontend/src/app/providers/ThemeProvider.tsx","statementMap":{"0":{"start":{"line":3,"column":29},"end":{"line":5,"column":1}},"1":{"start":{"line":4,"column":2},"end":{"line":4,"column":25}}},"fnMap":{"0":{"name":"(anonymous_0)","decl":{"start":{"line":3,"column":29},"end":{"line":3,"column":30}},"loc":{"start":{"line":3,"column":71},"end":{"line":5,"column":1}}}},"branchMap":{},"s":{"0":2,"1":4},"f":{"0":4},"b":{}}
,"/Users/I5285/Documents/GitHub/ale-enterprise-poc/frontend/src/components/common/ComingSoonPage.tsx": {"path":"/Users/I5285/Documents/GitHub/ale-enterprise-poc/frontend/src/components/common/ComingSoonPage.tsx","statementMap":{"0":{"start":{"line":17,"column":61},"end":{"line":58,"column":1}},"1":{"start":{"line":18,"column":19},"end":{"line":18,"column":32}},"2":{"start":{"line":20,"column":2},"end":{"line":57,"column":4}},"3":{"start":{"line":48,"column":27},"end":{"line":48,"column":39}}},"fnMap":{"0":{"name":"(anonymous_0)","decl":{"start":{"line":17,"column":61},"end":{"line":17,"column":62}},"loc":{"start":{"line":17,"column":75},"end":{"line":58,"column":1}}},"1":{"name":"(anonymous_1)","decl":{"start":{"line":48,"column":21},"end":{"line":48,"column":24}},"loc":{"start":{"line":48,"column":27},"end":{"line":48,"column":39}}}},"branchMap":{},"s":{"0":1,"1":3,"2":3,"3":1},"f":{"0":3,"1":1},"b":{}}
,"/Users/I5285/Documents/GitHub/ale-enterprise-poc/frontend/src/components/common/NotFoundPage.tsx": {"path":"/Users/I5285/Documents/GitHub/ale-enterprise-poc/frontend/src/components/common/NotFoundPage.tsx","statementMap":{"0":{"start":{"line":10,"column":38},"end":{"line":50,"column":1}},"1":{"start":{"line":11,"column":19},"end":{"line":11,"column":32}},"2":{"start":{"line":13,"column":2},"end":{"line":49,"column":4}},"3":{"start":{"line":40,"column":27},"end":{"line":40,"column":55}}},"fnMap":{"0":{"name":"(anonymous_0)","decl":{"start":{"line":10,"column":38},"end":{"line":10,"column":41}},"loc":{"start":{"line":10,"column":43},"end":{"line":50,"column":1}}},"1":{"name":"(anonymous_1)","decl":{"start":{"line":40,"column":21},"end":{"line":40,"column":24}},"loc":{"start":{"line":40,"column":27},"end":{"line":40,"column":55}}}},"branchMap":{},"s":{"0":1,"1":3,"2":3,"3":1},"f":{"0":3,"1":1},"b":{}}
,"/Users/I5285/Documents/GitHub/ale-enterprise-poc/frontend/src/components/common/DataGrid/hooks.ts": {"path":"/Users/I5285/Documents/GitHub/ale-enterprise-poc/frontend/src/components/common/DataGrid/hooks.ts","statementMap":{"0":{"start":{"line":13,"column":29},"end":{"line":28,"column":1}},"1":{"start":{"line":14,"column":40},"end":{"line":17,"column":6}},"2":{"start":{"line":19,"column":21},"end":{"line":21,"column":10}},"3":{"start":{"line":20,"column":8},"end":{"line":20,"column":58}},"4":{"start":{"line":20,"column":33},"end":{"line":20,"column":55}},"5":{"start":{"line":23,"column":24},"end":{"line":25,"column":10}},"6":{"start":{"line":24,"column":8},"end":{"line":24,"column":71}},"7":{"start":{"line":24,"column":33},"end":{"line":24,"column":68}},"8":{"start":{"line":27,"column":4},"end":{"line":27,"column":49}},"9":{"start":{"line":30,"column":23},"end":{"line":45,"column":1}},"10":{"start":{"line":31,"column":28},"end":{"line":34,"column":6}},"11":{"start":{"line":36,"column":19},"end":{"line":42,"column":10}},"12":{"start":{"line":37,"column":8},"end":{"line":41,"column":12}},"13":{"start":{"line":37,"column":27},"end":{"line":41,"column":10}},"14":{"start":{"line":44,"column":4},"end":{"line":44,"column":28}},"15":{"start":{"line":47,"column":32},"end":{"line":52,"column":1}},"16":{"start":{"line":48,"column":50},"end":{"line":48,"column":80}},"17":{"start":{"line":49,"column":29},"end":{"line":49,"column":38}},"18":{"start":{"line":51,"column":4},"end":{"line":51,"column":63}}},"fnMap":{"0":{"name":"(anonymous_0)","decl":{"start":{"line":13,"column":29},"end":{"line":13,"column":30}},"loc":{"start":{"line":13,"column":62},"end":{"line":28,"column":1}}},"1":{"name":"(anonymous_1)","decl":{"start":{"line":19,"column":33},"end":{"line":19,"column":34}},"loc":{"start":{"line":19,"column":55},"end":{"line":21,"column":5}}},"2":{"name":"(anonymous_2)","decl":{"start":{"line":20,"column":22},"end":{"line":20,"column":23}},"loc":{"start":{"line":20,"column":33},"end":{"line":20,"column":55}}},"3":{"name":"(anonymous_3)","decl":{"start":{"line":23,"column":36},"end":{"line":23,"column":37}},"loc":{"start":{"line":23,"column":57},"end":{"line":25,"column":5}}},"4":{"name":"(anonymous_4)","decl":{"start":{"line":24,"column":22},"end":{"line":24,"column":23}},"loc":{"start":{"line":24,"column":33},"end":{"line":24,"column":68}}},"5":{"name":"(anonymous_5)","decl":{"start":{"line":30,"column":23},"end":{"line":30,"column":26}},"loc":{"start":{"line":30,"column":28},"end":{"line":45,"column":1}}},"6":{"name":"(anonymous_6)","decl":{"start":{"line":36,"column":31},"end":{"line":36,"column":32}},"loc":{"start":{"line":36,"column":50},"end":{"line":42,"column":5}}},"7":{"name":"(anonymous_7)","decl":{"start":{"line":37,"column":16},"end":{"line":37,"column":17}},"loc":{"start":{"line":37,"column":27},"end":{"line":41,"column":10}}},"8":{"name":"(anonymous_8)","decl":{"start":{"line":47,"column":32},"end":{"line":47,"column":33}},"loc":{"start":{"line":47,"column":65},"end":{"line":52,"column":1}}}},"branchMap":{"0":{"loc":{"start":{"line":13,"column":30},"end":{"line":13,"column":58}},"type":"default-arg","locations":[{"start":{"line":13,"column":56},"end":{"line":13,"column":58}}]},"1":{"loc":{"start":{"line":40,"column":16},"end":{"line":40,"column":87}},"type":"cond-expr","locations":[{"start":{"line":40,"column":73},"end":{"line":40,"column":79}},{"start":{"line":40,"column":82},"end":{"line":40,"column":87}}]},"2":{"loc":{"start":{"line":40,"column":16},"end":{"line":40,"column":70}},"type":"binary-expr","locations":[{"start":{"line":40,"column":16},"end":{"line":40,"column":38}},{"start":{"line":40,"column":42},"end":{"line":40,"column":70}}]},"3":{"loc":{"start":{"line":47,"column":33},"end":{"line":47,"column":61}},"type":"default-arg","locations":[{"start":{"line":47,"column":59},"end":{"line":47,"column":61}}]}},"s":{"0":1,"1":8,"2":8,"3":2,"4":2,"5":8,"6":1,"7":1,"8":8,"9":1,"10":11,"11":11,"12":6,"13":6,"14":11,"15":1,"16":1,"17":1,"18":1},"f":{"0":8,"1":2,"2":2,"3":1,"4":1,"5":11,"6":6,"7":6,"8":1},"b":{"0":[6],"1":[2,4],"2":[6,2],"3":[1]}}
,"/Users/I5285/Documents/GitHub/ale-enterprise-poc/frontend/src/components/common/EmptyState/EmptyState.tsx": {"path":"/Users/I5285/Documents/GitHub/ale-enterprise-poc/frontend/src/components/common/EmptyState/EmptyState.tsx","statementMap":{"0":{"start":{"line":14,"column":53},"end":{"line":32,"column":1}},"1":{"start":{"line":20,"column":4},"end":{"line":31,"column":6}}},"fnMap":{"0":{"name":"(anonymous_0)","decl":{"start":{"line":14,"column":53},"end":{"line":14,"column":54}},"loc":{"start":{"line":19,"column":5},"end":{"line":32,"column":1}}}},"branchMap":{"0":{"loc":{"start":{"line":22,"column":13},"end":{"line":22,"column":62}},"type":"binary-expr","locations":[{"start":{"line":22,"column":13},"end":{"line":22,"column":17}},{"start":{"line":22,"column":21},"end":{"line":22,"column":62}}]},"1":{"loc":{"start":{"line":24,"column":13},"end":{"line":24,"column":79}},"type":"binary-expr","locations":[{"start":{"line":24,"column":13},"end":{"line":24,"column":24}},{"start":{"line":24,"column":28},"end":{"line":24,"column":79}}]},"2":{"loc":{"start":{"line":25,"column":13},"end":{"line":28,"column":null}},"type":"binary-expr","locations":[{"start":{"line":25,"column":13},"end":{"line":25,"column":19}},{"start":{"line":26,"column":16},"end":{"line":27,"column":null}}]}},"s":{"0":1,"1":5},"f":{"0":5},"b":{"0":[5,1],"1":[5,1],"2":[5,2]}}
,"/Users/I5285/Documents/GitHub/ale-enterprise-poc/frontend/src/components/common/EmptyState/hooks.ts": {"path":"/Users/I5285/Documents/GitHub/ale-enterprise-poc/frontend/src/components/common/EmptyState/hooks.ts","statementMap":{"0":{"start":{"line":11,"column":29},"end":{"line":40,"column":1}},"1":{"start":{"line":12,"column":32},"end":{"line":12,"column":73}},"2":{"start":{"line":13,"column":38},"end":{"line":13,"column":52}},"3":{"start":{"line":15,"column":25},"end":{"line":17,"column":10}},"4":{"start":{"line":16,"column":8},"end":{"line":16,"column":55}},"5":{"start":{"line":16,"column":27},"end":{"line":16,"column":52}},"6":{"start":{"line":19,"column":17},"end":{"line":21,"column":10}},"7":{"start":{"line":20,"column":8},"end":{"line":20,"column":28}},"8":{"start":{"line":23,"column":17},"end":{"line":25,"column":10}},"9":{"start":{"line":24,"column":8},"end":{"line":24,"column":27}},"10":{"start":{"line":27,"column":18},"end":{"line":30,"column":23}},"11":{"start":{"line":28,"column":8},"end":{"line":28,"column":33}},"12":{"start":{"line":29,"column":8},"end":{"line":29,"column":27}},"13":{"start":{"line":32,"column":4},"end":{"line":39,"column":6}}},"fnMap":{"0":{"name":"(anonymous_0)","decl":{"start":{"line":11,"column":29},"end":{"line":11,"column":30}},"loc":{"start":{"line":11,"column":65},"end":{"line":40,"column":1}}},"1":{"name":"(anonymous_1)","decl":{"start":{"line":15,"column":37},"end":{"line":15,"column":38}},"loc":{"start":{"line":15,"column":78},"end":{"line":17,"column":5}}},"2":{"name":"(anonymous_2)","decl":{"start":{"line":16,"column":18},"end":{"line":16,"column":22}},"loc":{"start":{"line":16,"column":27},"end":{"line":16,"column":52}}},"3":{"name":"(anonymous_3)","decl":{"start":{"line":19,"column":29},"end":{"line":19,"column":32}},"loc":{"start":{"line":19,"column":34},"end":{"line":21,"column":5}}},"4":{"name":"(anonymous_4)","decl":{"start":{"line":23,"column":29},"end":{"line":23,"column":32}},"loc":{"start":{"line":23,"column":34},"end":{"line":25,"column":5}}},"5":{"name":"(anonymous_5)","decl":{"start":{"line":27,"column":30},"end":{"line":27,"column":33}},"loc":{"start":{"line":27,"column":35},"end":{"line":30,"column":5}}}},"branchMap":{},"s":{"0":1,"1":12,"2":12,"3":12,"4":2,"5":2,"6":12,"7":3,"8":12,"9":1,"10":12,"11":1,"12":1,"13":12},"f":{"0":12,"1":2,"2":2,"3":3,"4":1,"5":1},"b":{}}
,"/Users/I5285/Documents/GitHub/ale-enterprise-poc/frontend/src/components/common/ErrorBoundary/ErrorBoundary.tsx": {"path":"/Users/I5285/Documents/GitHub/ale-enterprise-poc/frontend/src/components/common/ErrorBoundary/ErrorBoundary.tsx","statementMap":{"0":{"start":{"line":14,"column":8},"end":{"line":14,"column":21}},"1":{"start":{"line":15,"column":8},"end":{"line":15,"column":54}},"2":{"start":{"line":19,"column":8},"end":{"line":19,"column":41}},"3":{"start":{"line":23,"column":8},"end":{"line":23,"column":69}},"4":{"start":{"line":27,"column":8},"end":{"line":37,"column":9}},"5":{"start":{"line":28,"column":12},"end":{"line":36,"column":14}},"6":{"start":{"line":32,"column":43},"end":{"line":32,"column":90}},"7":{"start":{"line":39,"column":8},"end":{"line":39,"column":35}}},"fnMap":{"0":{"name":"(anonymous_0)","decl":{"start":{"line":13,"column":4},"end":{"line":13,"column":16}},"loc":{"start":{"line":13,"column":28},"end":{"line":16,"column":5}}},"1":{"name":"(anonymous_1)","decl":{"start":{"line":18,"column":4},"end":{"line":18,"column":10}},"loc":{"start":{"line":18,"column":48},"end":{"line":20,"column":5}}},"2":{"name":"(anonymous_2)","decl":{"start":{"line":22,"column":4},"end":{"line":22,"column":21}},"loc":{"start":{"line":22,"column":56},"end":{"line":24,"column":5}}},"3":{"name":"(anonymous_3)","decl":{"start":{"line":26,"column":4},"end":{"line":26,"column":10}},"loc":{"start":{"line":26,"column":10},"end":{"line":40,"column":5}}},"4":{"name":"(anonymous_4)","decl":{"start":{"line":32,"column":37},"end":{"line":32,"column":40}},"loc":{"start":{"line":32,"column":43},"end":{"line":32,"column":90}}}},"branchMap":{"0":{"loc":{"start":{"line":27,"column":8},"end":{"line":37,"column":9}},"type":"if","locations":[{"start":{"line":27,"column":8},"end":{"line":37,"column":9}},{"start":{},"end":{}}]}},"s":{"0":8,"1":7,"2":6,"3":3,"4":14,"5":6,"6":1,"7":8},"f":{"0":8,"1":6,"2":3,"3":14,"4":1},"b":{"0":[6,8]}}
,"/Users/I5285/Documents/GitHub/ale-enterprise-poc/frontend/src/components/common/ErrorBoundary/hooks.ts": {"path":"/Users/I5285/Documents/GitHub/ale-enterprise-poc/frontend/src/components/common/ErrorBoundary/hooks.ts","statementMap":{"0":{"start":{"line":8,"column":31},"end":{"line":33,"column":1}},"1":{"start":{"line":9,"column":40},"end":{"line":12,"column":6}},"2":{"start":{"line":14,"column":21},"end":{"line":19,"column":10}},"3":{"start":{"line":15,"column":8},"end":{"line":18,"column":11}},"4":{"start":{"line":21,"column":23},"end":{"line":26,"column":10}},"5":{"start":{"line":22,"column":8},"end":{"line":25,"column":11}},"6":{"start":{"line":28,"column":4},"end":{"line":32,"column":6}},"7":{"start":{"line":35,"column":29},"end":{"line":41,"column":1}},"8":{"start":{"line":36,"column":25},"end":{"line":36,"column":42}},"9":{"start":{"line":38,"column":4},"end":{"line":40,"column":19}},"10":{"start":{"line":39,"column":8},"end":{"line":39,"column":24}},"11":{"start":{"line":43,"column":28},"end":{"line":59,"column":1}},"12":{"start":{"line":44,"column":34},"end":{"line":44,"column":49}},"13":{"start":{"line":45,"column":25},"end":{"line":45,"column":42}},"14":{"start":{"line":47,"column":20},"end":{"line":56,"column":28}},"15":{"start":{"line":48,"column":8},"end":{"line":48,"column":25}},"16":{"start":{"line":49,"column":8},"end":{"line":55,"column":9}},"17":{"start":{"line":50,"column":12},"end":{"line":50,"column":29}},"18":{"start":{"line":52,"column":12},"end":{"line":52,"column":80}},"19":{"start":{"line":54,"column":12},"end":{"line":54,"column":30}},"20":{"start":{"line":58,"column":4},"end":{"line":58,"column":32}}},"fnMap":{"0":{"name":"(anonymous_0)","decl":{"start":{"line":8,"column":31},"end":{"line":8,"column":34}},"loc":{"start":{"line":8,"column":36},"end":{"line":33,"column":1}}},"1":{"name":"(anonymous_1)","decl":{"start":{"line":14,"column":33},"end":{"line":14,"column":34}},"loc":{"start":{"line":14,"column":57},"end":{"line":19,"column":5}}},"2":{"name":"(anonymous_2)","decl":{"start":{"line":21,"column":35},"end":{"line":21,"column":38}},"loc":{"start":{"line":21,"column":40},"end":{"line":26,"column":5}}},"3":{"name":"(anonymous_3)","decl":{"start":{"line":35,"column":29},"end":{"line":35,"column":32}},"loc":{"start":{"line":35,"column":34},"end":{"line":41,"column":1}}},"4":{"name":"(anonymous_4)","decl":{"start":{"line":38,"column":23},"end":{"line":38,"column":24}},"loc":{"start":{"line":38,"column":40},"end":{"line":40,"column":5}}},"5":{"name":"(anonymous_5)","decl":{"start":{"line":43,"column":28},"end":{"line":43,"column":29}},"loc":{"start":{"line":43,"column":62},"end":{"line":59,"column":1}}},"6":{"name":"(anonymous_6)","decl":{"start":{"line":47,"column":32},"end":{"line":47,"column":37}},"loc":{"start":{"line":47,"column":43},"end":{"line":56,"column":5}}}},"branchMap":{"0":{"loc":{"start":{"line":52,"column":21},"end":{"line":52,"column":78}},"type":"cond-expr","locations":[{"start":{"line":52,"column":46},"end":{"line":52,"column":51}},{"start":{"line":52,"column":54},"end":{"line":52,"column":78}}]}},"s":{"0":1,"1":16,"2":16,"3":6,"4":16,"5":1,"6":16,"7":1,"8":1,"9":1,"10":0,"11":1,"12":6,"13":6,"14":6,"15":3,"16":3,"17":3,"18":2,"19":3,"20":6},"f":{"0":16,"1":6,"2":1,"3":1,"4":0,"5":6,"6":3},"b":{"0":[1,1]}}
,"/Users/I5285/Documents/GitHub/ale-enterprise-poc/frontend/src/components/common/ExportButton/hooks.ts": {"path":"/Users/I5285/Documents/GitHub/ale-enterprise-poc/frontend/src/components/common/ExportButton/hooks.ts","statementMap":{"0":{"start":{"line":3,"column":29},"end":{"line":42,"column":1}},"1":{"start":{"line":4,"column":38},"end":{"line":4,"column":53}},"2":{"start":{"line":5,"column":30},"end":{"line":5,"column":59}},"3":{"start":{"line":7,"column":23},"end":{"line":38,"column":null}},"4":{"start":{"line":9,"column":12},"end":{"line":9,"column":31}},"5":{"start":{"line":10,"column":12},"end":{"line":10,"column":27}},"6":{"start":{"line":12,"column":12},"end":{"line":36,"column":13}},"7":{"start":{"line":13,"column":30},"end":{"line":13,"column":32}},"8":{"start":{"line":14,"column":31},"end":{"line":14,"column":33}},"9":{"start":{"line":16,"column":16},"end":{"line":23,"column":17}},"10":{"start":{"line":17,"column":20},"end":{"line":17,"column":60}},"11":{"start":{"line":18,"column":20},"end":{"line":18,"column":50}},"12":{"start":{"line":19,"column":23},"end":{"line":23,"column":17}},"13":{"start":{"line":21,"column":20},"end":{"line":21,"column":49}},"14":{"start":{"line":22,"column":20},"end":{"line":22,"column":42}},"15":{"start":{"line":25,"column":29},"end":{"line":25,"column":68}},"16":{"start":{"line":26,"column":28},"end":{"line":26,"column":53}},"17":{"start":{"line":27,"column":29},"end":{"line":27,"column":56}},"18":{"start":{"line":28,"column":16},"end":{"line":28,"column":32}},"19":{"start":{"line":29,"column":16},"end":{"line":29,"column":56}},"20":{"start":{"line":30,"column":16},"end":{"line":30,"column":29}},"21":{"start":{"line":31,"column":16},"end":{"line":31,"column":41}},"22":{"start":{"line":33,"column":16},"end":{"line":33,"column":79}},"23":{"start":{"line":35,"column":16},"end":{"line":35,"column":36}},"24":{"start":{"line":41,"column":4},"end":{"line":41,"column":44}},"25":{"start":{"line":44,"column":21},"end":{"line":53,"column":1}},"26":{"start":{"line":45,"column":4},"end":{"line":51,"column":5}},"27":{"start":{"line":46,"column":24},"end":{"line":46,"column":54}},"28":{"start":{"line":47,"column":22},"end":{"line":48,"column":null}},"29":{"start":{"line":48,"column":12},"end":{"line":48,"column":60}},"30":{"start":{"line":48,"column":31},"end":{"line":48,"column":59}},"31":{"start":{"line":50,"column":8},"end":{"line":50,"column":69}},"32":{"start":{"line":50,"column":45},"end":{"line":50,"column":56}},"33":{"start":{"line":52,"column":4},"end":{"line":52,"column":14}}},"fnMap":{"0":{"name":"(anonymous_0)","decl":{"start":{"line":3,"column":29},"end":{"line":3,"column":32}},"loc":{"start":{"line":3,"column":34},"end":{"line":42,"column":1}}},"1":{"name":"(anonymous_1)","decl":{"start":{"line":8,"column":8},"end":{"line":8,"column":13}},"loc":{"start":{"line":8,"column":74},"end":{"line":37,"column":9}}},"2":{"name":"(anonymous_2)","decl":{"start":{"line":44,"column":21},"end":{"line":44,"column":22}},"loc":{"start":{"line":44,"column":47},"end":{"line":53,"column":1}}},"3":{"name":"(anonymous_3)","decl":{"start":{"line":47,"column":61},"end":{"line":47,"column":62}},"loc":{"start":{"line":48,"column":12},"end":{"line":48,"column":60}}},"4":{"name":"(anonymous_4)","decl":{"start":{"line":48,"column":24},"end":{"line":48,"column":25}},"loc":{"start":{"line":48,"column":31},"end":{"line":48,"column":59}}},"5":{"name":"(anonymous_5)","decl":{"start":{"line":50,"column":38},"end":{"line":50,"column":39}},"loc":{"start":{"line":50,"column":45},"end":{"line":50,"column":56}}}},"branchMap":{"0":{"loc":{"start":{"line":16,"column":16},"end":{"line":23,"column":17}},"type":"if","locations":[{"start":{"line":16,"column":16},"end":{"line":23,"column":17}},{"start":{"line":19,"column":23},"end":{"line":23,"column":17}}]},"1":{"loc":{"start":{"line":19,"column":23},"end":{"line":23,"column":17}},"type":"if","locations":[{"start":{"line":19,"column":23},"end":{"line":23,"column":17}},{"start":{},"end":{}}]},"2":{"loc":{"start":{"line":33,"column":25},"end":{"line":33,"column":77}},"type":"cond-expr","locations":[{"start":{"line":33,"column":48},"end":{"line":33,"column":59}},{"start":{"line":33,"column":62},"end":{"line":33,"column":77}}]},"3":{"loc":{"start":{"line":45,"column":4},"end":{"line":51,"column":5}},"type":"if","locations":[{"start":{"line":45,"column":4},"end":{"line":51,"column":5}},{"start":{},"end":{}}]},"4":{"loc":{"start":{"line":45,"column":8},"end":{"line":45,"column":46}},"type":"binary-expr","locations":[{"start":{"line":45,"column":8},"end":{"line":45,"column":27}},{"start":{"line":45,"column":31},"end":{"line":45,"column":46}}]},"5":{"loc":{"start":{"line":48,"column":46},"end":{"line":48,"column":58}},"type":"binary-expr","locations":[{"start":{"line":48,"column":46},"end":{"line":48,"column":52}},{"start":{"line":48,"column":56},"end":{"line":48,"column":58}}]}},"s":{"0":1,"1":7,"2":7,"3":7,"4":3,"5":3,"6":3,"7":3,"8":3,"9":3,"10":1,"11":1,"12":2,"13":2,"14":2,"15":3,"16":3,"17":3,"18":3,"19":3,"20":3,"21":3,"22":0,"23":3,"24":7,"25":1,"26":2,"27":1,"28":1,"29":1,"30":2,"31":1,"32":2,"33":1},"f":{"0":7,"1":3,"2":2,"3":1,"4":2,"5":2},"b":{"0":[1,2],"1":[2,0],"2":[0,0],"3":[1,1],"4":[2,2],"5":[2,0]}}
,"/Users/I5285/Documents/GitHub/ale-enterprise-poc/frontend/src/components/common/FilterContainer/FilterContainer.tsx": {"path":"/Users/I5285/Documents/GitHub/ale-enterprise-poc/frontend/src/components/common/FilterContainer/FilterContainer.tsx","statementMap":{"0":{"start":{"line":9,"column":63},"end":{"line":42,"column":1}},"1":{"start":{"line":13,"column":40},"end":{"line":13,"column":52}},"2":{"start":{"line":15,"column":31},"end":{"line":19,"column":5}},"3":{"start":{"line":16,"column":22},"end":{"line":16,"column":36}},"4":{"start":{"line":17,"column":8},"end":{"line":17,"column":29}},"5":{"start":{"line":18,"column":8},"end":{"line":18,"column":42}},"6":{"start":{"line":21,"column":24},"end":{"line":24,"column":5}},"7":{"start":{"line":22,"column":8},"end":{"line":22,"column":26}},"8":{"start":{"line":23,"column":8},"end":{"line":23,"column":39}},"9":{"start":{"line":26,"column":4},"end":{"line":41,"column":6}}},"fnMap":{"0":{"name":"(anonymous_0)","decl":{"start":{"line":9,"column":63},"end":{"line":9,"column":64}},"loc":{"start":{"line":12,"column":5},"end":{"line":42,"column":1}}},"1":{"name":"(anonymous_1)","decl":{"start":{"line":15,"column":31},"end":{"line":15,"column":32}},"loc":{"start":{"line":15,"column":74},"end":{"line":19,"column":5}}},"2":{"name":"(anonymous_2)","decl":{"start":{"line":21,"column":24},"end":{"line":21,"column":27}},"loc":{"start":{"line":21,"column":29},"end":{"line":24,"column":5}}}},"branchMap":{"0":{"loc":{"start":{"line":11,"column":4},"end":{"line":11,"column":29}},"type":"default-arg","locations":[{"start":{"line":11,"column":18},"end":{"line":11,"column":29}}]},"1":{"loc":{"start":{"line":35,"column":13},"end":{"line":38,"column":null}},"type":"binary-expr","locations":[{"start":{"line":35,"column":13},"end":{"line":35,"column":23}},{"start":{"line":36,"column":16},"end":{"line":36,"column":null}}]}},"s":{"0":1,"1":19,"2":19,"3":13,"4":13,"5":13,"6":19,"7":1,"8":1,"9":19},"f":{"0":19,"1":13,"2":1},"b":{"0":[18],"1":[19,13]}}
,"/Users/I5285/Documents/GitHub/ale-enterprise-poc/frontend/src/components/common/FilterContainer/hooks.ts": {"path":"/Users/I5285/Documents/GitHub/ale-enterprise-poc/frontend/src/components/common/FilterContainer/hooks.ts","statementMap":{"0":{"start":{"line":7,"column":30},"end":{"line":29,"column":1}},"1":{"start":{"line":8,"column":34},"end":{"line":8,"column":71}},"2":{"start":{"line":10,"column":25},"end":{"line":15,"column":10}},"3":{"start":{"line":11,"column":8},"end":{"line":14,"column":12}},"4":{"start":{"line":11,"column":30},"end":{"line":14,"column":10}},"5":{"start":{"line":17,"column":25},"end":{"line":19,"column":24}},"6":{"start":{"line":18,"column":8},"end":{"line":18,"column":35}},"7":{"start":{"line":21,"column":31},"end":{"line":26,"column":10}},"8":{"start":{"line":22,"column":8},"end":{"line":25,"column":12}},"9":{"start":{"line":22,"column":30},"end":{"line":25,"column":10}},"10":{"start":{"line":28,"column":4},"end":{"line":28,"column":71}},"11":{"start":{"line":31,"column":31},"end":{"line":35,"column":1}},"12":{"start":{"line":32,"column":4},"end":{"line":34,"column":34}},"13":{"start":{"line":33,"column":8},"end":{"line":33,"column":62}},"14":{"start":{"line":33,"column":37},"end":{"line":33,"column":60}}},"fnMap":{"0":{"name":"(anonymous_0)","decl":{"start":{"line":7,"column":30},"end":{"line":7,"column":31}},"loc":{"start":{"line":7,"column":67},"end":{"line":29,"column":1}}},"1":{"name":"(anonymous_1)","decl":{"start":{"line":10,"column":37},"end":{"line":10,"column":38}},"loc":{"start":{"line":10,"column":65},"end":{"line":15,"column":5}}},"2":{"name":"(anonymous_2)","decl":{"start":{"line":11,"column":19},"end":{"line":11,"column":20}},"loc":{"start":{"line":11,"column":30},"end":{"line":14,"column":10}}},"3":{"name":"(anonymous_3)","decl":{"start":{"line":17,"column":37},"end":{"line":17,"column":40}},"loc":{"start":{"line":17,"column":42},"end":{"line":19,"column":5}}},"4":{"name":"(anonymous_4)","decl":{"start":{"line":21,"column":43},"end":{"line":21,"column":44}},"loc":{"start":{"line":21,"column":80},"end":{"line":26,"column":5}}},"5":{"name":"(anonymous_5)","decl":{"start":{"line":22,"column":19},"end":{"line":22,"column":20}},"loc":{"start":{"line":22,"column":30},"end":{"line":25,"column":10}}},"6":{"name":"(anonymous_6)","decl":{"start":{"line":31,"column":31},"end":{"line":31,"column":36}},"loc":{"start":{"line":31,"column":125},"end":{"line":35,"column":1}}},"7":{"name":"(anonymous_7)","decl":{"start":{"line":32,"column":19},"end":{"line":32,"column":22}},"loc":{"start":{"line":32,"column":24},"end":{"line":34,"column":5}}},"8":{"name":"(anonymous_8)","decl":{"start":{"line":33,"column":27},"end":{"line":33,"column":28}},"loc":{"start":{"line":33,"column":37},"end":{"line":33,"column":60}}}},"branchMap":{"0":{"loc":{"start":{"line":7,"column":31},"end":{"line":7,"column":63}},"type":"default-arg","locations":[{"start":{"line":7,"column":61},"end":{"line":7,"column":63}}]}},"s":{"0":1,"1":9,"2":9,"3":2,"4":2,"5":9,"6":1,"7":9,"8":1,"9":1,"10":9,"11":1,"12":2,"13":2,"14":4},"f":{"0":9,"1":2,"2":2,"3":1,"4":1,"5":1,"6":2,"7":2,"8":4},"b":{"0":[5]}}
,"/Users/I5285/Documents/GitHub/ale-enterprise-poc/frontend/src/components/common/LoadingSpinner/LoadingSpinner.tsx": {"path":"/Users/I5285/Documents/GitHub/ale-enterprise-poc/frontend/src/components/common/LoadingSpinner/LoadingSpinner.tsx","statementMap":{"0":{"start":{"line":25,"column":61},"end":{"line":52,"column":1}},"1":{"start":{"line":31,"column":8},"end":{"line":39,"column":null}},"2":{"start":{"line":43,"column":4},"end":{"line":49,"column":5}},"3":{"start":{"line":44,"column":8},"end":{"line":48,"column":10}},"4":{"start":{"line":51,"column":4},"end":{"line":51,"column":74}}},"fnMap":{"0":{"name":"(anonymous_0)","decl":{"start":{"line":25,"column":61},"end":{"line":25,"column":62}},"loc":{"start":{"line":29,"column":5},"end":{"line":52,"column":1}}}},"branchMap":{"0":{"loc":{"start":{"line":26,"column":4},"end":{"line":26,"column":20}},"type":"default-arg","locations":[{"start":{"line":26,"column":15},"end":{"line":26,"column":20}}]},"1":{"loc":{"start":{"line":27,"column":4},"end":{"line":27,"column":26}},"type":"default-arg","locations":[{"start":{"line":27,"column":14},"end":{"line":27,"column":26}}]},"2":{"loc":{"start":{"line":28,"column":4},"end":{"line":28,"column":13}},"type":"default-arg","locations":[{"start":{"line":28,"column":11},"end":{"line":28,"column":13}}]},"3":{"loc":{"start":{"line":39,"column":13},"end":{"line":39,"column":68}},"type":"binary-expr","locations":[{"start":{"line":39,"column":13},"end":{"line":39,"column":20}},{"start":{"line":39,"column":24},"end":{"line":39,"column":68}}]},"4":{"loc":{"start":{"line":43,"column":4},"end":{"line":49,"column":5}},"type":"if","locations":[{"start":{"line":43,"column":4},"end":{"line":49,"column":5}},{"start":{},"end":{}}]}},"s":{"0":1,"1":5,"2":5,"3":1,"4":4},"f":{"0":5},"b":{"0":[4],"1":[4],"2":[4],"3":[5,5],"4":[1,4]}}
,"/Users/I5285/Documents/GitHub/ale-enterprise-poc/frontend/src/components/common/LoadingSpinner/hooks.ts": {"path":"/Users/I5285/Documents/GitHub/ale-enterprise-poc/frontend/src/components/common/LoadingSpinner/hooks.ts","statementMap":{"0":{"start":{"line":6,"column":26},"end":{"line":20,"column":1}},"1":{"start":{"line":7,"column":38},"end":{"line":7,"column":60}},"2":{"start":{"line":9,"column":25},"end":{"line":9,"column":66}},"3":{"start":{"line":9,"column":43},"end":{"line":9,"column":61}},"4":{"start":{"line":10,"column":24},"end":{"line":10,"column":66}},"5":{"start":{"line":10,"column":42},"end":{"line":10,"column":61}},"6":{"start":{"line":11,"column":26},"end":{"line":11,"column":76}},"7":{"start":{"line":11,"column":44},"end":{"line":11,"column":71}},"8":{"start":{"line":11,"column":65},"end":{"line":11,"column":70}},"9":{"start":{"line":13,"column":4},"end":{"line":19,"column":6}},"10":{"start":{"line":25,"column":37},"end":{"line":49,"column":1}},"11":{"start":{"line":26,"column":38},"end":{"line":26,"column":60}},"12":{"start":{"line":28,"column":25},"end":{"line":30,"column":10}},"13":{"start":{"line":29,"column":8},"end":{"line":29,"column":27}},"14":{"start":{"line":32,"column":24},"end":{"line":34,"column":10}},"15":{"start":{"line":33,"column":8},"end":{"line":33,"column":28}},"16":{"start":{"line":36,"column":36},"end":{"line":40,"column":17}},"17":{"start":{"line":37,"column":8},"end":{"line":37,"column":27}},"18":{"start":{"line":38,"column":22},"end":{"line":38,"column":68}},"19":{"start":{"line":38,"column":39},"end":{"line":38,"column":58}},"20":{"start":{"line":39,"column":8},"end":{"line":39,"column":41}},"21":{"start":{"line":39,"column":21},"end":{"line":39,"column":40}},"22":{"start":{"line":42,"column":4},"end":{"line":48,"column":6}},"23":{"start":{"line":54,"column":31},"end":{"line":77,"column":1}},"24":{"start":{"line":55,"column":38},"end":{"line":55,"column":53}},"25":{"start":{"line":56,"column":30},"end":{"line":56,"column":58}},"26":{"start":{"line":58,"column":20},"end":{"line":70,"column":10}},"27":{"start":{"line":59,"column":8},"end":{"line":59,"column":27}},"28":{"start":{"line":60,"column":8},"end":{"line":60,"column":23}},"29":{"start":{"line":61,"column":8},"end":{"line":69,"column":9}},"30":{"start":{"line":62,"column":27},"end":{"line":62,"column":48}},"31":{"start":{"line":63,"column":12},"end":{"line":63,"column":26}},"32":{"start":{"line":65,"column":12},"end":{"line":65,"column":74}},"33":{"start":{"line":66,"column":12},"end":{"line":66,"column":24}},"34":{"start":{"line":68,"column":12},"end":{"line":68,"column":32}},"35":{"start":{"line":72,"column":4},"end":{"line":76,"column":6}}},"fnMap":{"0":{"name":"(anonymous_0)","decl":{"start":{"line":6,"column":26},"end":{"line":6,"column":27}},"loc":{"start":{"line":6,"column":60},"end":{"line":20,"column":1}}},"1":{"name":"(anonymous_1)","decl":{"start":{"line":9,"column":37},"end":{"line":9,"column":40}},"loc":{"start":{"line":9,"column":43},"end":{"line":9,"column":61}}},"2":{"name":"(anonymous_2)","decl":{"start":{"line":10,"column":36},"end":{"line":10,"column":39}},"loc":{"start":{"line":10,"column":42},"end":{"line":10,"column":61}}},"3":{"name":"(anonymous_3)","decl":{"start":{"line":11,"column":38},"end":{"line":11,"column":41}},"loc":{"start":{"line":11,"column":44},"end":{"line":11,"column":71}}},"4":{"name":"(anonymous_4)","decl":{"start":{"line":11,"column":57},"end":{"line":11,"column":61}},"loc":{"start":{"line":11,"column":65},"end":{"line":11,"column":70}}},"5":{"name":"(anonymous_5)","decl":{"start":{"line":25,"column":37},"end":{"line":25,"column":38}},"loc":{"start":{"line":25,"column":95},"end":{"line":49,"column":1}}},"6":{"name":"(anonymous_6)","decl":{"start":{"line":28,"column":37},"end":{"line":28,"column":40}},"loc":{"start":{"line":28,"column":42},"end":{"line":30,"column":5}}},"7":{"name":"(anonymous_7)","decl":{"start":{"line":32,"column":36},"end":{"line":32,"column":39}},"loc":{"start":{"line":32,"column":41},"end":{"line":34,"column":5}}},"8":{"name":"(anonymous_8)","decl":{"start":{"line":36,"column":48},"end":{"line":36,"column":51}},"loc":{"start":{"line":36,"column":53},"end":{"line":40,"column":5}}},"9":{"name":"(anonymous_9)","decl":{"start":{"line":38,"column":33},"end":{"line":38,"column":36}},"loc":{"start":{"line":38,"column":39},"end":{"line":38,"column":58}}},"10":{"name":"(anonymous_10)","decl":{"start":{"line":39,"column":15},"end":{"line":39,"column":18}},"loc":{"start":{"line":39,"column":21},"end":{"line":39,"column":40}}},"11":{"name":"(anonymous_11)","decl":{"start":{"line":54,"column":31},"end":{"line":54,"column":34}},"loc":{"start":{"line":54,"column":36},"end":{"line":77,"column":1}}},"12":{"name":"(anonymous_12)","decl":{"start":{"line":58,"column":32},"end":{"line":58,"column":37}},"loc":{"start":{"line":58,"column":97},"end":{"line":70,"column":5}}}},"branchMap":{"0":{"loc":{"start":{"line":6,"column":27},"end":{"line":6,"column":56}},"type":"default-arg","locations":[{"start":{"line":6,"column":51},"end":{"line":6,"column":56}}]},"1":{"loc":{"start":{"line":25,"column":38},"end":{"line":25,"column":67}},"type":"default-arg","locations":[{"start":{"line":25,"column":62},"end":{"line":25,"column":67}}]},"2":{"loc":{"start":{"line":25,"column":69},"end":{"line":25,"column":91}},"type":"default-arg","locations":[{"start":{"line":25,"column":87},"end":{"line":25,"column":91}}]},"3":{"loc":{"start":{"line":65,"column":21},"end":{"line":65,"column":72}},"type":"cond-expr","locations":[{"start":{"line":65,"column":44},"end":{"line":65,"column":47}},{"start":{"line":65,"column":50},"end":{"line":65,"column":72}}]}},"s":{"0":1,"1":9,"2":9,"3":1,"4":9,"5":1,"6":9,"7":2,"8":2,"9":9,"10":1,"11":9,"12":9,"13":1,"14":9,"15":1,"16":9,"17":2,"18":2,"19":1,"20":2,"21":1,"22":9,"23":1,"24":7,"25":7,"26":7,"27":3,"28":3,"29":3,"30":3,"31":1,"32":2,"33":2,"34":3,"35":7},"f":{"0":9,"1":1,"2":1,"3":2,"4":2,"5":9,"6":1,"7":1,"8":2,"9":1,"10":1,"11":7,"12":3},"b":{"0":[6],"1":[2],"2":[4],"3":[1,1]}}
,"/Users/I5285/Documents/GitHub/ale-enterprise-poc/frontend/src/components/common/Pagination/Pagination.tsx": {"path":"/Users/I5285/Documents/GitHub/ale-enterprise-poc/frontend/src/components/common/Pagination/Pagination.tsx","statementMap":{"0":{"start":{"line":9,"column":46},"end":{"line":77,"column":1}},"1":{"start":{"line":14,"column":42},"end":{"line":14,"column":53}},"2":{"start":{"line":15,"column":23},"end":{"line":15,"column":59}},"3":{"start":{"line":17,"column":29},"end":{"line":22,"column":5}},"4":{"start":{"line":18,"column":8},"end":{"line":21,"column":9}},"5":{"start":{"line":19,"column":12},"end":{"line":19,"column":39}},"6":{"start":{"line":20,"column":12},"end":{"line":20,"column":37}},"7":{"start":{"line":24,"column":27},"end":{"line":38,"column":5}},"8":{"start":{"line":25,"column":22},"end":{"line":25,"column":24}},"9":{"start":{"line":26,"column":27},"end":{"line":26,"column":28}},"10":{"start":{"line":27,"column":24},"end":{"line":27,"column":77}},"11":{"start":{"line":28,"column":24},"end":{"line":28,"column":72}},"12":{"start":{"line":30,"column":8},"end":{"line":32,"column":9}},"13":{"start":{"line":31,"column":12},"end":{"line":31,"column":62}},"14":{"start":{"line":34,"column":8},"end":{"line":36,"column":9}},"15":{"start":{"line":34,"column":21},"end":{"line":34,"column":30}},"16":{"start":{"line":35,"column":12},"end":{"line":35,"column":26}},"17":{"start":{"line":37,"column":8},"end":{"line":37,"column":21}},"18":{"start":{"line":40,"column":4},"end":{"line":76,"column":6}},"19":{"start":{"line":43,"column":31},"end":{"line":43,"column":64}},"20":{"start":{"line":51,"column":16},"end":{"line":52,"column":null}},"21":{"start":{"line":53,"column":35},"end":{"line":53,"column":57}},"22":{"start":{"line":65,"column":31},"end":{"line":65,"column":64}}},"fnMap":{"0":{"name":"(anonymous_0)","decl":{"start":{"line":9,"column":46},"end":{"line":9,"column":47}},"loc":{"start":{"line":13,"column":5},"end":{"line":77,"column":1}}},"1":{"name":"(anonymous_1)","decl":{"start":{"line":17,"column":29},"end":{"line":17,"column":30}},"loc":{"start":{"line":17,"column":52},"end":{"line":22,"column":5}}},"2":{"name":"(anonymous_2)","decl":{"start":{"line":24,"column":27},"end":{"line":24,"column":30}},"loc":{"start":{"line":24,"column":32},"end":{"line":38,"column":5}}},"3":{"name":"(anonymous_3)","decl":{"start":{"line":43,"column":25},"end":{"line":43,"column":28}},"loc":{"start":{"line":43,"column":31},"end":{"line":43,"column":64}}},"4":{"name":"(anonymous_4)","decl":{"start":{"line":50,"column":34},"end":{"line":50,"column":35}},"loc":{"start":{"line":51,"column":16},"end":{"line":52,"column":null}}},"5":{"name":"(anonymous_5)","decl":{"start":{"line":53,"column":29},"end":{"line":53,"column":32}},"loc":{"start":{"line":53,"column":35},"end":{"line":53,"column":57}}},"6":{"name":"(anonymous_6)","decl":{"start":{"line":65,"column":25},"end":{"line":65,"column":28}},"loc":{"start":{"line":65,"column":31},"end":{"line":65,"column":64}}}},"branchMap":{"0":{"loc":{"start":{"line":18,"column":8},"end":{"line":21,"column":9}},"type":"if","locations":[{"start":{"line":18,"column":8},"end":{"line":21,"column":9}},{"start":{},"end":{}}]},"1":{"loc":{"start":{"line":18,"column":12},"end":{"line":18,"column":55}},"type":"binary-expr","locations":[{"start":{"line":18,"column":12},"end":{"line":18,"column":27}},{"start":{"line":18,"column":31},"end":{"line":18,"column":55}}]},"2":{"loc":{"start":{"line":30,"column":8},"end":{"line":32,"column":9}},"type":"if","locations":[{"start":{"line":30,"column":8},"end":{"line":32,"column":9}},{"start":{},"end":{}}]},"3":{"loc":{"start":{"line":55,"column":24},"end":{"line":57,"column":null}},"type":"cond-expr","locations":[{"start":{"line":56,"column":30},"end":{"line":56,"column":54}},{"start":{"line":57,"column":30},"end":{"line":57,"column":null}}]}},"s":{"0":1,"1":9,"2":9,"3":9,"4":3,"5":3,"6":3,"7":9,"8":9,"9":9,"10":9,"11":9,"12":9,"13":0,"14":9,"15":9,"16":45,"17":9,"18":9,"19":0,"20":45,"21":1,"22":2},"f":{"0":9,"1":3,"2":9,"3":0,"4":45,"5":1,"6":2},"b":{"0":[3,0],"1":[3,3],"2":[0,9],"3":[9,36]}}
,"/Users/I5285/Documents/GitHub/ale-enterprise-poc/frontend/src/components/common/Pagination/hooks.ts": {"path":"/Users/I5285/Documents/GitHub/ale-enterprise-poc/frontend/src/components/common/Pagination/hooks.ts","statementMap":{"0":{"start":{"line":19,"column":29},"end":{"line":56,"column":1}},"1":{"start":{"line":24,"column":42},"end":{"line":24,"column":63}},"2":{"start":{"line":25,"column":50},"end":{"line":25,"column":68}},"3":{"start":{"line":27,"column":23},"end":{"line":27,"column":67}},"4":{"start":{"line":29,"column":21},"end":{"line":32,"column":20}},"5":{"start":{"line":30,"column":24},"end":{"line":30,"column":63}},"6":{"start":{"line":31,"column":8},"end":{"line":31,"column":32}},"7":{"start":{"line":34,"column":21},"end":{"line":36,"column":31}},"8":{"start":{"line":35,"column":8},"end":{"line":35,"column":34}},"9":{"start":{"line":38,"column":21},"end":{"line":40,"column":31}},"10":{"start":{"line":39,"column":8},"end":{"line":39,"column":34}},"11":{"start":{"line":42,"column":30},"end":{"line":45,"column":10}},"12":{"start":{"line":43,"column":8},"end":{"line":43,"column":46}},"13":{"start":{"line":44,"column":8},"end":{"line":44,"column":26}},"14":{"start":{"line":47,"column":4},"end":{"line":55,"column":6}}},"fnMap":{"0":{"name":"(anonymous_0)","decl":{"start":{"line":19,"column":29},"end":{"line":19,"column":30}},"loc":{"start":{"line":23,"column":51},"end":{"line":56,"column":1}}},"1":{"name":"(anonymous_1)","decl":{"start":{"line":29,"column":33},"end":{"line":29,"column":34}},"loc":{"start":{"line":29,"column":50},"end":{"line":32,"column":5}}},"2":{"name":"(anonymous_2)","decl":{"start":{"line":34,"column":33},"end":{"line":34,"column":36}},"loc":{"start":{"line":34,"column":38},"end":{"line":36,"column":5}}},"3":{"name":"(anonymous_3)","decl":{"start":{"line":38,"column":33},"end":{"line":38,"column":36}},"loc":{"start":{"line":38,"column":38},"end":{"line":40,"column":5}}},"4":{"name":"(anonymous_4)","decl":{"start":{"line":42,"column":42},"end":{"line":42,"column":43}},"loc":{"start":{"line":42,"column":59},"end":{"line":45,"column":5}}}},"branchMap":{"0":{"loc":{"start":{"line":19,"column":30},"end":{"line":23,"column":26}},"type":"default-arg","locations":[{"start":{"line":23,"column":24},"end":{"line":23,"column":26}}]},"1":{"loc":{"start":{"line":20,"column":4},"end":{"line":20,"column":19}},"type":"default-arg","locations":[{"start":{"line":20,"column":18},"end":{"line":20,"column":19}}]},"2":{"loc":{"start":{"line":21,"column":4},"end":{"line":21,"column":17}},"type":"default-arg","locations":[{"start":{"line":21,"column":15},"end":{"line":21,"column":17}}]},"3":{"loc":{"start":{"line":22,"column":4},"end":{"line":22,"column":18}},"type":"default-arg","locations":[{"start":{"line":22,"column":17},"end":{"line":22,"column":18}}]},"4":{"loc":{"start":{"line":27,"column":23},"end":{"line":27,"column":67}},"type":"binary-expr","locations":[{"start":{"line":27,"column":23},"end":{"line":27,"column":62}},{"start":{"line":27,"column":66},"end":{"line":27,"column":67}}]}},"s":{"0":1,"1":13,"2":13,"3":13,"4":13,"5":5,"6":5,"7":13,"8":1,"9":13,"10":2,"11":13,"12":2,"13":2,"14":13},"f":{"0":13,"1":5,"2":1,"3":2,"4":2},"b":{"0":[1],"1":[6],"2":[1],"3":[1],"4":[13,1]}}
,"/Users/I5285/Documents/GitHub/ale-enterprise-poc/frontend/src/components/layout/AppLayout.tsx": {"path":"/Users/I5285/Documents/GitHub/ale-enterprise-poc/frontend/src/components/layout/AppLayout.tsx","statementMap":{"0":{"start":{"line":10,"column":25},"end":{"line":39,"column":1}},"1":{"start":{"line":11,"column":40},"end":{"line":11,"column":54}},"2":{"start":{"line":13,"column":24},"end":{"line":15,"column":3}},"3":{"start":{"line":14,"column":4},"end":{"line":14,"column":30}},"4":{"start":{"line":14,"column":26},"end":{"line":14,"column":28}},"5":{"start":{"line":17,"column":23},"end":{"line":19,"column":3}},"6":{"start":{"line":18,"column":4},"end":{"line":18,"column":26}},"7":{"start":{"line":21,"column":2},"end":{"line":38,"column":4}}},"fnMap":{"0":{"name":"(anonymous_0)","decl":{"start":{"line":10,"column":25},"end":{"line":10,"column":26}},"loc":{"start":{"line":10,"column":58},"end":{"line":39,"column":1}}},"1":{"name":"(anonymous_1)","decl":{"start":{"line":13,"column":24},"end":{"line":13,"column":27}},"loc":{"start":{"line":13,"column":29},"end":{"line":15,"column":3}}},"2":{"name":"(anonymous_2)","decl":{"start":{"line":14,"column":19},"end":{"line":14,"column":20}},"loc":{"start":{"line":14,"column":26},"end":{"line":14,"column":28}}},"3":{"name":"(anonymous_3)","decl":{"start":{"line":17,"column":23},"end":{"line":17,"column":26}},"loc":{"start":{"line":17,"column":28},"end":{"line":19,"column":3}}}},"branchMap":{},"s":{"0":1,"1":7,"2":7,"3":1,"4":1,"5":7,"6":1,"7":7},"f":{"0":7,"1":1,"2":1,"3":1},"b":{}}
,"/Users/I5285/Documents/GitHub/ale-enterprise-poc/frontend/src/components/layout/Header.tsx": {"path":"/Users/I5285/Documents/GitHub/ale-enterprise-poc/frontend/src/components/layout/Header.tsx","statementMap":{"0":{"start":{"line":10,"column":22},"end":{"line":60,"column":1}},"1":{"start":{"line":11,"column":27},"end":{"line":11,"column":36}},"2":{"start":{"line":12,"column":19},"end":{"line":12,"column":32}},"3":{"start":{"line":14,"column":23},"end":{"line":17,"column":3}},"4":{"start":{"line":15,"column":4},"end":{"line":15,"column":13}},"5":{"start":{"line":16,"column":4},"end":{"line":16,"column":23}},"6":{"start":{"line":19,"column":2},"end":{"line":59,"column":4}}},"fnMap":{"0":{"name":"(anonymous_0)","decl":{"start":{"line":10,"column":22},"end":{"line":10,"column":23}},"loc":{"start":{"line":10,"column":59},"end":{"line":60,"column":1}}},"1":{"name":"(anonymous_1)","decl":{"start":{"line":14,"column":23},"end":{"line":14,"column":26}},"loc":{"start":{"line":14,"column":28},"end":{"line":17,"column":3}}}},"branchMap":{"0":{"loc":{"start":{"line":46,"column":39},"end":{"line":46,"column":64}},"type":"binary-expr","locations":[{"start":{"line":46,"column":39},"end":{"line":46,"column":53}},{"start":{"line":46,"column":57},"end":{"line":46,"column":64}}]}},"s":{"0":1,"1":4,"2":4,"3":4,"4":1,"5":1,"6":4},"f":{"0":4,"1":1},"b":{"0":[4,1]}}
,"/Users/I5285/Documents/GitHub/ale-enterprise-poc/frontend/src/components/layout/Sidebar.tsx": {"path":"/Users/I5285/Documents/GitHub/ale-enterprise-poc/frontend/src/components/layout/Sidebar.tsx","statementMap":{"0":{"start":{"line":19,"column":18},"end":{"line":24,"column":2}},"1":{"start":{"line":26,"column":23},"end":{"line":128,"column":1}},"2":{"start":{"line":27,"column":19},"end":{"line":27,"column":32}},"3":{"start":{"line":29,"column":19},"end":{"line":32,"column":3}},"4":{"start":{"line":30,"column":4},"end":{"line":30,"column":102}},"5":{"start":{"line":30,"column":31},"end":{"line":30,"column":102}},"6":{"start":{"line":31,"column":4},"end":{"line":31,"column":46}},"7":{"start":{"line":36,"column":4},"end":{"line":60,"column":null}},"8":{"start":{"line":46,"column":23},"end":{"line":46,"column":32}},"9":{"start":{"line":47,"column":10},"end":{"line":58,"column":12}},"10":{"start":{"line":66,"column":4},"end":{"line":106,"column":null}},"11":{"start":{"line":85,"column":23},"end":{"line":85,"column":32}},"12":{"start":{"line":86,"column":25},"end":{"line":86,"column":44}},"13":{"start":{"line":87,"column":10},"end":{"line":101,"column":12}},"14":{"start":{"line":111,"column":2},"end":{"line":113,"column":3}},"15":{"start":{"line":112,"column":4},"end":{"line":112,"column":33}},"16":{"start":{"line":116,"column":2},"end":{"line":127,"column":4}}},"fnMap":{"0":{"name":"(anonymous_0)","decl":{"start":{"line":26,"column":23},"end":{"line":26,"column":24}},"loc":{"start":{"line":26,"column":71},"end":{"line":128,"column":1}}},"1":{"name":"(anonymous_1)","decl":{"start":{"line":29,"column":19},"end":{"line":29,"column":20}},"loc":{"start":{"line":29,"column":36},"end":{"line":32,"column":3}}},"2":{"name":"(anonymous_2)","decl":{"start":{"line":45,"column":23},"end":{"line":45,"column":24}},"loc":{"start":{"line":45,"column":32},"end":{"line":59,"column":9}}},"3":{"name":"(anonymous_3)","decl":{"start":{"line":84,"column":23},"end":{"line":84,"column":24}},"loc":{"start":{"line":84,"column":32},"end":{"line":102,"column":9}}}},"branchMap":{"0":{"loc":{"start":{"line":30,"column":4},"end":{"line":30,"column":102}},"type":"if","locations":[{"start":{"line":30,"column":4},"end":{"line":30,"column":102}},{"start":{},"end":{}}]},"1":{"loc":{"start":{"line":30,"column":38},"end":{"line":30,"column":101}},"type":"binary-expr","locations":[{"start":{"line":30,"column":38},"end":{"line":30,"column":63}},{"start":{"line":30,"column":67},"end":{"line":30,"column":101}}]},"2":{"loc":{"start":{"line":52,"column":16},"end":{"line":52,"column":null}},"type":"cond-expr","locations":[{"start":{"line":52,"column":38},"end":{"line":52,"column":51}},{"start":{"line":52,"column":54},"end":{"line":52,"column":null}}]},"3":{"loc":{"start":{"line":93,"column":16},"end":{"line":95,"column":null}},"type":"cond-expr","locations":[{"start":{"line":94,"column":20},"end":{"line":94,"column":70}},{"start":{"line":95,"column":20},"end":{"line":95,"column":null}}]},"4":{"loc":{"start":{"line":98,"column":51},"end":{"line":98,"column":79}},"type":"cond-expr","locations":[{"start":{"line":98,"column":60},"end":{"line":98,"column":74}},{"start":{"line":98,"column":77},"end":{"line":98,"column":79}}]},"5":{"loc":{"start":{"line":111,"column":2},"end":{"line":113,"column":3}},"type":"if","locations":[{"start":{"line":111,"column":2},"end":{"line":113,"column":3}},{"start":{},"end":{}}]}},"s":{"0":1,"1":1,"2":6,"3":6,"4":48,"5":12,"6":36,"7":6,"8":24,"9":24,"10":6,"11":24,"12":24,"13":24,"14":6,"15":1,"16":5},"f":{"0":6,"1":48,"2":24,"3":24},"b":{"0":[12,36],"1":[12,4],"2":[6,18],"3":[6,18],"4":[6,18],"5":[1,5]}}
,"/Users/I5285/Documents/GitHub/ale-enterprise-poc/frontend/src/components/ui/Badge.tsx": {"path":"/Users/I5285/Documents/GitHub/ale-enterprise-poc/frontend/src/components/ui/Badge.tsx","statementMap":{"0":{"start":{"line":9,"column":36},"end":{"line":24,"column":1}},"1":{"start":{"line":10,"column":25},"end":{"line":17,"column":null}},"2":{"start":{"line":19,"column":4},"end":{"line":23,"column":6}}},"fnMap":{"0":{"name":"(anonymous_0)","decl":{"start":{"line":9,"column":36},"end":{"line":9,"column":37}},"loc":{"start":{"line":9,"column":79},"end":{"line":24,"column":1}}}},"branchMap":{},"s":{"0":1,"1":8,"2":8},"f":{"0":8},"b":{}}
,"/Users/I5285/Documents/GitHub/ale-enterprise-poc/frontend/src/components/ui/Button.tsx": {"path":"/Users/I5285/Documents/GitHub/ale-enterprise-poc/frontend/src/components/ui/Button.tsx","statementMap":{"0":{"start":{"line":10,"column":38},"end":{"line":39,"column":1}},"1":{"start":{"line":17,"column":8},"end":{"line":17,"column":119}},"2":{"start":{"line":18,"column":27},"end":{"line":24,"column":6}},"3":{"start":{"line":25,"column":24},"end":{"line":29,"column":6}},"4":{"start":{"line":31,"column":20},"end":{"line":35,"column":null}},"5":{"start":{"line":38,"column":4},"end":{"line":38,"column":53}}},"fnMap":{"0":{"name":"(anonymous_0)","decl":{"start":{"line":10,"column":38},"end":{"line":10,"column":39}},"loc":{"start":{"line":15,"column":5},"end":{"line":39,"column":1}}}},"branchMap":{"0":{"loc":{"start":{"line":11,"column":4},"end":{"line":11,"column":23}},"type":"default-arg","locations":[{"start":{"line":11,"column":14},"end":{"line":11,"column":23}}]},"1":{"loc":{"start":{"line":12,"column":4},"end":{"line":12,"column":19}},"type":"default-arg","locations":[{"start":{"line":12,"column":11},"end":{"line":12,"column":19}}]}},"s":{"0":1,"1":14,"2":14,"3":14,"4":14,"5":14},"f":{"0":14},"b":{"0":[9],"1":[11]}}
,"/Users/I5285/Documents/GitHub/ale-enterprise-poc/frontend/src/components/ui/Calendar.tsx": {"path":"/Users/I5285/Documents/GitHub/ale-enterprise-poc/frontend/src/components/ui/Calendar.tsx","statementMap":{"0":{"start":{"line":32,"column":42},"end":{"line":40,"column":1}},"1":{"start":{"line":33,"column":4},"end":{"line":39,"column":6}}},"fnMap":{"0":{"name":"(anonymous_0)","decl":{"start":{"line":32,"column":42},"end":{"line":32,"column":43}},"loc":{"start":{"line":32,"column":75},"end":{"line":40,"column":1}}}},"branchMap":{},"s":{"0":1,"1":3},"f":{"0":3},"b":{}}
,"/Users/I5285/Documents/GitHub/ale-enterprise-poc/frontend/src/components/ui/Card.tsx": {"path":"/Users/I5285/Documents/GitHub/ale-enterprise-poc/frontend/src/components/ui/Card.tsx","statementMap":{"0":{"start":{"line":13,"column":34},"end":{"line":35,"column":1}},"1":{"start":{"line":14,"column":4},"end":{"line":34,"column":6}},"2":{"start":{"line":37,"column":68},"end":{"line":43,"column":1}},"3":{"start":{"line":38,"column":4},"end":{"line":42,"column":6}}},"fnMap":{"0":{"name":"(anonymous_0)","decl":{"start":{"line":13,"column":34},"end":{"line":13,"column":35}},"loc":{"start":{"line":13,"column":114},"end":{"line":35,"column":1}}},"1":{"name":"(anonymous_1)","decl":{"start":{"line":37,"column":68},"end":{"line":37,"column":69}},"loc":{"start":{"line":37,"column":106},"end":{"line":43,"column":1}}}},"branchMap":{"0":{"loc":{"start":{"line":16,"column":13},"end":{"line":23,"column":null}},"type":"binary-expr","locations":[{"start":{"line":16,"column":14},"end":{"line":16,"column":20}},{"start":{"line":16,"column":24},"end":{"line":16,"column":29}},{"start":{"line":16,"column":33},"end":{"line":16,"column":41}},{"start":{"line":17,"column":16},"end":{"line":22,"column":null}}]},"1":{"loc":{"start":{"line":21,"column":25},"end":{"line":21,"column":88}},"type":"binary-expr","locations":[{"start":{"line":21,"column":25},"end":{"line":21,"column":33}},{"start":{"line":21,"column":37},"end":{"line":21,"column":88}}]},"2":{"loc":{"start":{"line":26,"column":17},"end":{"line":26,"column":36}},"type":"binary-expr","locations":[{"start":{"line":26,"column":17},"end":{"line":26,"column":25}},{"start":{"line":26,"column":29},"end":{"line":26,"column":36}}]},"3":{"loc":{"start":{"line":28,"column":13},"end":{"line":31,"column":null}},"type":"binary-expr","locations":[{"start":{"line":28,"column":13},"end":{"line":28,"column":19}},{"start":{"line":29,"column":16},"end":{"line":30,"column":null}}]}},"s":{"0":1,"1":12,"2":1,"3":4},"f":{"0":12,"1":4},"b":{"0":[12,11,0,12],"1":[12,1],"2":[12,11],"3":[12,1]}}
,"/Users/I5285/Documents/GitHub/ale-enterprise-poc/frontend/src/components/ui/Dialog.tsx": {"path":"/Users/I5285/Documents/GitHub/ale-enterprise-poc/frontend/src/components/ui/Dialog.tsx","statementMap":{"0":{"start":{"line":10,"column":38},"end":{"line":19,"column":1}},"1":{"start":{"line":11,"column":4},"end":{"line":11,"column":29}},"2":{"start":{"line":11,"column":17},"end":{"line":11,"column":29}},"3":{"start":{"line":12,"column":4},"end":{"line":18,"column":6}},"4":{"start":{"line":26,"column":75},"end":{"line":33,"column":1}},"5":{"start":{"line":27,"column":4},"end":{"line":32,"column":6}},"6":{"start":{"line":38,"column":73},"end":{"line":40,"column":1}},"7":{"start":{"line":39,"column":4},"end":{"line":39,"column":86}},"8":{"start":{"line":42,"column":61},"end":{"line":44,"column":1}},"9":{"start":{"line":43,"column":4},"end":{"line":43,"column":60}},"10":{"start":{"line":50,"column":77},"end":{"line":52,"column":1}},"11":{"start":{"line":51,"column":4},"end":{"line":51,"column":74}},"12":{"start":{"line":54,"column":74},"end":{"line":56,"column":1}},"13":{"start":{"line":55,"column":4},"end":{"line":55,"column":89}}},"fnMap":{"0":{"name":"(anonymous_0)","decl":{"start":{"line":10,"column":38},"end":{"line":10,"column":39}},"loc":{"start":{"line":10,"column":83},"end":{"line":19,"column":1}}},"1":{"name":"(anonymous_1)","decl":{"start":{"line":26,"column":75},"end":{"line":26,"column":76}},"loc":{"start":{"line":26,"column":99},"end":{"line":33,"column":1}}},"2":{"name":"(anonymous_2)","decl":{"start":{"line":38,"column":73},"end":{"line":38,"column":74}},"loc":{"start":{"line":38,"column":101},"end":{"line":40,"column":1}}},"3":{"name":"(anonymous_3)","decl":{"start":{"line":42,"column":61},"end":{"line":42,"column":62}},"loc":{"start":{"line":42,"column":78},"end":{"line":44,"column":1}}},"4":{"name":"(anonymous_4)","decl":{"start":{"line":50,"column":77},"end":{"line":50,"column":78}},"loc":{"start":{"line":50,"column":104},"end":{"line":52,"column":1}}},"5":{"name":"(anonymous_5)","decl":{"start":{"line":54,"column":74},"end":{"line":54,"column":75}},"loc":{"start":{"line":54,"column":102},"end":{"line":56,"column":1}}}},"branchMap":{"0":{"loc":{"start":{"line":11,"column":4},"end":{"line":11,"column":29}},"type":"if","locations":[{"start":{"line":11,"column":4},"end":{"line":11,"column":29}},{"start":{},"end":{}}]}},"s":{"0":1,"1":3,"2":1,"3":2,"4":1,"5":1,"6":1,"7":1,"8":1,"9":1,"10":1,"11":1,"12":1,"13":1},"f":{"0":3,"1":1,"2":1,"3":1,"4":1,"5":1},"b":{"0":[1,2]}}
,"/Users/I5285/Documents/GitHub/ale-enterprise-poc/frontend/src/components/ui/Input.tsx": {"path":"/Users/I5285/Documents/GitHub/ale-enterprise-poc/frontend/src/components/ui/Input.tsx","statementMap":{"0":{"start":{"line":10,"column":36},"end":{"line":33,"column":1}},"1":{"start":{"line":16,"column":32},"end":{"line":23,"column":null}},"2":{"start":{"line":25,"column":4},"end":{"line":32,"column":6}}},"fnMap":{"0":{"name":"(anonymous_0)","decl":{"start":{"line":10,"column":36},"end":{"line":10,"column":37}},"loc":{"start":{"line":16,"column":5},"end":{"line":33,"column":1}}}},"branchMap":{"0":{"loc":{"start":{"line":21,"column":31},"end":{"line":21,"column":49}},"type":"binary-expr","locations":[{"start":{"line":21,"column":31},"end":{"line":21,"column":37}},{"start":{"line":21,"column":41},"end":{"line":21,"column":49}}]},"1":{"loc":{"start":{"line":29,"column":13},"end":{"line":29,"column":74}},"type":"binary-expr","locations":[{"start":{"line":29,"column":13},"end":{"line":29,"column":18}},{"start":{"line":29,"column":22},"end":{"line":29,"column":74}}]},"2":{"loc":{"start":{"line":30,"column":13},"end":{"line":30,"column":80}},"type":"binary-expr","locations":[{"start":{"line":30,"column":13},"end":{"line":30,"column":20}},{"start":{"line":30,"column":24},"end":{"line":30,"column":80}}]}},"s":{"0":1,"1":11,"2":11},"f":{"0":11},"b":{"0":[11,10],"1":[11,1],"2":[11,1]}}
,"/Users/I5285/Documents/GitHub/ale-enterprise-poc/frontend/src/components/ui/ModifiedTable.tsx": {"path":"/Users/I5285/Documents/GitHub/ale-enterprise-poc/frontend/src/components/ui/ModifiedTable.tsx","statementMap":{"0":{"start":{"line":13,"column":71},"end":{"line":28,"column":1}},"1":{"start":{"line":17,"column":2},"end":{"line":27,"column":4}},"2":{"start":{"line":32,"column":4},"end":{"line":36,"column":null}},"3":{"start":{"line":33,"column":2},"end":{"line":35,"column":null}},"4":{"start":{"line":41,"column":4},"end":{"line":42,"column":null}},"5":{"start":{"line":42,"column":2},"end":{"line":42,"column":78}},"6":{"start":{"line":47,"column":4},"end":{"line":54,"column":null}},"7":{"start":{"line":48,"column":2},"end":{"line":53,"column":null}},"8":{"start":{"line":59,"column":4},"end":{"line":66,"column":null}},"9":{"start":{"line":60,"column":2},"end":{"line":65,"column":null}},"10":{"start":{"line":71,"column":4},"end":{"line":78,"column":null}},"11":{"start":{"line":72,"column":2},"end":{"line":77,"column":null}}},"fnMap":{"0":{"name":"(anonymous_0)","decl":{"start":{"line":13,"column":71},"end":{"line":13,"column":72}},"loc":{"start":{"line":16,"column":5},"end":{"line":28,"column":1}}},"1":{"name":"(anonymous_1)","decl":{"start":{"line":32,"column":4},"end":{"line":32,"column":5}},"loc":{"start":{"line":33,"column":2},"end":{"line":35,"column":null}}},"2":{"name":"(anonymous_2)","decl":{"start":{"line":41,"column":4},"end":{"line":41,"column":5}},"loc":{"start":{"line":42,"column":2},"end":{"line":42,"column":78}}},"3":{"name":"(anonymous_3)","decl":{"start":{"line":47,"column":4},"end":{"line":47,"column":5}},"loc":{"start":{"line":48,"column":2},"end":{"line":53,"column":null}}},"4":{"name":"(anonymous_4)","decl":{"start":{"line":59,"column":4},"end":{"line":59,"column":5}},"loc":{"start":{"line":60,"column":2},"end":{"line":65,"column":null}}},"5":{"name":"(anonymous_5)","decl":{"start":{"line":71,"column":4},"end":{"line":71,"column":5}},"loc":{"start":{"line":72,"column":2},"end":{"line":77,"column":null}}}},"branchMap":{},"s":{"0":1,"1":2,"2":1,"3":1,"4":1,"5":1,"6":1,"7":2,"8":1,"9":3,"10":1,"11":3},"f":{"0":2,"1":1,"2":1,"3":2,"4":3,"5":3},"b":{}}
,"/Users/I5285/Documents/GitHub/ale-enterprise-poc/frontend/src/components/ui/Select.tsx": {"path":"/Users/I5285/Documents/GitHub/ale-enterprise-poc/frontend/src/components/ui/Select.tsx","statementMap":{"0":{"start":{"line":18,"column":22},"end":{"line":18,"column":77}},"1":{"start":{"line":27,"column":45},"end":{"line":52,"column":1}},"2":{"start":{"line":33,"column":44},"end":{"line":33,"column":66}},"3":{"start":{"line":34,"column":26},"end":{"line":34,"column":41}},"4":{"start":{"line":36,"column":23},"end":{"line":36,"column":42}},"5":{"start":{"line":37,"column":24},"end":{"line":37,"column":60}},"6":{"start":{"line":39,"column":19},"end":{"line":43,"column":3}},"7":{"start":{"line":40,"column":4},"end":{"line":40,"column":45}},"8":{"start":{"line":40,"column":23},"end":{"line":40,"column":45}},"9":{"start":{"line":41,"column":4},"end":{"line":41,"column":25}},"10":{"start":{"line":42,"column":4},"end":{"line":42,"column":19}},"11":{"start":{"line":45,"column":2},"end":{"line":51,"column":4}},"12":{"start":{"line":56,"column":4},"end":{"line":76,"column":1}},"13":{"start":{"line":57,"column":18},"end":{"line":57,"column":43}},"14":{"start":{"line":58,"column":2},"end":{"line":58,"column":76}},"15":{"start":{"line":58,"column":16},"end":{"line":58,"column":76}},"16":{"start":{"line":60,"column":2},"end":{"line":75,"column":4}},"17":{"start":{"line":63,"column":21},"end":{"line":63,"column":51}},"18":{"start":{"line":82,"column":55},"end":{"line":95,"column":1}},"19":{"start":{"line":85,"column":18},"end":{"line":85,"column":43}},"20":{"start":{"line":86,"column":2},"end":{"line":86,"column":74}},"21":{"start":{"line":86,"column":16},"end":{"line":86,"column":74}},"22":{"start":{"line":88,"column":2},"end":{"line":94,"column":4}},"23":{"start":{"line":99,"column":4},"end":{"line":137,"column":1}},"24":{"start":{"line":100,"column":18},"end":{"line":100,"column":43}},"25":{"start":{"line":101,"column":14},"end":{"line":101,"column":42}},"26":{"start":{"line":103,"column":2},"end":{"line":103,"column":76}},"27":{"start":{"line":103,"column":16},"end":{"line":103,"column":76}},"28":{"start":{"line":106,"column":2},"end":{"line":120,"column":21}},"29":{"start":{"line":107,"column":31},"end":{"line":111,"column":5}},"30":{"start":{"line":108,"column":6},"end":{"line":110,"column":7}},"31":{"start":{"line":109,"column":8},"end":{"line":109,"column":31}},"32":{"start":{"line":113,"column":4},"end":{"line":115,"column":5}},"33":{"start":{"line":114,"column":6},"end":{"line":114,"column":65}},"34":{"start":{"line":117,"column":4},"end":{"line":119,"column":6}},"35":{"start":{"line":118,"column":6},"end":{"line":118,"column":68}},"36":{"start":{"line":122,"column":2},"end":{"line":122,"column":33}},"37":{"start":{"line":122,"column":21},"end":{"line":122,"column":33}},"38":{"start":{"line":124,"column":2},"end":{"line":136,"column":4}},"39":{"start":{"line":144,"column":53},"end":{"line":169,"column":1}},"40":{"start":{"line":150,"column":18},"end":{"line":150,"column":43}},"41":{"start":{"line":151,"column":2},"end":{"line":151,"column":73}},"42":{"start":{"line":151,"column":16},"end":{"line":151,"column":73}},"43":{"start":{"line":153,"column":21},"end":{"line":153,"column":44}},"44":{"start":{"line":155,"column":2},"end":{"line":168,"column":4}},"45":{"start":{"line":157,"column":21},"end":{"line":157,"column":44}}},"fnMap":{"0":{"name":"(anonymous_0)","decl":{"start":{"line":27,"column":45},"end":{"line":27,"column":46}},"loc":{"start":{"line":32,"column":5},"end":{"line":52,"column":1}}},"1":{"name":"(anonymous_1)","decl":{"start":{"line":39,"column":19},"end":{"line":39,"column":20}},"loc":{"start":{"line":39,"column":35},"end":{"line":43,"column":3}}},"2":{"name":"(anonymous_2)","decl":{"start":{"line":56,"column":4},"end":{"line":56,"column":5}},"loc":{"start":{"line":56,"column":42},"end":{"line":76,"column":1}}},"3":{"name":"(anonymous_3)","decl":{"start":{"line":63,"column":15},"end":{"line":63,"column":18}},"loc":{"start":{"line":63,"column":21},"end":{"line":63,"column":51}}},"4":{"name":"(anonymous_4)","decl":{"start":{"line":82,"column":55},"end":{"line":82,"column":56}},"loc":{"start":{"line":84,"column":5},"end":{"line":95,"column":1}}},"5":{"name":"(anonymous_5)","decl":{"start":{"line":99,"column":4},"end":{"line":99,"column":5}},"loc":{"start":{"line":99,"column":42},"end":{"line":137,"column":1}}},"6":{"name":"(anonymous_6)","decl":{"start":{"line":106,"column":12},"end":{"line":106,"column":15}},"loc":{"start":{"line":106,"column":17},"end":{"line":120,"column":3}}},"7":{"name":"(anonymous_7)","decl":{"start":{"line":107,"column":31},"end":{"line":107,"column":32}},"loc":{"start":{"line":107,"column":53},"end":{"line":111,"column":5}}},"8":{"name":"(anonymous_8)","decl":{"start":{"line":117,"column":11},"end":{"line":117,"column":14}},"loc":{"start":{"line":117,"column":16},"end":{"line":119,"column":5}}},"9":{"name":"(anonymous_9)","decl":{"start":{"line":144,"column":53},"end":{"line":144,"column":54}},"loc":{"start":{"line":149,"column":5},"end":{"line":169,"column":1}}},"10":{"name":"(anonymous_10)","decl":{"start":{"line":157,"column":15},"end":{"line":157,"column":18}},"loc":{"start":{"line":157,"column":21},"end":{"line":157,"column":44}}}},"branchMap":{"0":{"loc":{"start":{"line":29,"column":2},"end":{"line":29,"column":19}},"type":"default-arg","locations":[{"start":{"line":29,"column":17},"end":{"line":29,"column":19}}]},"1":{"loc":{"start":{"line":37,"column":24},"end":{"line":37,"column":60}},"type":"cond-expr","locations":[{"start":{"line":37,"column":39},"end":{"line":37,"column":44}},{"start":{"line":37,"column":47},"end":{"line":37,"column":60}}]},"2":{"loc":{"start":{"line":40,"column":4},"end":{"line":40,"column":45}},"type":"if","locations":[{"start":{"line":40,"column":4},"end":{"line":40,"column":45}},{"start":{},"end":{}}]},"3":{"loc":{"start":{"line":58,"column":2},"end":{"line":58,"column":76}},"type":"if","locations":[{"start":{"line":58,"column":2},"end":{"line":58,"column":76}},{"start":{},"end":{}}]},"4":{"loc":{"start":{"line":86,"column":2},"end":{"line":86,"column":74}},"type":"if","locations":[{"start":{"line":86,"column":2},"end":{"line":86,"column":74}},{"start":{},"end":{}}]},"5":{"loc":{"start":{"line":90,"column":7},"end":{"line":91,"column":null}},"type":"binary-expr","locations":[{"start":{"line":90,"column":7},"end":{"line":90,"column":20}},{"start":{"line":91,"column":8},"end":{"line":91,"column":60}}]},"6":{"loc":{"start":{"line":103,"column":2},"end":{"line":103,"column":76}},"type":"if","locations":[{"start":{"line":103,"column":2},"end":{"line":103,"column":76}},{"start":{},"end":{}}]},"7":{"loc":{"start":{"line":108,"column":6},"end":{"line":110,"column":7}},"type":"if","locations":[{"start":{"line":108,"column":6},"end":{"line":110,"column":7}},{"start":{},"end":{}}]},"8":{"loc":{"start":{"line":108,"column":10},"end":{"line":108,"column":68}},"type":"binary-expr","locations":[{"start":{"line":108,"column":10},"end":{"line":108,"column":21}},{"start":{"line":108,"column":25},"end":{"line":108,"column":68}}]},"9":{"loc":{"start":{"line":113,"column":4},"end":{"line":115,"column":5}},"type":"if","locations":[{"start":{"line":113,"column":4},"end":{"line":115,"column":5}},{"start":{},"end":{}}]},"10":{"loc":{"start":{"line":122,"column":2},"end":{"line":122,"column":33}},"type":"if","locations":[{"start":{"line":122,"column":2},"end":{"line":122,"column":33}},{"start":{},"end":{}}]},"11":{"loc":{"start":{"line":151,"column":2},"end":{"line":151,"column":73}},"type":"if","locations":[{"start":{"line":151,"column":2},"end":{"line":151,"column":73}},{"start":{},"end":{}}]},"12":{"loc":{"start":{"line":161,"column":8},"end":{"line":161,"column":61}},"type":"binary-expr","locations":[{"start":{"line":161,"column":8},"end":{"line":161,"column":18}},{"start":{"line":161,"column":22},"end":{"line":161,"column":61}}]}},"s":{"0":1,"1":1,"2":7,"3":7,"4":7,"5":7,"6":7,"7":1,"8":1,"9":1,"10":1,"11":7,"12":1,"13":7,"14":7,"15":0,"16":7,"17":2,"18":1,"19":7,"20":7,"21":0,"22":7,"23":1,"24":7,"25":7,"26":7,"27":0,"28":7,"29":7,"30":1,"31":0,"32":7,"33":2,"34":7,"35":7,"36":7,"37":5,"38":2,"39":1,"40":3,"41":3,"42":0,"43":3,"44":3,"45":1},"f":{"0":7,"1":1,"2":7,"3":2,"4":7,"5":7,"6":7,"7":1,"8":7,"9":3,"10":1},"b":{"0":[7],"1":[1,6],"2":[1,0],"3":[0,7],"4":[0,7],"5":[7,5],"6":[0,7],"7":[0,1],"8":[1,1],"9":[2,5],"10":[5,2],"11":[0,3],"12":[3,0]}}
,"/Users/I5285/Documents/GitHub/ale-enterprise-poc/frontend/src/components/ui/Table.tsx": {"path":"/Users/I5285/Documents/GitHub/ale-enterprise-poc/frontend/src/components/ui/Table.tsx","statementMap":{"0":{"start":{"line":13,"column":36},"end":{"line":39,"column":1}},"1":{"start":{"line":14,"column":4},"end":{"line":38,"column":6}},"2":{"start":{"line":19,"column":24},"end":{"line":19,"column":47}},"3":{"start":{"line":27,"column":20},"end":{"line":27,"column":36}},"4":{"start":{"line":29,"column":28},"end":{"line":29,"column":51}}},"fnMap":{"0":{"name":"(anonymous_0)","decl":{"start":{"line":13,"column":36},"end":{"line":13,"column":37}},"loc":{"start":{"line":13,"column":58},"end":{"line":39,"column":1}}},"1":{"name":"(anonymous_1)","decl":{"start":{"line":18,"column":33},"end":{"line":18,"column":34}},"loc":{"start":{"line":19,"column":24},"end":{"line":19,"column":47}}},"2":{"name":"(anonymous_2)","decl":{"start":{"line":26,"column":26},"end":{"line":26,"column":27}},"loc":{"start":{"line":27,"column":20},"end":{"line":27,"column":36}}},"3":{"name":"(anonymous_3)","decl":{"start":{"line":28,"column":37},"end":{"line":28,"column":38}},"loc":{"start":{"line":29,"column":28},"end":{"line":29,"column":51}}}},"branchMap":{"0":{"loc":{"start":{"line":27,"column":47},"end":{"line":27,"column":108}},"type":"cond-expr","locations":[{"start":{"line":27,"column":65},"end":{"line":27,"column":75}},{"start":{"line":27,"column":78},"end":{"line":27,"column":108}}]}},"s":{"0":1,"1":12,"2":34,"3":32,"4":92},"f":{"0":12,"1":34,"2":32,"3":92},"b":{"0":[21,11]}}
,"/Users/I5285/Documents/GitHub/ale-enterprise-poc/frontend/src/components/ui/Tabs.tsx": {"path":"/Users/I5285/Documents/GitHub/ale-enterprise-poc/frontend/src/components/ui/Tabs.tsx","statementMap":{"0":{"start":{"line":9,"column":20},"end":{"line":9,"column":73}},"1":{"start":{"line":19,"column":41},"end":{"line":40,"column":1}},"2":{"start":{"line":25,"column":44},"end":{"line":25,"column":72}},"3":{"start":{"line":27,"column":23},"end":{"line":27,"column":42}},"4":{"start":{"line":28,"column":22},"end":{"line":28,"column":58}},"5":{"start":{"line":30,"column":19},"end":{"line":33,"column":3}},"6":{"start":{"line":31,"column":4},"end":{"line":31,"column":45}},"7":{"start":{"line":31,"column":23},"end":{"line":31,"column":45}},"8":{"start":{"line":32,"column":4},"end":{"line":32,"column":25}},"9":{"start":{"line":35,"column":2},"end":{"line":39,"column":4}},"10":{"start":{"line":44,"column":4},"end":{"line":51,"column":null}},"11":{"start":{"line":45,"column":2},"end":{"line":50,"column":null}},"12":{"start":{"line":59,"column":55},"end":{"line":87,"column":1}},"13":{"start":{"line":65,"column":18},"end":{"line":65,"column":41}},"14":{"start":{"line":66,"column":2},"end":{"line":68,"column":3}},"15":{"start":{"line":67,"column":4},"end":{"line":67,"column":60}},"16":{"start":{"line":70,"column":19},"end":{"line":70,"column":42}},"17":{"start":{"line":72,"column":2},"end":{"line":86,"column":4}},"18":{"start":{"line":74,"column":21},"end":{"line":74,"column":44}},"19":{"start":{"line":94,"column":55},"end":{"line":106,"column":1}},"20":{"start":{"line":98,"column":18},"end":{"line":98,"column":41}},"21":{"start":{"line":99,"column":2},"end":{"line":101,"column":3}},"22":{"start":{"line":100,"column":4},"end":{"line":100,"column":60}},"23":{"start":{"line":103,"column":2},"end":{"line":103,"column":43}},"24":{"start":{"line":103,"column":31},"end":{"line":103,"column":43}},"25":{"start":{"line":105,"column":2},"end":{"line":105,"column":48}}},"fnMap":{"0":{"name":"(anonymous_0)","decl":{"start":{"line":19,"column":41},"end":{"line":19,"column":42}},"loc":{"start":{"line":24,"column":5},"end":{"line":40,"column":1}}},"1":{"name":"(anonymous_1)","decl":{"start":{"line":30,"column":19},"end":{"line":30,"column":20}},"loc":{"start":{"line":30,"column":35},"end":{"line":33,"column":3}}},"2":{"name":"(anonymous_2)","decl":{"start":{"line":44,"column":4},"end":{"line":44,"column":5}},"loc":{"start":{"line":45,"column":2},"end":{"line":50,"column":null}}},"3":{"name":"(anonymous_3)","decl":{"start":{"line":59,"column":55},"end":{"line":59,"column":56}},"loc":{"start":{"line":64,"column":5},"end":{"line":87,"column":1}}},"4":{"name":"(anonymous_4)","decl":{"start":{"line":74,"column":15},"end":{"line":74,"column":18}},"loc":{"start":{"line":74,"column":21},"end":{"line":74,"column":44}}},"5":{"name":"(anonymous_5)","decl":{"start":{"line":94,"column":55},"end":{"line":94,"column":56}},"loc":{"start":{"line":97,"column":5},"end":{"line":106,"column":1}}}},"branchMap":{"0":{"loc":{"start":{"line":25,"column":53},"end":{"line":25,"column":71}},"type":"binary-expr","locations":[{"start":{"line":25,"column":53},"end":{"line":25,"column":65}},{"start":{"line":25,"column":69},"end":{"line":25,"column":71}}]},"1":{"loc":{"start":{"line":28,"column":22},"end":{"line":28,"column":58}},"type":"cond-expr","locations":[{"start":{"line":28,"column":37},"end":{"line":28,"column":42}},{"start":{"line":28,"column":45},"end":{"line":28,"column":58}}]},"2":{"loc":{"start":{"line":31,"column":4},"end":{"line":31,"column":45}},"type":"if","locations":[{"start":{"line":31,"column":4},"end":{"line":31,"column":45}},{"start":{},"end":{}}]},"3":{"loc":{"start":{"line":66,"column":2},"end":{"line":68,"column":3}},"type":"if","locations":[{"start":{"line":66,"column":2},"end":{"line":68,"column":3}},{"start":{},"end":{}}]},"4":{"loc":{"start":{"line":77,"column":8},"end":{"line":79,"column":47}},"type":"cond-expr","locations":[{"start":{"line":78,"column":12},"end":{"line":78,"column":54}},{"start":{"line":79,"column":12},"end":{"line":79,"column":47}}]},"5":{"loc":{"start":{"line":99,"column":2},"end":{"line":101,"column":3}},"type":"if","locations":[{"start":{"line":99,"column":2},"end":{"line":101,"column":3}},{"start":{},"end":{}}]},"6":{"loc":{"start":{"line":103,"column":2},"end":{"line":103,"column":43}},"type":"if","locations":[{"start":{"line":103,"column":2},"end":{"line":103,"column":43}},{"start":{},"end":{}}]}},"s":{"0":1,"1":1,"2":6,"3":6,"4":6,"5":6,"6":2,"7":2,"8":2,"9":6,"10":1,"11":4,"12":1,"13":12,"14":12,"15":0,"16":12,"17":12,"18":2,"19":1,"20":12,"21":12,"22":0,"23":12,"24":6,"25":6},"f":{"0":6,"1":2,"2":4,"3":12,"4":2,"5":12},"b":{"0":[6,1],"1":[1,5],"2":[2,0],"3":[0,12],"4":[6,6],"5":[0,12],"6":[6,6]}}
,"/Users/I5285/Documents/GitHub/ale-enterprise-poc/frontend/src/components/ui/Tooltip.tsx": {"path":"/Users/I5285/Documents/GitHub/ale-enterprise-poc/frontend/src/components/ui/Tooltip.tsx","statementMap":{"0":{"start":{"line":9,"column":40},"end":{"line":26,"column":1}},"1":{"start":{"line":10,"column":27},"end":{"line":18,"column":null}},"2":{"start":{"line":20,"column":4},"end":{"line":25,"column":6}}},"fnMap":{"0":{"name":"(anonymous_0)","decl":{"start":{"line":9,"column":40},"end":{"line":9,"column":41}},"loc":{"start":{"line":9,"column":102},"end":{"line":26,"column":1}}}},"branchMap":{"0":{"loc":{"start":{"line":9,"column":49},"end":{"line":9,"column":65}},"type":"default-arg","locations":[{"start":{"line":9,"column":60},"end":{"line":9,"column":65}}]}},"s":{"0":1,"1":6,"2":6},"f":{"0":6},"b":{"0":[3]}}
,"/Users/I5285/Documents/GitHub/ale-enterprise-poc/frontend/src/features/accounting-cash/AccountingCashLanding.tsx": {"path":"/Users/I5285/Documents/GitHub/ale-enterprise-poc/frontend/src/features/accounting-cash/AccountingCashLanding.tsx","statementMap":{"0":{"start":{"line":19,"column":40},"end":{"line":84,"column":1}},"1":{"start":{"line":20,"column":19},"end":{"line":20,"column":32}},"2":{"start":{"line":23,"column":16},"end":{"line":45,"column":4}},"3":{"start":{"line":47,"column":2},"end":{"line":83,"column":4}},"4":{"start":{"line":54,"column":25},"end":{"line":54,"column":34}},"5":{"start":{"line":56,"column":12},"end":{"line":79,"column":14}},"6":{"start":{"line":64,"column":31},"end":{"line":64,"column":50}}},"fnMap":{"0":{"name":"(anonymous_0)","decl":{"start":{"line":19,"column":40},"end":{"line":19,"column":43}},"loc":{"start":{"line":19,"column":45},"end":{"line":84,"column":1}}},"1":{"name":"(anonymous_1)","decl":{"start":{"line":53,"column":19},"end":{"line":53,"column":20}},"loc":{"start":{"line":53,"column":28},"end":{"line":80,"column":9}}},"2":{"name":"(anonymous_2)","decl":{"start":{"line":64,"column":25},"end":{"line":64,"column":28}},"loc":{"start":{"line":64,"column":31},"end":{"line":64,"column":50}}}},"branchMap":{},"s":{"0":1,"1":4,"2":4,"3":4,"4":12,"5":12,"6":0},"f":{"0":4,"1":12,"2":0},"b":{}}
[...]
,"/Users/I5285/Documents/GitHub/ale-enterprise-poc/frontend/src/features/document-tracker/store/documentTrackerStore.ts": {"path":"/Users/I5285/Documents/GitHub/ale-enterprise-poc/frontend/src/features/document-tracker/store/documentTrackerStore.ts","statementMap":{"0":{"start":{"line":19,"column":39},"end":{"line":32,"column":null}},"1":{"start":{"line":21,"column":14},"end":{"line":27,"column":6}},"2":{"start":{"line":24,"column":31},"end":{"line":24,"column":47}},"3":{"start":{"line":25,"column":26},"end":{"line":25,"column":46}},"4":{"start":{"line":26,"column":36},"end":{"line":26,"column":66}},"5":{"start":{"line":30,"column":30},"end":{"line":30,"column":56}}},"fnMap":{"0":{"name":"(anonymous_0)","decl":{"start":{"line":21,"column":4},"end":{"line":21,"column":5}},"loc":{"start":{"line":21,"column":14},"end":{"line":27,"column":6}}},"1":{"name":"(anonymous_1)","decl":{"start":{"line":24,"column":18},"end":{"line":24,"column":19}},"loc":{"start":{"line":24,"column":31},"end":{"line":24,"column":47}}},"2":{"name":"(anonymous_2)","decl":{"start":{"line":25,"column":20},"end":{"line":25,"column":23}},"loc":{"start":{"line":25,"column":26},"end":{"line":25,"column":46}}},"3":{"name":"(anonymous_3)","decl":{"start":{"line":26,"column":27},"end":{"line":26,"column":28}},"loc":{"start":{"line":26,"column":36},"end":{"line":26,"column":66}}},"4":{"name":"(anonymous_4)","decl":{"start":{"line":30,"column":18},"end":{"line":30,"column":19}},"loc":{"start":{"line":30,"column":30},"end":{"line":30,"column":56}}}},"branchMap":{},"s":{"0":1,"1":1,"2":4,"3":1,"4":3,"5":14},"f":{"0":1,"1":4,"2":1,"3":3,"4":14},"b":{}}
,"/Users/I5285/Documents/GitHub/ale-enterprise-poc/frontend/src/hooks/useAuth.ts": {"path":"/Users/I5285/Documents/GitHub/ale-enterprise-poc/frontend/src/hooks/useAuth.ts","statementMap":{"0":{"start":{"line":13,"column":28},"end":{"line":13,"column":47}},"1":{"start":{"line":14,"column":50},"end":{"line":14,"column":74}},"2":{"start":{"line":15,"column":4},"end":{"line":21,"column":11}},"3":{"start":{"line":16,"column":27},"end":{"line":16,"column":55}},"4":{"start":{"line":17,"column":8},"end":{"line":20,"column":9}},"5":{"start":{"line":18,"column":12},"end":{"line":18,"column":44}},"6":{"start":{"line":19,"column":12},"end":{"line":19,"column":37}},"7":{"start":{"line":22,"column":18},"end":{"line":43,"column":5}},"8":{"start":{"line":23,"column":8},"end":{"line":42,"column":9}},"9":{"start":{"line":24,"column":29},"end":{"line":30,"column":14}},"10":{"start":{"line":31,"column":12},"end":{"line":33,"column":13}},"11":{"start":{"line":32,"column":16},"end":{"line":32,"column":48}},"12":{"start":{"line":34,"column":25},"end":{"line":34,"column":46}},"13":{"start":{"line":35,"column":12},"end":{"line":35,"column":31}},"14":{"start":{"line":36,"column":12},"end":{"line":36,"column":37}},"15":{"start":{"line":37,"column":12},"end":{"line":37,"column":68}},"16":{"start":{"line":38,"column":12},"end":{"line":38,"column":58}},"17":{"start":{"line":40,"column":12},"end":{"line":40,"column":57}},"18":{"start":{"line":41,"column":12},"end":{"line":41,"column":24}},"19":{"start":{"line":44,"column":19},"end":{"line":49,"column":5}},"20":{"start":{"line":45,"column":8},"end":{"line":45,"column":22}},"21":{"start":{"line":46,"column":8},"end":{"line":46,"column":34}},"22":{"start":{"line":47,"column":8},"end":{"line":47,"column":40}},"23":{"start":{"line":48,"column":8},"end":{"line":48,"column":45}},"24":{"start":{"line":50,"column":4},"end":{"line":50,"column":52}}},"fnMap":{"0":{"name":"useAuth","decl":{"start":{"line":12,"column":9},"end":{"line":12,"column":16}},"loc":{"start":{"line":12,"column":46},"end":{"line":51,"column":1}}},"1":{"name":"(anonymous_1)","decl":{"start":{"line":15,"column":14},"end":{"line":15,"column":17}},"loc":{"start":{"line":15,"column":19},"end":{"line":21,"column":5}}},"2":{"name":"(anonymous_2)","decl":{"start":{"line":22,"column":18},"end":{"line":22,"column":23}},"loc":{"start":{"line":22,"column":63},"end":{"line":43,"column":5}}},"3":{"name":"(anonymous_3)","decl":{"start":{"line":44,"column":19},"end":{"line":44,"column":22}},"loc":{"start":{"line":44,"column":24},"end":{"line":49,"column":5}}}},"branchMap":{"0":{"loc":{"start":{"line":17,"column":8},"end":{"line":20,"column":9}},"type":"if","locations":[{"start":{"line":17,"column":8},"end":{"line":20,"column":9}},{"start":{},"end":{}}]},"1":{"loc":{"start":{"line":31,"column":12},"end":{"line":33,"column":13}},"type":"if","locations":[{"start":{"line":31,"column":12},"end":{"line":33,"column":13}},{"start":{},"end":{}}]}},"s":{"0":11,"1":11,"2":11,"3":6,"4":6,"5":2,"6":2,"7":11,"8":3,"9":3,"10":3,"11":1,"12":2,"13":2,"14":2,"15":2,"16":2,"17":1,"18":1,"19":11,"20":1,"21":1,"22":1,"23":1,"24":11},"f":{"0":11,"1":6,"2":3,"3":1},"b":{"0":[2,4],"1":[1,2]}}
,"/Users/I5285/Documents/GitHub/ale-enterprise-poc/frontend/src/hooks/useDebounce.ts": {"path":"/Users/I5285/Documents/GitHub/ale-enterprise-poc/frontend/src/hooks/useDebounce.ts","statementMap":{"0":{"start":{"line":4,"column":48},"end":{"line":4,"column":66}},"1":{"start":{"line":5,"column":4},"end":{"line":12,"column":23}},"2":{"start":{"line":6,"column":24},"end":{"line":8,"column":17}},"3":{"start":{"line":7,"column":12},"end":{"line":7,"column":37}},"4":{"start":{"line":9,"column":8},"end":{"line":11,"column":10}},"5":{"start":{"line":10,"column":12},"end":{"line":10,"column":34}},"6":{"start":{"line":13,"column":4},"end":{"line":13,"column":26}}},"fnMap":{"0":{"name":"useDebounce","decl":{"start":{"line":3,"column":9},"end":{"line":3,"column":20}},"loc":{"start":{"line":3,"column":47},"end":{"line":14,"column":1}}},"1":{"name":"(anonymous_1)","decl":{"start":{"line":5,"column":14},"end":{"line":5,"column":17}},"loc":{"start":{"line":5,"column":19},"end":{"line":12,"column":5}}},"2":{"name":"(anonymous_2)","decl":{"start":{"line":6,"column":35},"end":{"line":6,"column":38}},"loc":{"start":{"line":6,"column":40},"end":{"line":8,"column":9}}},"3":{"name":"(anonymous_3)","decl":{"start":{"line":9,"column":15},"end":{"line":9,"column":18}},"loc":{"start":{"line":9,"column":20},"end":{"line":11,"column":9}}}},"branchMap":{},"s":{"0":13,"1":13,"2":10,"3":3,"4":10,"5":10,"6":13},"f":{"0":13,"1":10,"2":3,"3":10},"b":{}}
,"/Users/I5285/Documents/GitHub/ale-enterprise-poc/frontend/src/hooks/useLocalStorage.ts": {"path":"/Users/I5285/Documents/GitHub/ale-enterprise-poc/frontend/src/hooks/useLocalStorage.ts","statementMap":{"0":{"start":{"line":4,"column":42},"end":{"line":12,"column":6}},"1":{"start":{"line":5,"column":8},"end":{"line":11,"column":9}},"2":{"start":{"line":6,"column":25},"end":{"line":6,"column":57}},"3":{"start":{"line":7,"column":12},"end":{"line":7,"column":58}},"4":{"start":{"line":9,"column":12},"end":{"line":9,"column":83}},"5":{"start":{"line":10,"column":12},"end":{"line":10,"column":32}},"6":{"start":{"line":13,"column":21},"end":{"line":21,"column":5}},"7":{"start":{"line":14,"column":8},"end":{"line":20,"column":9}},"8":{"start":{"line":15,"column":33},"end":{"line":15,"column":87}},"9":{"start":{"line":16,"column":12},"end":{"line":16,"column":41}},"10":{"start":{"line":17,"column":12},"end":{"line":17,"column":75}},"11":{"start":{"line":19,"column":12},"end":{"line":19,"column":83}},"12":{"start":{"line":22,"column":4},"end":{"line":22,"column":35}}},"fnMap":{"0":{"name":"useLocalStorage","decl":{"start":{"line":3,"column":9},"end":{"line":3,"column":24}},"loc":{"start":{"line":3,"column":56},"end":{"line":23,"column":1}}},"1":{"name":"(anonymous_1)","decl":{"start":{"line":4,"column":54},"end":{"line":4,"column":57}},"loc":{"start":{"line":4,"column":59},"end":{"line":12,"column":5}}},"2":{"name":"(anonymous_2)","decl":{"start":{"line":13,"column":21},"end":{"line":13,"column":22}},"loc":{"start":{"line":13,"column":34},"end":{"line":21,"column":5}}}},"branchMap":{"0":{"loc":{"start":{"line":7,"column":19},"end":{"line":7,"column":57}},"type":"cond-expr","locations":[{"start":{"line":7,"column":26},"end":{"line":7,"column":42}},{"start":{"line":7,"column":45},"end":{"line":7,"column":57}}]},"1":{"loc":{"start":{"line":15,"column":33},"end":{"line":15,"column":87}},"type":"cond-expr","locations":[{"start":{"line":15,"column":61},"end":{"line":15,"column":79}},{"start":{"line":15,"column":82},"end":{"line":15,"column":87}}]}},"s":{"0":9,"1":6,"2":6,"3":6,"4":1,"5":1,"6":9,"7":3,"8":3,"9":3,"10":3,"11":0,"12":9},"f":{"0":9,"1":6,"2":3},"b":{"0":[2,4],"1":[0,3]}}
,"/Users/I5285/Documents/GitHub/ale-enterprise-poc/frontend/src/hooks/usePagination.ts": {"path":"/Users/I5285/Documents/GitHub/ale-enterprise-poc/frontend/src/hooks/usePagination.ts","statementMap":{"0":{"start":{"line":19,"column":42},"end":{"line":19,"column":63}},"1":{"start":{"line":20,"column":23},"end":{"line":22,"column":34}},"2":{"start":{"line":21,"column":8},"end":{"line":21,"column":52}},"3":{"start":{"line":23,"column":24},"end":{"line":29,"column":20}},"4":{"start":{"line":24,"column":32},"end":{"line":24,"column":34}},"5":{"start":{"line":25,"column":8},"end":{"line":27,"column":9}},"6":{"start":{"line":25,"column":21},"end":{"line":25,"column":22}},"7":{"start":{"line":26,"column":12},"end":{"line":26,"column":26}},"8":{"start":{"line":28,"column":8},"end":{"line":28,"column":21}},"9":{"start":{"line":30,"column":23},"end":{"line":34,"column":5}},"10":{"start":{"line":31,"column":8},"end":{"line":33,"column":9}},"11":{"start":{"line":32,"column":12},"end":{"line":32,"column":39}},"12":{"start":{"line":35,"column":4},"end":{"line":40,"column":6}}},"fnMap":{"0":{"name":"usePagination","decl":{"start":{"line":14,"column":9},"end":{"line":14,"column":22}},"loc":{"start":{"line":18,"column":21},"end":{"line":41,"column":1}}},"1":{"name":"(anonymous_1)","decl":{"start":{"line":20,"column":31},"end":{"line":20,"column":34}},"loc":{"start":{"line":20,"column":36},"end":{"line":22,"column":5}}},"2":{"name":"(anonymous_2)","decl":{"start":{"line":23,"column":32},"end":{"line":23,"column":35}},"loc":{"start":{"line":23,"column":37},"end":{"line":29,"column":5}}},"3":{"name":"(anonymous_3)","decl":{"start":{"line":30,"column":23},"end":{"line":30,"column":24}},"loc":{"start":{"line":30,"column":46},"end":{"line":34,"column":5}}}},"branchMap":{"0":{"loc":{"start":{"line":17,"column":4},"end":{"line":17,"column":19}},"type":"default-arg","locations":[{"start":{"line":17,"column":18},"end":{"line":17,"column":19}}]},"1":{"loc":{"start":{"line":31,"column":8},"end":{"line":33,"column":9}},"type":"if","locations":[{"start":{"line":31,"column":8},"end":{"line":33,"column":9}},{"start":{},"end":{}}]},"2":{"loc":{"start":{"line":31,"column":12},"end":{"line":31,"column":55}},"type":"binary-expr","locations":[{"start":{"line":31,"column":12},"end":{"line":31,"column":27}},{"start":{"line":31,"column":31},"end":{"line":31,"column":55}}]}},"s":{"0":11,"1":11,"2":10,"3":11,"4":10,"5":10,"6":10,"7":50,"8":10,"9":11,"10":3,"11":1,"12":11},"f":{"0":11,"1":10,"2":10,"3":3},"b":{"0":[10],"1":[1,2],"2":[3,2]}}
,"/Users/I5285/Documents/GitHub/ale-enterprise-poc/frontend/src/hooks/usePermissions.ts": {"path":"/Users/I5285/Documents/GitHub/ale-enterprise-poc/frontend/src/hooks/usePermissions.ts","statementMap":{"0":{"start":{"line":11,"column":42},"end":{"line":11,"column":64}},"1":{"start":{"line":12,"column":4},"end":{"line":27,"column":20}},"2":{"start":{"line":14,"column":33},"end":{"line":24,"column":9}},"3":{"start":{"line":15,"column":12},"end":{"line":23,"column":13}},"4":{"start":{"line":17,"column":33},"end":{"line":17,"column":80}},"5":{"start":{"line":18,"column":29},"end":{"line":18,"column":50}},"6":{"start":{"line":19,"column":16},"end":{"line":19,"column":49}},"7":{"start":{"line":22,"column":16},"end":{"line":22,"column":69}},"8":{"start":{"line":25,"column":8},"end":{"line":25,"column":27}},"9":{"start":{"line":28,"column":26},"end":{"line":30,"column":5}},"10":{"start":{"line":29,"column":8},"end":{"line":29,"column":48}},"11":{"start":{"line":31,"column":4},"end":{"line":31,"column":42}}},"fnMap":{"0":{"name":"usePermissions","decl":{"start":{"line":10,"column":9},"end":{"line":10,"column":23}},"loc":{"start":{"line":10,"column":55},"end":{"line":32,"column":1}}},"1":{"name":"(anonymous_1)","decl":{"start":{"line":12,"column":14},"end":{"line":12,"column":17}},"loc":{"start":{"line":12,"column":19},"end":{"line":26,"column":5}}},"2":{"name":"(anonymous_2)","decl":{"start":{"line":14,"column":33},"end":{"line":14,"column":38}},"loc":{"start":{"line":14,"column":44},"end":{"line":24,"column":9}}},"3":{"name":"(anonymous_3)","decl":{"start":{"line":28,"column":26},"end":{"line":28,"column":27}},"loc":{"start":{"line":28,"column":49},"end":{"line":30,"column":5}}}},"branchMap":{},"s":{"0":8,"1":8,"2":5,"3":5,"4":5,"5":4,"6":4,"7":1,"8":5,"9":8,"10":3,"11":8},"f":{"0":8,"1":5,"2":5,"3":3},"b":{}}
,"/Users/I5285/Documents/GitHub/ale-enterprise-poc/frontend/src/lib/api/client.ts": {"path":"/Users/I5285/Documents/GitHub/ale-enterprise-poc/frontend/src/lib/api/client.ts","statementMap":{"0":{"start":{"line":32,"column":21},"end":{"line":32,"column":81}},"1":{"start":{"line":34,"column":40},"end":{"line":40,"column":2}},"2":{"start":{"line":43,"column":0},"end":{"line":56,"column":2}},"3":{"start":{"line":45,"column":18},"end":{"line":45,"column":51}},"4":{"start":{"line":46,"column":4},"end":{"line":48,"column":5}},"5":{"start":{"line":47,"column":6},"end":{"line":47,"column":55}},"6":{"start":{"line":51,"column":4},"end":{"line":51,"column":61}},"7":{"start":{"line":53,"column":4},"end":{"line":53,"column":18}},"8":{"start":{"line":55,"column":18},"end":{"line":55,"column":39}},"9":{"start":{"line":59,"column":0},"end":{"line":74,"column":2}},"10":{"start":{"line":60,"column":21},"end":{"line":60,"column":29}},"11":{"start":{"line":62,"column":4},"end":{"line":65,"column":5}},"12":{"start":{"line":64,"column":6},"end":{"line":64,"column":38}},"13":{"start":{"line":67,"column":4},"end":{"line":70,"column":5}},"14":{"start":{"line":69,"column":6},"end":{"line":69,"column":54}},"15":{"start":{"line":72,"column":4},"end":{"line":72,"column":57}}},"fnMap":{"0":{"name":"(anonymous_0)","decl":{"start":{"line":44,"column":2},"end":{"line":44,"column":3}},"loc":{"start":{"line":44,"column":41},"end":{"line":54,"column":3}}},"1":{"name":"(anonymous_1)","decl":{"start":{"line":55,"column":2},"end":{"line":55,"column":3}},"loc":{"start":{"line":55,"column":18},"end":{"line":55,"column":39}}},"2":{"name":"(anonymous_2)","decl":{"start":{"line":60,"column":2},"end":{"line":60,"column":3}},"loc":{"start":{"line":60,"column":21},"end":{"line":60,"column":29}}},"3":{"name":"(anonymous_3)","decl":{"start":{"line":61,"column":2},"end":{"line":61,"column":3}},"loc":{"start":{"line":61,"column":39},"end":{"line":73,"column":3}}}},"branchMap":{"0":{"loc":{"start":{"line":32,"column":21},"end":{"line":32,"column":81}},"type":"binary-expr","locations":[{"start":{"line":32,"column":21},"end":{"line":32,"column":54}},{"start":{"line":32,"column":58},"end":{"line":32,"column":81}}]},"1":{"loc":{"start":{"line":46,"column":4},"end":{"line":48,"column":5}},"type":"if","locations":[{"start":{"line":46,"column":4},"end":{"line":48,"column":5}},{"start":{},"end":{}}]},"2":{"loc":{"start":{"line":62,"column":4},"end":{"line":65,"column":5}},"type":"if","locations":[{"start":{"line":62,"column":4},"end":{"line":65,"column":5}},{"start":{},"end":{}}]},"3":{"loc":{"start":{"line":67,"column":4},"end":{"line":70,"column":5}},"type":"if","locations":[{"start":{"line":67,"column":4},"end":{"line":70,"column":5}},{"start":{},"end":{}}]},"4":{"loc":{"start":{"line":72,"column":26},"end":{"line":72,"column":55}},"type":"binary-expr","locations":[{"start":{"line":72,"column":26},"end":{"line":72,"column":46}},{"start":{"line":72,"column":50},"end":{"line":72,"column":55}}]}},"s":{"0":3,"1":3,"2":3,"3":18,"4":18,"5":1,"6":18,"7":18,"8":0,"9":3,"10":15,"11":3,"12":1,"13":3,"14":1,"15":3},"f":{"0":18,"1":0,"2":15,"3":3},"b":{"0":[3,0],"1":[1,17],"2":[1,2],"3":[1,2],"4":[3,0]}}
,"/Users/I5285/Documents/GitHub/ale-enterprise-poc/frontend/src/lib/utils/cn.ts": {"path":"/Users/I5285/Documents/GitHub/ale-enterprise-poc/frontend/src/lib/utils/cn.ts","statementMap":{"0":{"start":{"line":9,"column":2},"end":{"line":9,"column":null}}},"fnMap":{"0":{"name":"cn","decl":{"start":{"line":8,"column":16},"end":{"line":8,"column":18}},"loc":{"start":{"line":8,"column":42},"end":{"line":10,"column":1}}}},"branchMap":{},"s":{"0":8},"f":{"0":8},"b":{}}
,"/Users/I5285/Documents/GitHub/ale-enterprise-poc/frontend/src/lib/utils/formatters.ts": {"path":"/Users/I5285/Documents/GitHub/ale-enterprise-poc/frontend/src/lib/utils/formatters.ts","statementMap":{"0":{"start":{"line":1,"column":30},"end":{"line":8,"column":1}},"1":{"start":{"line":2,"column":2},"end":{"line":7,"column":19}},"2":{"start":{"line":10,"column":30},"end":{"line":19,"column":1}},"3":{"start":{"line":11,"column":15},"end":{"line":11,"column":35}},"4":{"start":{"line":12,"column":2},"end":{"line":18,"column":18}},"5":{"start":{"line":21,"column":26},"end":{"line":28,"column":1}},"6":{"start":{"line":22,"column":15},"end":{"line":22,"column":35}},"7":{"start":{"line":23,"column":2},"end":{"line":27,"column":18}},"8":{"start":{"line":30,"column":32},"end":{"line":32,"column":1}},"9":{"start":{"line":31,"column":2},"end":{"line":31,"column":32}},"10":{"start":{"line":34,"column":18},"end":{"line":36,"column":1}},"11":{"start":{"line":35,"column":2},"end":{"line":35,"column":43}},"12":{"start":{"line":38,"column":30},"end":{"line":52,"column":1}},"13":{"start":{"line":39,"column":49},"end":{"line":50,"column":4}},"14":{"start":{"line":51,"column":2},"end":{"line":51,"column":63}},"15":{"start":{"line":54,"column":31},"end":{"line":62,"column":1}},"16":{"start":{"line":55,"column":42},"end":{"line":60,"column":4}},"17":{"start":{"line":61,"column":2},"end":{"line":61,"column":34}}},"fnMap":{"0":{"name":"(anonymous_0)","decl":{"start":{"line":1,"column":30},"end":{"line":1,"column":31}},"loc":{"start":{"line":1,"column":56},"end":{"line":8,"column":1}}},"1":{"name":"(anonymous_1)","decl":{"start":{"line":10,"column":30},"end":{"line":10,"column":31}},"loc":{"start":{"line":10,"column":61},"end":{"line":19,"column":1}}},"2":{"name":"(anonymous_2)","decl":{"start":{"line":21,"column":26},"end":{"line":21,"column":27}},"loc":{"start":{"line":21,"column":57},"end":{"line":28,"column":1}}},"3":{"name":"(anonymous_3)","decl":{"start":{"line":30,"column":32},"end":{"line":30,"column":33}},"loc":{"start":{"line":30,"column":58},"end":{"line":32,"column":1}}},"4":{"name":"(anonymous_4)","decl":{"start":{"line":34,"column":18},"end":{"line":34,"column":19}},"loc":{"start":{"line":34,"column":80},"end":{"line":36,"column":1}}},"5":{"name":"(anonymous_5)","decl":{"start":{"line":38,"column":30},"end":{"line":38,"column":31}},"loc":{"start":{"line":38,"column":57},"end":{"line":52,"column":1}}},"6":{"name":"(anonymous_6)","decl":{"start":{"line":54,"column":31},"end":{"line":54,"column":32}},"loc":{"start":{"line":54,"column":60},"end":{"line":62,"column":1}}}},"branchMap":{"0":{"loc":{"start":{"line":51,"column":9},"end":{"line":51,"column":62}},"type":"binary-expr","locations":[{"start":{"line":51,"column":9},"end":{"line":51,"column":31}},{"start":{"line":51,"column":35},"end":{"line":51,"column":62}}]},"1":{"loc":{"start":{"line":61,"column":9},"end":{"line":61,"column":33}},"type":"binary-expr","locations":[{"start":{"line":61,"column":9},"end":{"line":61,"column":26}},{"start":{"line":61,"column":30},"end":{"line":61,"column":33}}]}},"s":{"0":4,"1":9,"2":4,"3":35,"4":35,"5":4,"6":2,"7":2,"8":4,"9":6,"10":4,"11":4,"12":4,"13":11,"14":11,"15":4,"16":5,"17":5},"f":{"0":9,"1":35,"2":2,"3":6,"4":4,"5":11,"6":5},"b":{"0":[11,1],"1":[5,1]}}
}
