TN:
SF:src/app/App.tsx
FN:8,App
FNF:1
FNH:1
FNDA:2,App
DA:9,2
LF:1
LH:1
BRF:0
BRH:0
end_of_record
TN:
SF:src/app/providers/AuthProvider.tsx
FN:14,(anonymous_0)
FN:15,(anonymous_1)
FN:20,(anonymous_2)
FN:26,(anonymous_3)
FN:39,(anonymous_4)
FNF:5
FNH:5
FNDA:11,(anonymous_0)
FNDA:7,(anonymous_1)
FNDA:3,(anonymous_2)
FNDA:1,(anonymous_3)
FNDA:12,(anonymous_4)
DA:12,2
DA:14,2
DA:15,11
DA:16,7
DA:17,7
DA:20,11
DA:21,3
DA:22,3
DA:23,3
DA:26,11
DA:27,1
DA:28,1
DA:29,1
DA:32,11
DA:39,2
DA:40,12
DA:41,11
DA:42,2
DA:44,9
LF:19
LH:19
BRDA:17,0,0,1
BRDA:17,0,1,6
BRDA:41,1,0,2
BRDA:41,1,1,9
BRF:4
BRH:4
end_of_record
TN:
SF:src/app/providers/QueryProvider.tsx
FN:18,(anonymous_0)
FNF:1
FNH:1
FNDA:4,(anonymous_0)
DA:4,2
DA:18,2
DA:19,4
LF:3
LH:3
BRF:0
BRH:0
end_of_record
TN:
SF:src/app/providers/ThemeProvider.tsx
FN:3,(anonymous_0)
FNF:1
FNH:1
FNDA:4,(anonymous_0)
DA:3,2
DA:4,4
LF:2
LH:2
BRF:0
BRH:0
end_of_record
TN:
SF:src/components/common/ComingSoonPage.tsx
FN:17,(anonymous_0)
FN:48,(anonymous_1)
FNF:2
FNH:2
FNDA:3,(anonymous_0)
FNDA:1,(anonymous_1)
DA:17,1
DA:18,3
DA:20,3
DA:48,1
LF:4
LH:4
BRF:0
BRH:0
end_of_record
TN:
SF:src/components/common/NotFoundPage.tsx
FN:10,(anonymous_0)
FN:40,(anonymous_1)
FNF:2
FNH:2
FNDA:3,(anonymous_0)
FNDA:1,(anonymous_1)
DA:10,1
DA:11,3
DA:13,3
DA:40,1
LF:4
LH:4
BRF:0
BRH:0
end_of_record
TN:
SF:src/components/common/DataGrid/hooks.ts
FN:13,(anonymous_0)
FN:19,(anonymous_1)
FN:20,(anonymous_2)
FN:23,(anonymous_3)
FN:24,(anonymous_4)
FN:30,(anonymous_5)
FN:36,(anonymous_6)
FN:37,(anonymous_7)
FN:47,(anonymous_8)
FNF:9
FNH:9
FNDA:8,(anonymous_0)
FNDA:2,(anonymous_1)
FNDA:2,(anonymous_2)
FNDA:1,(anonymous_3)
FNDA:1,(anonymous_4)
FNDA:11,(anonymous_5)
FNDA:6,(anonymous_6)
FNDA:6,(anonymous_7)
FNDA:1,(anonymous_8)
DA:13,1
DA:14,8
DA:19,8
DA:20,2
DA:23,8
DA:24,1
DA:27,8
DA:30,1
DA:31,11
DA:36,11
DA:37,6
DA:44,11
DA:47,1
DA:48,1
DA:49,1
DA:51,1
LF:16
LH:16
BRDA:13,0,0,6
BRDA:40,1,0,2
BRDA:40,1,1,4
BRDA:40,2,0,6
BRDA:40,2,1,2
BRDA:47,3,0,1
BRF:6
BRH:6
end_of_record
TN:
SF:src/components/common/EmptyState/EmptyState.tsx
FN:14,(anonymous_0)
FNF:1
FNH:1
FNDA:5,(anonymous_0)
DA:14,1
DA:20,5
LF:2
LH:2
BRDA:22,0,0,5
BRDA:22,0,1,1
BRDA:24,1,0,5
BRDA:24,1,1,1
BRDA:25,2,0,5
BRDA:25,2,1,2
BRF:6
BRH:6
end_of_record
TN:
SF:src/components/common/EmptyState/hooks.ts
FN:11,(anonymous_0)
FN:15,(anonymous_1)
FN:16,(anonymous_2)
FN:19,(anonymous_3)
FN:23,(anonymous_4)
FN:27,(anonymous_5)
FNF:6
FNH:6
FNDA:12,(anonymous_0)
FNDA:2,(anonymous_1)
FNDA:2,(anonymous_2)
FNDA:3,(anonymous_3)
FNDA:1,(anonymous_4)
FNDA:1,(anonymous_5)
DA:11,1
DA:12,12
DA:13,12
DA:15,12
DA:16,2
DA:19,12
DA:20,3
DA:23,12
DA:24,1
DA:27,12
DA:28,1
DA:29,1
DA:32,12
LF:13
LH:13
BRF:0
BRH:0
end_of_record
TN:
SF:src/components/common/ErrorBoundary/ErrorBoundary.tsx
FN:13,(anonymous_0)
FN:18,(anonymous_1)
FN:22,(anonymous_2)
FN:26,(anonymous_3)
FN:32,(anonymous_4)
FNF:5
FNH:5
FNDA:8,(anonymous_0)
FNDA:6,(anonymous_1)
FNDA:3,(anonymous_2)
FNDA:14,(anonymous_3)
FNDA:1,(anonymous_4)
DA:14,8
DA:15,7
DA:19,6
DA:23,3
DA:27,14
DA:28,6
DA:32,1
DA:39,8
LF:8
LH:8
BRDA:27,0,0,6
BRDA:27,0,1,8
BRF:2
BRH:2
end_of_record
TN:
SF:src/components/common/ErrorBoundary/hooks.ts
FN:8,(anonymous_0)
FN:14,(anonymous_1)
FN:21,(anonymous_2)
FN:35,(anonymous_3)
FN:38,(anonymous_4)
FN:43,(anonymous_5)
FN:47,(anonymous_6)
FNF:7
FNH:6
FNDA:16,(anonymous_0)
FNDA:6,(anonymous_1)
FNDA:1,(anonymous_2)
FNDA:1,(anonymous_3)
FNDA:0,(anonymous_4)
FNDA:6,(anonymous_5)
FNDA:3,(anonymous_6)
DA:8,1
DA:9,16
DA:14,16
DA:15,6
DA:21,16
DA:22,1
DA:28,16
DA:35,1
DA:36,1
DA:38,1
DA:39,0
DA:43,1
DA:44,6
DA:45,6
DA:47,6
DA:48,3
DA:49,3
DA:50,3
DA:52,2
DA:54,3
DA:58,6
LF:21
LH:20
BRDA:52,0,0,1
BRDA:52,0,1,1
BRF:2
BRH:2
end_of_record
TN:
SF:src/components/common/ExportButton/hooks.ts
FN:3,(anonymous_0)
FN:8,(anonymous_1)
FN:44,(anonymous_2)
FN:47,(anonymous_3)
FN:48,(anonymous_4)
FN:50,(anonymous_5)
FNF:6
FNH:6
FNDA:7,(anonymous_0)
FNDA:3,(anonymous_1)
FNDA:2,(anonymous_2)
FNDA:1,(anonymous_3)
FNDA:2,(anonymous_4)
FNDA:2,(anonymous_5)
DA:3,1
DA:4,7
DA:5,7
DA:7,7
DA:9,3
DA:10,3
DA:12,3
DA:13,3
DA:14,3
DA:16,3
DA:17,1
DA:18,1
DA:19,2
DA:21,2
DA:22,2
DA:25,3
DA:26,3
DA:27,3
DA:28,3
DA:29,3
DA:30,3
DA:31,3
DA:33,0
DA:35,3
DA:41,7
DA:44,1
DA:45,2
DA:46,1
DA:47,1
DA:48,2
DA:50,2
DA:52,1
LF:32
LH:31
BRDA:16,0,0,1
BRDA:16,0,1,2
BRDA:19,1,0,2
BRDA:19,1,1,0
BRDA:33,2,0,0
BRDA:33,2,1,0
BRDA:45,3,0,1
BRDA:45,3,1,1
BRDA:45,4,0,2
BRDA:45,4,1,2
BRDA:48,5,0,2
BRDA:48,5,1,0
BRF:12
BRH:8
end_of_record
TN:
SF:src/components/common/FilterContainer/FilterContainer.tsx
FN:9,(anonymous_0)
FN:15,(anonymous_1)
FN:21,(anonymous_2)
FNF:3
FNH:3
FNDA:19,(anonymous_0)
FNDA:13,(anonymous_1)
FNDA:1,(anonymous_2)
DA:9,1
DA:13,19
DA:15,19
DA:16,13
DA:17,13
DA:18,13
DA:21,19
DA:22,1
DA:23,1
DA:26,19
LF:10
LH:10
BRDA:11,0,0,18
BRDA:35,1,0,19
BRDA:35,1,1,13
BRF:3
BRH:3
end_of_record
TN:
SF:src/components/common/FilterContainer/hooks.ts
FN:7,(anonymous_0)
FN:10,(anonymous_1)
FN:11,(anonymous_2)
FN:17,(anonymous_3)
FN:21,(anonymous_4)
FN:22,(anonymous_5)
FN:31,(anonymous_6)
FN:32,(anonymous_7)
FN:33,(anonymous_8)
FNF:9
FNH:9
FNDA:9,(anonymous_0)
FNDA:2,(anonymous_1)
FNDA:2,(anonymous_2)
FNDA:1,(anonymous_3)
FNDA:1,(anonymous_4)
FNDA:1,(anonymous_5)
FNDA:2,(anonymous_6)
FNDA:2,(anonymous_7)
FNDA:4,(anonymous_8)
DA:7,1
DA:8,9
DA:10,9
DA:11,2
DA:17,9
DA:18,1
DA:21,9
DA:22,1
DA:28,9
DA:31,1
DA:32,2
DA:33,4
LF:12
LH:12
BRDA:7,0,0,5
BRF:1
BRH:1
end_of_record
TN:
SF:src/components/common/LoadingSpinner/LoadingSpinner.tsx
FN:25,(anonymous_0)
FNF:1
FNH:1
FNDA:5,(anonymous_0)
DA:25,1
DA:31,5
DA:43,5
DA:44,1
DA:51,4
LF:5
LH:5
BRDA:26,0,0,4
BRDA:27,1,0,4
BRDA:28,2,0,4
BRDA:39,3,0,5
BRDA:39,3,1,5
BRDA:43,4,0,1
BRDA:43,4,1,4
BRF:7
BRH:7
end_of_record
TN:
SF:src/components/common/LoadingSpinner/hooks.ts
FN:6,(anonymous_0)
FN:9,(anonymous_1)
FN:10,(anonymous_2)
FN:11,(anonymous_3)
FN:11,(anonymous_4)
FN:25,(anonymous_5)
FN:28,(anonymous_6)
FN:32,(anonymous_7)
FN:36,(anonymous_8)
FN:38,(anonymous_9)
FN:39,(anonymous_10)
FN:54,(anonymous_11)
FN:58,(anonymous_12)
FNF:13
FNH:13
FNDA:9,(anonymous_0)
FNDA:1,(anonymous_1)
FNDA:1,(anonymous_2)
FNDA:2,(anonymous_3)
FNDA:2,(anonymous_4)
FNDA:9,(anonymous_5)
FNDA:1,(anonymous_6)
FNDA:1,(anonymous_7)
FNDA:2,(anonymous_8)
FNDA:1,(anonymous_9)
FNDA:1,(anonymous_10)
FNDA:7,(anonymous_11)
FNDA:3,(anonymous_12)
DA:6,1
DA:7,9
DA:9,9
DA:10,9
DA:11,9
DA:13,9
DA:25,1
DA:26,9
DA:28,9
DA:29,1
DA:32,9
DA:33,1
DA:36,9
DA:37,2
DA:38,2
DA:39,2
DA:42,9
DA:54,1
DA:55,7
DA:56,7
DA:58,7
DA:59,3
DA:60,3
DA:61,3
DA:62,3
DA:63,1
DA:65,2
DA:66,2
DA:68,3
DA:72,7
LF:30
LH:30
BRDA:6,0,0,6
BRDA:25,1,0,2
BRDA:25,2,0,4
BRDA:65,3,0,1
BRDA:65,3,1,1
BRF:5
BRH:5
end_of_record
TN:
SF:src/components/common/Pagination/Pagination.tsx
FN:9,(anonymous_0)
FN:17,(anonymous_1)
FN:24,(anonymous_2)
FN:43,(anonymous_3)
FN:50,(anonymous_4)
FN:53,(anonymous_5)
FN:65,(anonymous_6)
FNF:7
FNH:6
FNDA:9,(anonymous_0)
FNDA:3,(anonymous_1)
FNDA:9,(anonymous_2)
FNDA:0,(anonymous_3)
FNDA:45,(anonymous_4)
FNDA:1,(anonymous_5)
FNDA:2,(anonymous_6)
DA:9,1
DA:14,9
DA:15,9
DA:17,9
DA:18,3
DA:19,3
DA:20,3
DA:24,9
DA:25,9
DA:26,9
DA:27,9
DA:28,9
DA:30,9
DA:31,0
DA:34,9
DA:35,45
DA:37,9
DA:40,9
DA:43,0
DA:51,45
DA:53,1
DA:65,2
LF:22
LH:20
BRDA:18,0,0,3
BRDA:18,0,1,0
BRDA:18,1,0,3
BRDA:18,1,1,3
BRDA:30,2,0,0
BRDA:30,2,1,9
BRDA:55,3,0,9
BRDA:55,3,1,36
BRF:8
BRH:6
end_of_record
TN:
SF:src/components/common/Pagination/hooks.ts
FN:19,(anonymous_0)
FN:29,(anonymous_1)
FN:34,(anonymous_2)
FN:38,(anonymous_3)
FN:42,(anonymous_4)
FNF:5
FNH:5
FNDA:13,(anonymous_0)
FNDA:5,(anonymous_1)
FNDA:1,(anonymous_2)
FNDA:2,(anonymous_3)
FNDA:2,(anonymous_4)
DA:19,1
DA:24,13
DA:25,13
DA:27,13
DA:29,13
DA:30,5
DA:31,5
DA:34,13
DA:35,1
DA:38,13
DA:39,2
DA:42,13
DA:43,2
DA:44,2
DA:47,13
LF:15
LH:15
BRDA:19,0,0,1
BRDA:20,1,0,6
BRDA:21,2,0,1
BRDA:22,3,0,1
BRDA:27,4,0,13
BRDA:27,4,1,1
BRF:6
BRH:6
end_of_record
TN:
SF:src/components/layout/AppLayout.tsx
FN:10,(anonymous_0)
FN:13,(anonymous_1)
FN:14,(anonymous_2)
FN:17,(anonymous_3)
FNF:4
FNH:4
FNDA:7,(anonymous_0)
FNDA:1,(anonymous_1)
FNDA:1,(anonymous_2)
FNDA:1,(anonymous_3)
DA:10,1
DA:11,7
DA:13,7
DA:14,1
DA:17,7
DA:18,1
DA:21,7
LF:7
LH:7
BRF:0
BRH:0
end_of_record
TN:
SF:src/components/layout/Header.tsx
FN:10,(anonymous_0)
FN:14,(anonymous_1)
FNF:2
FNH:2
FNDA:4,(anonymous_0)
FNDA:1,(anonymous_1)
DA:10,1
DA:11,4
DA:12,4
DA:14,4
DA:15,1
DA:16,1
DA:19,4
LF:7
LH:7
BRDA:46,0,0,4
BRDA:46,0,1,1
BRF:2
BRH:2
end_of_record
TN:
SF:src/components/layout/Sidebar.tsx
FN:26,(anonymous_0)
FN:29,(anonymous_1)
FN:45,(anonymous_2)
FN:84,(anonymous_3)
FNF:4
FNH:4
FNDA:6,(anonymous_0)
FNDA:48,(anonymous_1)
FNDA:24,(anonymous_2)
FNDA:24,(anonymous_3)
DA:19,1
DA:26,1
DA:27,6
DA:29,6
DA:30,48
DA:31,36
DA:36,6
DA:46,24
DA:47,24
DA:66,6
DA:85,24
DA:86,24
DA:87,24
DA:111,6
DA:112,1
DA:116,5
LF:16
LH:16
BRDA:30,0,0,12
BRDA:30,0,1,36
BRDA:30,1,0,12
BRDA:30,1,1,4
BRDA:52,2,0,6
BRDA:52,2,1,18
BRDA:93,3,0,6
BRDA:93,3,1,18
BRDA:98,4,0,6
BRDA:98,4,1,18
BRDA:111,5,0,1
BRDA:111,5,1,5
BRF:12
BRH:12
end_of_record
TN:
SF:src/components/ui/Badge.tsx
FN:9,(anonymous_0)
FNF:1
FNH:1
FNDA:8,(anonymous_0)
DA:9,1
DA:10,8
DA:19,8
LF:3
LH:3
BRF:0
BRH:0
end_of_record
TN:
SF:src/components/ui/Button.tsx
FN:10,(anonymous_0)
FNF:1
FNH:1
FNDA:14,(anonymous_0)
DA:10,1
DA:17,14
DA:18,14
DA:25,14
DA:31,14
DA:38,14
LF:6
LH:6
BRDA:11,0,0,9
BRDA:12,1,0,11
BRF:2
BRH:2
end_of_record
TN:
SF:src/components/ui/Calendar.tsx
FN:32,(anonymous_0)
FNF:1
FNH:1
FNDA:3,(anonymous_0)
DA:32,1
DA:33,3
LF:2
LH:2
BRF:0
BRH:0
end_of_record
TN:
SF:src/components/ui/Card.tsx
FN:13,(anonymous_0)
FN:37,(anonymous_1)
FNF:2
FNH:2
FNDA:12,(anonymous_0)
FNDA:4,(anonymous_1)
DA:13,1
DA:14,12
DA:37,1
DA:38,4
LF:4
LH:4
BRDA:16,0,0,12
BRDA:16,0,1,11
BRDA:16,0,2,0
BRDA:16,0,3,12
BRDA:21,1,0,12
BRDA:21,1,1,1
BRDA:26,2,0,12
BRDA:26,2,1,11
BRDA:28,3,0,12
BRDA:28,3,1,1
BRF:10
BRH:9
end_of_record
TN:
SF:src/components/ui/Dialog.tsx
FN:10,(anonymous_0)
FN:26,(anonymous_1)
FN:38,(anonymous_2)
FN:42,(anonymous_3)
FN:50,(anonymous_4)
FN:54,(anonymous_5)
FNF:6
FNH:6
FNDA:3,(anonymous_0)
FNDA:1,(anonymous_1)
FNDA:1,(anonymous_2)
FNDA:1,(anonymous_3)
FNDA:1,(anonymous_4)
FNDA:1,(anonymous_5)
DA:10,1
DA:11,3
DA:12,2
DA:26,1
DA:27,1
DA:38,1
DA:39,1
DA:42,1
DA:43,1
DA:50,1
DA:51,1
DA:54,1
DA:55,1
LF:13
LH:13
BRDA:11,0,0,1
BRDA:11,0,1,2
BRF:2
BRH:2
end_of_record
TN:
SF:src/components/ui/Input.tsx
FN:10,(anonymous_0)
FNF:1
FNH:1
FNDA:11,(anonymous_0)
DA:10,1
DA:16,11
DA:25,11
LF:3
LH:3
BRDA:21,0,0,11
BRDA:21,0,1,10
BRDA:29,1,0,11
BRDA:29,1,1,1
BRDA:30,2,0,11
BRDA:30,2,1,1
BRF:6
BRH:6
end_of_record
TN:
SF:src/components/ui/ModifiedTable.tsx
FN:13,(anonymous_0)
FN:32,(anonymous_1)
FN:41,(anonymous_2)
FN:47,(anonymous_3)
FN:59,(anonymous_4)
FN:71,(anonymous_5)
FNF:6
FNH:6
FNDA:2,(anonymous_0)
FNDA:1,(anonymous_1)
FNDA:1,(anonymous_2)
FNDA:2,(anonymous_3)
FNDA:3,(anonymous_4)
FNDA:3,(anonymous_5)
DA:13,1
DA:17,2
DA:32,1
DA:33,1
DA:41,1
DA:42,1
DA:47,1
DA:48,2
DA:59,1
DA:60,3
DA:71,1
DA:72,3
LF:12
LH:12
BRF:0
BRH:0
end_of_record
TN:
SF:src/components/ui/Select.tsx
FN:27,(anonymous_0)
FN:39,(anonymous_1)
FN:56,(anonymous_2)
FN:63,(anonymous_3)
FN:82,(anonymous_4)
FN:99,(anonymous_5)
FN:106,(anonymous_6)
FN:107,(anonymous_7)
FN:117,(anonymous_8)
FN:144,(anonymous_9)
FN:157,(anonymous_10)
FNF:11
FNH:11
FNDA:7,(anonymous_0)
FNDA:1,(anonymous_1)
FNDA:7,(anonymous_2)
FNDA:2,(anonymous_3)
FNDA:7,(anonymous_4)
FNDA:7,(anonymous_5)
FNDA:7,(anonymous_6)
FNDA:1,(anonymous_7)
FNDA:7,(anonymous_8)
FNDA:3,(anonymous_9)
FNDA:1,(anonymous_10)
DA:18,1
DA:27,1
DA:33,7
DA:34,7
DA:36,7
DA:37,7
DA:39,7
DA:40,1
DA:41,1
DA:42,1
DA:45,7
DA:56,1
DA:57,7
DA:58,7
DA:60,7
DA:63,2
DA:82,1
DA:85,7
DA:86,7
DA:88,7
DA:99,1
DA:100,7
DA:101,7
DA:103,7
DA:106,7
DA:107,7
DA:108,1
DA:109,0
DA:113,7
DA:114,2
DA:117,7
DA:118,7
DA:122,7
DA:124,2
DA:144,1
DA:150,3
DA:151,3
DA:153,3
DA:155,3
DA:157,1
LF:40
LH:39
BRDA:29,0,0,7
BRDA:37,1,0,1
BRDA:37,1,1,6
BRDA:40,2,0,1
BRDA:40,2,1,0
BRDA:58,3,0,0
BRDA:58,3,1,7
BRDA:86,4,0,0
BRDA:86,4,1,7
BRDA:90,5,0,7
BRDA:90,5,1,5
BRDA:103,6,0,0
BRDA:103,6,1,7
BRDA:108,7,0,0
BRDA:108,7,1,1
BRDA:108,8,0,1
BRDA:108,8,1,1
BRDA:113,9,0,2
BRDA:113,9,1,5
BRDA:122,10,0,5
BRDA:122,10,1,2
BRDA:151,11,0,0
BRDA:151,11,1,3
BRDA:161,12,0,3
BRDA:161,12,1,0
BRF:25
BRH:18
end_of_record
TN:
SF:src/components/ui/Table.tsx
FN:13,(anonymous_0)
FN:18,(anonymous_1)
FN:26,(anonymous_2)
FN:28,(anonymous_3)
FNF:4
FNH:4
FNDA:12,(anonymous_0)
FNDA:34,(anonymous_1)
FNDA:32,(anonymous_2)
FNDA:92,(anonymous_3)
DA:13,1
DA:14,12
DA:19,34
DA:27,32
DA:29,92
LF:5
LH:5
BRDA:27,0,0,21
BRDA:27,0,1,11
BRF:2
BRH:2
end_of_record
TN:
SF:src/components/ui/Tabs.tsx
FN:19,(anonymous_0)
FN:30,(anonymous_1)
FN:44,(anonymous_2)
FN:59,(anonymous_3)
FN:74,(anonymous_4)
FN:94,(anonymous_5)
FNF:6
FNH:6
FNDA:6,(anonymous_0)
FNDA:2,(anonymous_1)
FNDA:4,(anonymous_2)
FNDA:12,(anonymous_3)
FNDA:2,(anonymous_4)
FNDA:12,(anonymous_5)
DA:9,1
DA:19,1
DA:25,6
DA:27,6
DA:28,6
DA:30,6
DA:31,2
DA:32,2
DA:35,6
DA:44,1
DA:45,4
DA:59,1
DA:65,12
DA:66,12
DA:67,0
DA:70,12
DA:72,12
DA:74,2
DA:94,1
DA:98,12
DA:99,12
DA:100,0
DA:103,12
DA:105,6
LF:24
LH:22
BRDA:25,0,0,6
BRDA:25,0,1,1
BRDA:28,1,0,1
BRDA:28,1,1,5
BRDA:31,2,0,2
BRDA:31,2,1,0
BRDA:66,3,0,0
BRDA:66,3,1,12
BRDA:77,4,0,6
BRDA:77,4,1,6
BRDA:99,5,0,0
BRDA:99,5,1,12
BRDA:103,6,0,6
BRDA:103,6,1,6
BRF:14
BRH:11
end_of_record
TN:
SF:src/components/ui/Tooltip.tsx
FN:9,(anonymous_0)
FNF:1
FNH:1
FNDA:6,(anonymous_0)
DA:9,1
DA:10,6
DA:20,6
LF:3
LH:3
BRDA:9,0,0,3
BRF:1
BRH:1
end_of_record
TN:
SF:src/features/accounting-cash/AccountingCashLanding.tsx
FN:19,(anonymous_0)
FN:53,(anonymous_1)
FN:64,(anonymous_2)
FNF:3
FNH:2
FNDA:4,(anonymous_0)
FNDA:12,(anonymous_1)
FNDA:0,(anonymous_2)
DA:19,1
DA:20,4
DA:23,4
DA:47,4
DA:54,12
DA:56,12
DA:64,0
LF:7
LH:6
BRF:0
BRH:0
end_of_record
TN:
SF:src/features/accounting-cash/private-equity/PrivateEquityLanding.tsx
FN:27,(anonymous_0)
FN:97,(anonymous_1)
FN:111,(anonymous_2)
FN:119,(anonymous_3)
FN:142,(anonymous_4)
FN:151,(anonymous_5)
FNF:6
FNH:3
FNDA:4,(anonymous_0)
FNDA:0,(anonymous_1)
FNDA:16,(anonymous_2)
FNDA:0,(anonymous_3)
FNDA:4,(anonymous_4)
FNDA:0,(anonymous_5)
DA:27,1
DA:28,4
DA:31,4
DA:69,4
DA:97,0
DA:112,16
DA:114,16
DA:119,0
DA:143,4
DA:145,4
DA:151,0
LF:11
LH:8
BRF:0
BRH:0
end_of_record
TN:
SF:src/features/alternative-data/api/alternativeDataApi.ts
FN:17,(anonymous_0)
FN:18,(anonymous_1)
FN:57,(anonymous_2)
FN:60,(anonymous_3)
FN:67,(anonymous_4)
FN:73,(anonymous_5)
FN:80,(anonymous_6)
FN:88,(anonymous_7)
FN:114,(anonymous_8)
FN:115,(anonymous_9)
FN:119,(anonymous_10)
FN:122,(anonymous_11)
FN:131,(anonymous_12)
FN:132,(anonymous_13)
FN:138,(anonymous_14)
FNF:15
FNH:15
FNDA:1,(anonymous_0)
FNDA:100,(anonymous_1)
FNDA:7,(anonymous_2)
FNDA:7,(anonymous_3)
FNDA:100,(anonymous_4)
FNDA:100,(anonymous_5)
FNDA:100,(anonymous_6)
FNDA:531,(anonymous_7)
FNDA:1,(anonymous_8)
FNDA:1,(anonymous_9)
FNDA:2,(anonymous_10)
FNDA:2,(anonymous_11)
FNDA:1,(anonymous_12)
FNDA:1,(anonymous_13)
FNDA:100,(anonymous_14)
DA:13,1
DA:14,1
DA:15,1
DA:17,1
DA:18,100
DA:38,1
DA:40,1
DA:56,1
DA:60,7
DA:62,7
DA:65,7
DA:66,1
DA:67,100
DA:71,7
DA:72,1
DA:73,100
DA:77,7
DA:78,1
DA:79,1
DA:81,100
DA:87,7
DA:88,1
DA:89,531
DA:90,531
DA:92,531
DA:93,280
DA:94,0
DA:99,7
DA:100,7
DA:102,7
DA:103,7
DA:105,7
DA:115,1
DA:116,1
DA:122,2
DA:124,2
DA:128,2
DA:132,1
DA:135,1
DA:139,100
DA:143,1
LF:41
LH:40
BRDA:65,0,0,1
BRDA:65,0,1,6
BRDA:71,1,0,1
BRDA:71,1,1,6
BRDA:77,2,0,1
BRDA:77,2,1,6
BRDA:81,3,0,100
BRDA:81,3,1,0
BRDA:87,4,0,1
BRDA:87,4,1,6
BRDA:90,5,0,531
BRDA:90,5,1,0
BRDA:92,6,0,251
BRDA:92,6,1,280
BRDA:93,7,0,280
BRDA:93,7,1,0
BRDA:99,8,0,7
BRDA:99,8,1,0
BRDA:100,9,0,7
BRDA:100,9,1,0
BRF:20
BRH:15
end_of_record
TN:
SF:src/features/alternative-data/components/AlternativeDataFilters.tsx
FN:9,(anonymous_0)
FN:21,(anonymous_1)
FN:28,(anonymous_2)
FNF:3
FNH:2
FNDA:4,(anonymous_0)
FNDA:1,(anonymous_1)
FNDA:0,(anonymous_2)
DA:9,1
DA:10,4
DA:21,4
DA:22,1
DA:23,1
DA:26,4
DA:29,0
LF:7
LH:6
BRF:0
BRH:0
end_of_record
TN:
SF:src/features/alternative-data/components/AlternativeDataGrid.tsx
FN:13,(anonymous_0)
FN:52,(anonymous_1)
FN:58,(anonymous_2)
FN:59,(anonymous_3)
FN:60,(anonymous_4)
FN:94,(anonymous_5)
FN:104,(anonymous_6)
FNF:7
FNH:4
FNDA:4,(anonymous_0)
FNDA:10,(anonymous_1)
FNDA:4,(anonymous_2)
FNDA:0,(anonymous_3)
FNDA:20,(anonymous_4)
FNDA:0,(anonymous_5)
FNDA:0,(anonymous_6)
DA:13,1
DA:20,4
DA:21,1
DA:28,3
DA:29,1
DA:36,2
DA:44,2
DA:53,10
DA:59,4
DA:61,20
DA:63,20
DA:64,12
DA:73,8
DA:74,4
DA:83,4
DA:94,0
DA:104,0
LF:17
LH:15
BRDA:20,0,0,1
BRDA:20,0,1,3
BRDA:28,1,0,1
BRDA:28,1,1,2
BRDA:28,2,0,3
BRDA:28,2,1,2
BRDA:28,2,2,2
BRDA:36,3,0,2
BRDA:36,3,1,2
BRDA:63,4,0,12
BRDA:63,4,1,8
BRDA:63,5,0,20
BRDA:63,5,1,16
BRDA:63,5,2,12
BRDA:73,6,0,4
BRDA:73,6,1,4
BRDA:76,7,0,4
BRDA:76,7,1,0
BRDA:77,8,0,4
BRDA:77,8,1,0
BRDA:83,9,0,4
BRDA:83,9,1,0
BRDA:91,10,0,2
BRDA:91,10,1,2
BRF:24
BRH:21
end_of_record
TN:
SF:src/features/alternative-data/pages/AlternativeDataPage.tsx
FN:6,AlternativeDataPage
FN:20,(anonymous_1)
FNF:2
FNH:1
FNDA:3,AlternativeDataPage
FNDA:0,(anonymous_1)
DA:7,3
DA:17,3
DA:18,3
DA:20,3
DA:24,3
DA:25,0
DA:32,3
LF:7
LH:6
BRDA:24,0,0,0
BRDA:24,0,1,3
BRF:2
BRH:1
end_of_record
TN:
SF:src/features/alternative-data/store/alternativeDataStore.ts
FN:23,(anonymous_0)
FN:26,(anonymous_1)
FN:27,(anonymous_2)
FN:28,(anonymous_3)
FN:32,(anonymous_4)
FNF:5
FNH:5
FNDA:1,(anonymous_0)
FNDA:4,(anonymous_1)
FNDA:2,(anonymous_2)
FNDA:2,(anonymous_3)
FNDA:14,(anonymous_4)
DA:21,1
DA:23,1
DA:26,4
DA:27,2
DA:28,2
DA:32,14
LF:6
LH:6
BRF:0
BRH:0
end_of_record
TN:
SF:src/features/auth/LoginPage.tsx
FN:6,LoginPage
FN:14,(anonymous_1)
FN:30,(anonymous_2)
FN:80,(anonymous_3)
FN:92,(anonymous_4)
FN:101,(anonymous_5)
FN:104,(anonymous_6)
FNF:7
FNH:7
FNDA:19,LoginPage
FNDA:2,(anonymous_1)
FNDA:2,(anonymous_2)
FNDA:4,(anonymous_3)
FNDA:4,(anonymous_4)
FNDA:1,(anonymous_5)
FNDA:1,(anonymous_6)
DA:7,19
DA:8,19
DA:9,19
DA:10,19
DA:11,19
DA:12,19
DA:14,19
DA:15,2
DA:16,2
DA:18,2
DA:26,2
DA:27,2
DA:30,19
DA:31,2
DA:32,2
DA:33,2
DA:36,2
DA:37,1
DA:45,1
DA:46,1
DA:48,1
DA:49,1
DA:53,19
DA:80,4
DA:92,4
DA:101,1
DA:104,1
LF:27
LH:27
BRDA:36,0,0,1
BRDA:36,0,1,1
BRDA:36,1,0,2
BRDA:36,1,1,1
BRDA:67,2,0,19
BRDA:67,2,1,1
BRDA:98,3,0,3
BRDA:98,3,1,16
BRF:8
BRH:8
end_of_record
TN:
SF:src/features/capital-call/components/ApprovalDialog.tsx
FN:17,(anonymous_0)
FN:39,(anonymous_1)
FNF:2
FNH:2
FNDA:6,(anonymous_0)
FNDA:1,(anonymous_1)
DA:17,1
DA:22,6
DA:40,1
DA:41,1
LF:4
LH:4
BRF:0
BRH:0
end_of_record
TN:
SF:src/features/capital-call/components/BreakdownSection.tsx
FN:19,(anonymous_0)
FN:29,(anonymous_1)
FN:46,(anonymous_2)
FN:49,(anonymous_3)
FN:59,(anonymous_4)
FN:64,(anonymous_5)
FNF:6
FNH:5
FNDA:4,(anonymous_0)
FNDA:1,(anonymous_1)
FNDA:8,(anonymous_2)
FNDA:8,(anonymous_3)
FNDA:8,(anonymous_4)
FNDA:0,(anonymous_5)
DA:19,1
DA:21,4
DA:25,4
DA:29,1
DA:46,8
DA:50,8
DA:60,8
DA:64,0
LF:8
LH:7
BRDA:71,0,0,4
BRDA:71,0,1,0
BRF:2
BRH:1
end_of_record
TN:
SF:src/features/capital-call/components/CapitalCallLockStatus.tsx
FN:9,formatTimeAgo
FN:19,(anonymous_1)
FNF:2
FNH:2
FNDA:2,formatTimeAgo
FNDA:4,(anonymous_1)
DA:10,2
DA:11,2
DA:13,2
DA:14,2
DA:15,2
DA:16,2
DA:19,1
DA:23,4
DA:24,2
DA:32,2
DA:33,2
DA:35,2
LF:12
LH:12
BRDA:13,0,0,0
BRDA:13,0,1,2
BRDA:14,1,0,0
BRDA:14,1,1,2
BRDA:15,2,0,0
BRDA:15,2,1,2
BRDA:23,3,0,2
BRDA:23,3,1,2
BRDA:33,4,0,2
BRDA:33,4,1,0
BRDA:37,5,0,1
BRDA:37,5,1,1
BRDA:41,6,0,1
BRDA:41,6,1,1
BRDA:42,7,0,2
BRDA:42,7,1,2
BRF:16
BRH:12
end_of_record
TN:
SF:src/features/capital-call/components/CapitalCallTabs.tsx
FN:18,(anonymous_0)
FN:19,(anonymous_1)
FN:20,(anonymous_2)
FN:34,(anonymous_3)
FN:38,(anonymous_4)
FNF:5
FNH:4
FNDA:3,(anonymous_0)
FNDA:3,(anonymous_1)
FNDA:3,(anonymous_2)
FNDA:0,(anonymous_3)
FNDA:15,(anonymous_4)
DA:18,1
DA:19,3
DA:20,3
DA:23,3
DA:31,3
DA:34,0
DA:39,15
LF:7
LH:6
BRF:0
BRH:0
end_of_record
TN:
SF:src/features/capital-call/components/CapitalCallWorkflowActions.tsx
FN:18,(anonymous_0)
FN:28,(anonymous_1)
FN:33,(anonymous_2)
FN:44,(anonymous_3)
FN:51,(anonymous_4)
FN:62,(anonymous_5)
FN:143,getStatusBadgeClass
FNF:7
FNH:7
FNDA:15,(anonymous_0)
FNDA:45,(anonymous_1)
FNDA:3,(anonymous_2)
FNDA:1,(anonymous_3)
FNDA:1,(anonymous_4)
FNDA:1,(anonymous_5)
FNDA:15,getStatusBadgeClass
DA:18,1
DA:23,15
DA:24,15
DA:25,15
DA:26,15
DA:28,45
DA:29,15
DA:30,15
DA:31,15
DA:33,15
DA:34,3
DA:39,2
DA:40,2
DA:44,15
DA:45,1
DA:46,1
DA:47,1
DA:51,15
DA:52,1
DA:57,1
DA:58,1
DA:62,15
DA:63,1
DA:64,1
DA:69,15
DA:74,15
DA:144,15
DA:146,8
DA:148,4
DA:150,1
DA:152,2
DA:154,0
LF:32
LH:31
BRDA:34,0,0,2
BRDA:34,0,1,1
BRDA:45,1,0,1
BRDA:45,1,1,0
BRDA:52,2,0,1
BRDA:52,2,1,0
BRDA:63,3,0,1
BRDA:63,3,1,0
BRDA:69,4,0,15
BRDA:69,4,1,15
BRDA:69,4,2,15
BRDA:69,4,3,15
BRDA:77,5,0,15
BRDA:77,5,1,8
BRDA:77,5,2,4
BRDA:84,6,0,0
BRDA:84,6,1,4
BRDA:89,7,0,15
BRDA:89,7,1,4
BRDA:89,7,2,3
BRDA:97,8,0,0
BRDA:97,8,1,3
BRDA:105,9,0,0
BRDA:105,9,1,3
BRDA:111,10,0,15
BRDA:111,10,1,2
BRDA:111,10,2,1
BRDA:118,11,0,0
BRDA:118,11,1,1
BRDA:123,12,0,15
BRDA:123,12,1,3
BRDA:123,12,2,2
BRDA:123,12,3,2
BRDA:131,13,0,0
BRDA:131,13,1,2
BRDA:144,14,0,8
BRDA:144,14,1,4
BRDA:144,14,2,1
BRDA:144,14,3,2
BRDA:144,14,4,0
BRF:40
BRH:31
end_of_record
TN:
SF:src/features/capital-call/components/CommentsSection.tsx
FN:19,(anonymous_0)
FN:28,(anonymous_1)
FN:42,(anonymous_2)
FN:52,(anonymous_3)
FNF:4
FNH:3
FNDA:4,(anonymous_0)
FNDA:0,(anonymous_1)
FNDA:8,(anonymous_2)
FNDA:4,(anonymous_3)
DA:19,1
DA:23,4
DA:28,4
DA:29,0
DA:30,0
DA:32,4
DA:42,8
DA:53,4
LF:8
LH:6
BRDA:57,0,0,0
BRDA:57,0,1,4
BRDA:60,1,0,4
BRDA:60,1,1,0
BRF:4
BRH:2
end_of_record
TN:
SF:src/features/capital-call/components/EditModeToggle.tsx
FN:8,(anonymous_0)
FNF:1
FNH:1
FNDA:4,(anonymous_0)
DA:8,1
DA:12,4
LF:2
LH:2
BRDA:14,0,0,1
BRDA:14,0,1,3
BRF:2
BRH:2
end_of_record
TN:
SF:src/features/capital-call/components/LockDialog.tsx
FN:24,(anonymous_0)
FN:34,(anonymous_1)
FN:43,(anonymous_2)
FNF:3
FNH:1
FNDA:7,(anonymous_0)
FNDA:0,(anonymous_1)
FNDA:0,(anonymous_2)
DA:24,1
DA:29,7
DA:32,7
DA:34,7
DA:35,0
DA:37,0
DA:41,0
DA:42,0
DA:44,0
DA:50,7
DA:52,6
LF:11
LH:6
BRDA:35,0,0,0
BRDA:35,0,1,0
BRDA:41,1,0,0
BRDA:41,1,1,0
BRDA:50,2,0,1
BRDA:50,2,1,6
BRDA:70,3,0,6
BRDA:70,3,1,5
BRDA:83,4,0,6
BRDA:83,4,1,0
BRDA:92,5,0,6
BRDA:92,5,1,0
BRDA:98,6,0,0
BRDA:98,6,1,0
BRF:14
BRH:6
end_of_record
TN:
SF:src/features/capital-call/components/SubTabCountCards.tsx
FN:29,(anonymous_0)
FN:30,(anonymous_1)
FN:31,(anonymous_2)
FN:62,(anonymous_3)
FN:77,(anonymous_4)
FNF:5
FNH:4
FNDA:3,(anonymous_0)
FNDA:3,(anonymous_1)
FNDA:3,(anonymous_2)
FNDA:15,(anonymous_3)
FNDA:0,(anonymous_4)
DA:29,1
DA:30,3
DA:31,3
DA:33,3
DA:36,3
DA:52,3
DA:53,0
DA:60,3
DA:63,15
DA:65,15
DA:68,15
DA:77,0
LF:12
LH:10
BRDA:52,0,0,0
BRDA:52,0,1,3
BRDA:65,1,0,15
BRDA:65,1,1,0
BRDA:74,2,0,3
BRDA:74,2,1,12
BRF:6
BRH:4
end_of_record
TN:
SF:src/features/capital-call/components/SubmitDialog.tsx
FN:18,(anonymous_0)
FN:40,(anonymous_1)
FNF:2
FNH:2
FNDA:6,(anonymous_0)
FNDA:1,(anonymous_1)
DA:18,1
DA:23,6
DA:41,1
DA:42,1
LF:4
LH:4
BRF:0
BRH:0
end_of_record
TN:
SF:src/features/capital-call/hooks/useCapitalCall.ts
FN:3,(anonymous_0)
FN:5,(anonymous_1)
FN:7,(anonymous_2)
FN:11,(anonymous_3)
FNF:4
FNH:4
FNDA:3,(anonymous_0)
FNDA:1,(anonymous_1)
FNDA:2,(anonymous_2)
FNDA:1,(anonymous_3)
DA:3,1
DA:5,3
DA:6,1
DA:7,2
DA:11,3
DA:14,1
DA:15,1
DA:22,3
LF:8
LH:8
BRF:0
BRH:0
end_of_record
TN:
SF:src/features/capital-call/hooks/useCapitalCallWorkflow.ts
FN:9,(anonymous_0)
FN:13,(anonymous_1)
FN:14,(anonymous_2)
FN:19,(anonymous_3)
FN:28,(anonymous_4)
FN:32,(anonymous_5)
FN:33,(anonymous_6)
FN:38,(anonymous_7)
FN:47,(anonymous_8)
FN:51,(anonymous_9)
FN:52,(anonymous_10)
FN:57,(anonymous_11)
FN:66,(anonymous_12)
FN:70,(anonymous_13)
FN:71,(anonymous_14)
FN:76,(anonymous_15)
FN:86,(anonymous_16)
FNF:17
FNH:17
FNDA:14,(anonymous_0)
FNDA:3,(anonymous_1)
FNDA:1,(anonymous_2)
FNDA:2,(anonymous_3)
FNDA:12,(anonymous_4)
FNDA:2,(anonymous_5)
FNDA:1,(anonymous_6)
FNDA:1,(anonymous_7)
FNDA:12,(anonymous_8)
FNDA:2,(anonymous_9)
FNDA:1,(anonymous_10)
FNDA:1,(anonymous_11)
FNDA:12,(anonymous_12)
FNDA:2,(anonymous_13)
FNDA:1,(anonymous_14)
FNDA:1,(anonymous_15)
FNDA:10,(anonymous_16)
DA:9,1
DA:10,14
DA:12,14
DA:13,3
DA:15,1
DA:16,1
DA:17,1
DA:20,2
DA:28,1
DA:29,12
DA:31,12
DA:32,2
DA:34,1
DA:35,1
DA:36,1
DA:39,1
DA:47,1
DA:48,12
DA:50,12
DA:51,2
DA:53,1
DA:54,1
DA:55,1
DA:58,1
DA:66,1
DA:67,12
DA:69,12
DA:70,2
DA:72,1
DA:73,1
DA:74,1
DA:77,1
DA:86,1
DA:87,10
DA:88,10
DA:89,10
DA:90,10
DA:92,10
LF:38
LH:38
BRDA:20,0,0,2
BRDA:20,0,1,1
BRDA:39,1,0,1
BRDA:39,1,1,0
BRDA:58,2,0,1
BRDA:58,2,1,1
BRDA:77,3,0,1
BRDA:77,3,1,1
BRDA:97,4,0,10
BRDA:97,4,1,10
BRDA:97,4,2,10
BRDA:97,4,3,10
BRF:12
BRH:11
end_of_record
TN:
SF:src/features/capital-call/hooks/useLocking.ts
FN:8,(anonymous_0)
FN:11,(anonymous_1)
FN:12,(anonymous_2)
FN:17,(anonymous_3)
FN:18,(anonymous_4)
FN:24,(anonymous_5)
FN:25,(anonymous_6)
FNF:7
FNH:7
FNDA:4,(anonymous_0)
FNDA:1,(anonymous_1)
FNDA:1,(anonymous_2)
FNDA:1,(anonymous_3)
FNDA:1,(anonymous_4)
FNDA:1,(anonymous_5)
FNDA:1,(anonymous_6)
DA:8,1
DA:9,4
DA:10,4
DA:11,1
DA:13,1
DA:16,4
DA:17,1
DA:19,1
DA:23,4
DA:24,1
DA:26,1
DA:30,4
LF:12
LH:12
BRF:0
BRH:0
end_of_record
TN:
SF:src/features/capital-call/hooks/useTabCounts.ts
FN:16,(anonymous_0)
FN:17,(anonymous_1)
FN:21,(anonymous_2)
FNF:3
FNH:3
FNDA:3,(anonymous_0)
FNDA:3,(anonymous_1)
FNDA:2,(anonymous_2)
DA:16,1
DA:17,3
DA:19,3
DA:21,2
LF:4
LH:4
BRF:0
BRH:0
end_of_record
TN:
SF:src/features/capital-call/pages/CapitalCallDashboard.tsx
FN:6,CapitalCallDashboard
FNF:1
FNH:1
FNDA:1,CapitalCallDashboard
DA:7,1
LF:1
LH:1
BRF:0
BRH:0
end_of_record
TN:
SF:src/features/capital-call/pages/CapitalCallPage.tsx
FN:27,(anonymous_0)
FN:29,(anonymous_1)
FN:30,(anonymous_2)
FN:31,(anonymous_3)
FN:58,(anonymous_4)
FNF:5
FNH:4
FNDA:3,(anonymous_0)
FNDA:3,(anonymous_1)
FNDA:3,(anonymous_2)
FNDA:3,(anonymous_3)
FNDA:0,(anonymous_4)
DA:27,1
DA:28,3
DA:29,3
DA:30,3
DA:31,3
DA:34,3
DA:36,3
DA:58,0
LF:8
LH:7
BRDA:109,0,0,3
BRDA:109,0,1,3
BRF:2
BRH:2
end_of_record
TN:
SF:src/features/capital-call/schemas/capitalCallSchema.ts
FN:30,(anonymous_0)
FN:32,(anonymous_1)
FN:40,(anonymous_2)
FN:42,(anonymous_3)
FN:56,(anonymous_4)
FNF:5
FNH:5
FNDA:13,(anonymous_0)
FNDA:6,(anonymous_1)
FNDA:13,(anonymous_2)
FNDA:6,(anonymous_3)
FNDA:12,(anonymous_4)
DA:16,1
DA:31,13
DA:32,6
DA:35,13
DA:41,13
DA:42,6
DA:45,13
DA:58,12
DA:60,12
LF:9
LH:9
BRF:0
BRH:0
end_of_record
TN:
SF:src/features/capital-call/store/capitalCallStore.ts
FN:54,(anonymous_0)
FN:66,(anonymous_1)
FN:69,(anonymous_2)
FN:72,(anonymous_3)
FN:75,(anonymous_4)
FN:78,(anonymous_5)
FN:78,(anonymous_6)
FN:87,(anonymous_7)
FN:87,(anonymous_8)
FN:95,(anonymous_9)
FN:101,(anonymous_10)
FN:104,(anonymous_11)
FN:112,(anonymous_12)
FNF:13
FNH:11
FNDA:1,(anonymous_0)
FNDA:1,(anonymous_1)
FNDA:1,(anonymous_2)
FNDA:1,(anonymous_3)
FNDA:3,(anonymous_4)
FNDA:2,(anonymous_5)
FNDA:2,(anonymous_6)
FNDA:0,(anonymous_7)
FNDA:0,(anonymous_8)
FNDA:1,(anonymous_9)
FNDA:4,(anonymous_10)
FNDA:1,(anonymous_11)
FNDA:24,(anonymous_12)
DA:52,1
DA:54,1
DA:66,1
DA:69,1
DA:72,1
DA:75,3
DA:78,2
DA:87,0
DA:95,1
DA:101,4
DA:104,1
DA:112,24
LF:12
LH:11
BRDA:91,0,0,0
BRDA:91,0,1,0
BRDA:92,1,0,0
BRDA:92,1,1,0
BRF:4
BRH:0
end_of_record
TN:
SF:src/features/dashboard/DashboardPage.tsx
FN:5,DashboardPage
FN:41,(anonymous_1)
FN:46,(anonymous_2)
FNF:3
FNH:2
FNDA:3,DashboardPage
FNDA:9,(anonymous_1)
FNDA:0,(anonymous_2)
DA:6,3
DA:7,3
DA:9,3
DA:33,3
DA:42,9
DA:43,9
DA:46,0
LF:7
LH:6
BRF:0
BRH:0
end_of_record
TN:
SF:src/features/document-tracker/api/documentTrackerApi.ts
FN:10,(anonymous_0)
FN:15,(anonymous_1)
FN:20,(anonymous_2)
FNF:3
FNH:3
FNDA:2,(anonymous_0)
FNDA:1,(anonymous_1)
FNDA:1,(anonymous_2)
DA:9,1
DA:11,2
DA:12,2
DA:16,1
DA:17,1
DA:21,1
DA:24,1
LF:7
LH:7
BRF:0
BRH:0
end_of_record
TN:
SF:src/features/document-tracker/components/AdvancedSearchDialog.tsx
FN:14,(anonymous_0)
FN:28,(anonymous_1)
FNF:2
FNH:1
FNDA:17,(anonymous_0)
FNDA:0,(anonymous_1)
DA:14,2
DA:24,17
DA:28,17
DA:29,0
DA:30,0
DA:33,17
DA:35,6
LF:7
LH:5
BRDA:33,0,0,11
BRDA:33,0,1,6
BRDA:57,1,0,0
BRDA:57,1,1,6
BRDA:60,2,0,6
BRDA:60,2,1,0
BRDA:98,3,0,0
BRDA:98,3,1,6
BRDA:101,4,0,6
BRDA:101,4,1,0
BRDA:110,5,0,0
BRDA:110,5,1,6
BRDA:113,6,0,6
BRDA:113,6,1,0
BRDA:130,7,0,6
BRDA:130,7,1,0
BRF:16
BRH:9
end_of_record
TN:
SF:src/features/document-tracker/hooks/useDocumentSearch.ts
FN:6,(anonymous_0)
FN:15,(anonymous_1)
FN:20,(anonymous_2)
FN:21,(anonymous_3)
FN:28,(anonymous_4)
FN:29,(anonymous_5)
FN:35,(anonymous_6)
FN:36,(anonymous_7)
FN:42,(anonymous_8)
FN:63,(anonymous_9)
FN:66,(anonymous_10)
FN:71,(anonymous_11)
FN:73,(anonymous_12)
FN:74,(anonymous_13)
FNF:14
FNH:12
FNDA:11,(anonymous_0)
FNDA:10,(anonymous_1)
FNDA:2,(anonymous_2)
FNDA:2,(anonymous_3)
FNDA:1,(anonymous_4)
FNDA:1,(anonymous_5)
FNDA:2,(anonymous_6)
FNDA:2,(anonymous_7)
FNDA:1,(anonymous_8)
FNDA:2,(anonymous_9)
FNDA:1,(anonymous_10)
FNDA:1,(anonymous_11)
FNDA:0,(anonymous_12)
FNDA:0,(anonymous_13)
DA:6,1
DA:7,11
DA:13,11
DA:15,10
DA:20,11
DA:21,2
DA:28,11
DA:29,1
DA:35,11
DA:36,2
DA:42,11
DA:43,1
DA:50,11
DA:63,1
DA:64,2
DA:66,1
DA:71,1
DA:72,1
DA:73,0
DA:75,0
DA:76,0
DA:77,0
DA:78,0
DA:79,0
DA:80,0
LF:25
LH:18
BRF:0
BRH:0
end_of_record
TN:
SF:src/features/document-tracker/pages/DocumentDetailsPage.tsx
FN:6,DocumentDetailsPage
FN:15,(anonymous_1)
FN:34,(anonymous_2)
FN:48,(anonymous_3)
FN:70,(anonymous_4)
FN:108,(anonymous_5)
FNF:6
FNH:4
FNDA:9,DocumentDetailsPage
FNDA:0,(anonymous_1)
FNDA:0,(anonymous_2)
FNDA:1,(anonymous_3)
FNDA:1,(anonymous_4)
FNDA:20,(anonymous_5)
DA:7,9
DA:8,9
DA:9,9
DA:11,9
DA:12,1
DA:15,0
DA:30,8
DA:31,2
DA:34,0
DA:48,1
DA:60,6
DA:67,6
DA:70,1
DA:110,20
DA:118,20
LF:15
LH:13
BRDA:11,0,0,1
BRDA:11,0,1,8
BRDA:30,1,0,2
BRDA:30,1,1,6
BRDA:30,2,0,8
BRDA:30,2,1,6
BRDA:101,3,0,6
BRDA:101,3,1,6
BRDA:101,3,2,5
BRDA:106,4,0,5
BRDA:106,4,1,1
BRDA:106,5,0,6
BRDA:106,5,1,6
BRDA:110,6,0,5
BRDA:110,6,1,15
BRDA:112,7,0,5
BRDA:112,7,1,10
BRDA:114,8,0,5
BRDA:114,8,1,5
BRF:19
BRH:19
end_of_record
TN:
SF:src/features/document-tracker/pages/DocumentTrackerPage.tsx
FN:8,DocumentTrackerPage
FN:25,(anonymous_1)
FN:29,(anonymous_2)
FN:41,(anonymous_3)
FNF:4
FNH:4
FNDA:6,DocumentTrackerPage
FNDA:2,(anonymous_1)
FNDA:1,(anonymous_2)
FNDA:1,(anonymous_3)
DA:9,6
DA:10,6
DA:21,6
DA:23,6
DA:25,6
DA:26,2
DA:29,6
DA:30,1
DA:33,6
DA:34,2
DA:41,1
DA:49,4
LF:12
LH:12
BRDA:33,0,0,2
BRDA:33,0,1,4
BRDA:39,1,0,2
BRDA:39,1,1,2
BRF:4
BRH:4
end_of_record
TN:
SF:src/features/document-tracker/schemas/filterSchema.ts
FN:8,(anonymous_0)
FN:16,(anonymous_1)
FN:23,(anonymous_2)
FN:27,(anonymous_3)
FN:51,(anonymous_4)
FNF:5
FNH:5
FNDA:11,(anonymous_0)
FNDA:11,(anonymous_1)
FNDA:11,(anonymous_2)
FNDA:11,(anonymous_3)
FNDA:12,(anonymous_4)
DA:3,3
DA:8,11
DA:16,11
DA:23,11
DA:28,11
DA:29,3
DA:31,8
DA:42,3
DA:52,12
DA:53,2
DA:55,10
LF:11
LH:11
BRDA:8,0,0,11
BRDA:8,0,1,2
BRDA:16,1,0,11
BRDA:16,1,1,5
BRDA:23,2,0,11
BRDA:23,2,1,4
BRDA:28,3,0,3
BRDA:28,3,1,8
BRDA:28,4,0,11
BRDA:28,4,1,5
BRDA:52,5,0,2
BRDA:52,5,1,10
BRDA:52,6,0,12
BRDA:52,6,1,2
BRF:14
BRH:14
end_of_record
TN:
SF:src/features/document-tracker/store/documentTrackerStore.ts
FN:21,(anonymous_0)
FN:24,(anonymous_1)
FN:25,(anonymous_2)
FN:26,(anonymous_3)
FN:30,(anonymous_4)
FNF:5
FNH:5
FNDA:1,(anonymous_0)
FNDA:4,(anonymous_1)
FNDA:1,(anonymous_2)
FNDA:3,(anonymous_3)
FNDA:14,(anonymous_4)
DA:19,1
DA:21,1
DA:24,4
DA:25,1
DA:26,3
DA:30,14
LF:6
LH:6
BRF:0
BRH:0
end_of_record
TN:
SF:src/hooks/useAuth.ts
FN:12,useAuth
FN:15,(anonymous_1)
FN:22,(anonymous_2)
FN:44,(anonymous_3)
FNF:4
FNH:4
FNDA:11,useAuth
FNDA:6,(anonymous_1)
FNDA:3,(anonymous_2)
FNDA:1,(anonymous_3)
DA:13,11
DA:14,11
DA:15,11
DA:16,6
DA:17,6
DA:18,2
DA:19,2
DA:22,11
DA:23,3
DA:24,3
DA:31,3
DA:32,1
DA:34,2
DA:35,2
DA:36,2
DA:37,2
DA:38,2
DA:40,1
DA:41,1
DA:44,11
DA:45,1
DA:46,1
DA:47,1
DA:48,1
DA:50,11
LF:25
LH:25
BRDA:17,0,0,2
BRDA:17,0,1,4
BRDA:31,1,0,1
BRDA:31,1,1,2
BRF:4
BRH:4
end_of_record
TN:
SF:src/hooks/useDebounce.ts
FN:3,useDebounce
FN:5,(anonymous_1)
FN:6,(anonymous_2)
FN:9,(anonymous_3)
FNF:4
FNH:4
FNDA:13,useDebounce
FNDA:10,(anonymous_1)
FNDA:3,(anonymous_2)
FNDA:10,(anonymous_3)
DA:4,13
DA:5,13
DA:6,10
DA:7,3
DA:9,10
DA:10,10
DA:13,13
LF:7
LH:7
BRF:0
BRH:0
end_of_record
TN:
SF:src/hooks/useLocalStorage.ts
FN:3,useLocalStorage
FN:4,(anonymous_1)
FN:13,(anonymous_2)
FNF:3
FNH:3
FNDA:9,useLocalStorage
FNDA:6,(anonymous_1)
FNDA:3,(anonymous_2)
DA:4,9
DA:5,6
DA:6,6
DA:7,6
DA:9,1
DA:10,1
DA:13,9
DA:14,3
DA:15,3
DA:16,3
DA:17,3
DA:19,0
DA:22,9
LF:13
LH:12
BRDA:7,0,0,2
BRDA:7,0,1,4
BRDA:15,1,0,0
BRDA:15,1,1,3
BRF:4
BRH:3
end_of_record
TN:
SF:src/hooks/usePagination.ts
FN:14,usePagination
FN:20,(anonymous_1)
FN:23,(anonymous_2)
FN:30,(anonymous_3)
FNF:4
FNH:4
FNDA:11,usePagination
FNDA:10,(anonymous_1)
FNDA:10,(anonymous_2)
FNDA:3,(anonymous_3)
DA:19,11
DA:20,11
DA:21,10
DA:23,11
DA:24,10
DA:25,10
DA:26,50
DA:28,10
DA:30,11
DA:31,3
DA:32,1
DA:35,11
LF:12
LH:12
BRDA:17,0,0,10
BRDA:31,1,0,1
BRDA:31,1,1,2
BRDA:31,2,0,3
BRDA:31,2,1,2
BRF:5
BRH:5
end_of_record
TN:
SF:src/hooks/usePermissions.ts
FN:10,usePermissions
FN:12,(anonymous_1)
FN:14,(anonymous_2)
FN:28,(anonymous_3)
FNF:4
FNH:4
FNDA:8,usePermissions
FNDA:5,(anonymous_1)
FNDA:5,(anonymous_2)
FNDA:3,(anonymous_3)
DA:11,8
DA:12,8
DA:14,5
DA:15,5
DA:17,5
DA:18,4
DA:19,4
DA:22,1
DA:25,5
DA:28,8
DA:29,3
DA:31,8
LF:12
LH:12
BRF:0
BRH:0
end_of_record
TN:
SF:src/lib/api/client.ts
FN:44,(anonymous_0)
FN:55,(anonymous_1)
FN:60,(anonymous_2)
FN:61,(anonymous_3)
FNF:4
FNH:3
FNDA:18,(anonymous_0)
FNDA:0,(anonymous_1)
FNDA:15,(anonymous_2)
FNDA:3,(anonymous_3)
DA:32,3
DA:34,3
DA:43,3
DA:45,18
DA:46,18
DA:47,1
DA:51,18
DA:53,18
DA:55,0
DA:59,3
DA:60,15
DA:62,3
DA:64,1
DA:67,3
DA:69,1
DA:72,3
LF:16
LH:15
BRDA:32,0,0,3
BRDA:32,0,1,0
BRDA:46,1,0,1
BRDA:46,1,1,17
BRDA:62,2,0,1
BRDA:62,2,1,2
BRDA:67,3,0,1
BRDA:67,3,1,2
BRDA:72,4,0,3
BRDA:72,4,1,0
BRF:10
BRH:8
end_of_record
TN:
SF:src/lib/utils/cn.ts
FN:8,cn
FNF:1
FNH:1
FNDA:8,cn
DA:9,8
LF:1
LH:1
BRF:0
BRH:0
end_of_record
TN:
SF:src/lib/utils/formatters.ts
FN:1,(anonymous_0)
FN:10,(anonymous_1)
FN:21,(anonymous_2)
FN:30,(anonymous_3)
FN:34,(anonymous_4)
FN:38,(anonymous_5)
FN:54,(anonymous_6)
FNF:7
FNH:7
FNDA:9,(anonymous_0)
FNDA:35,(anonymous_1)
FNDA:2,(anonymous_2)
FNDA:6,(anonymous_3)
FNDA:4,(anonymous_4)
FNDA:11,(anonymous_5)
FNDA:5,(anonymous_6)
DA:1,4
DA:2,9
DA:10,4
DA:11,35
DA:12,35
DA:21,4
DA:22,2
DA:23,2
DA:30,4
DA:31,6
DA:34,4
DA:35,4
DA:38,4
DA:39,11
DA:51,11
DA:54,4
DA:55,5
DA:61,5
LF:18
LH:18
BRDA:51,0,0,11
BRDA:51,0,1,1
BRDA:61,1,0,5
BRDA:61,1,1,1
BRF:4
BRH:4
end_of_record
